#
# A fatal error has been detected by the Java Runtime Environment:
#
#  SIGSEGV (0xb) at pc=0x00007f37da8e5e57, pid=6364, tid=6383
#
# JRE version: Java(TM) SE Runtime Environment (9.0+11) (build 9.0.4+11)
# Java VM: Java HotSpot(TM) 64-Bit Server VM (9.0.4+11, mixed mode, tiered, compressed oops, g1 gc, linux-amd64)
# Problematic frame:
# V  [libjvm.so+0x9a3e57]  JvmtiBreakpoint::each_method_version_do(void (Method::*)(int)) [clone .constprop.38]+0x97
#
# Core dump will be written. Default location: Core dumps may be processed with "/usr/share/apport/apport %p %s %c %P" (or dumping to /home/noah/DSA-18/trees/day02/core.6364)
#
# If you would like to submit a bug report, please visit:
#   http://bugreport.java.com/bugreport/crash.jsp
#

---------------  S U M M A R Y ------------

Command Line: -agentlib:jdwp=transport=dt_socket,address=127.0.0.1:45039,suspend=y,server=n -ea -Didea.test.cyclic.buffer.size=1048576 -javaagent:/opt/intellij-idea-community/lib/rt/debugger-agent.jar=/tmp/capture.props -Dfile.encoding=UTF-8 com.intellij.rt.execution.junit.JUnitStarter -ideVersion5 -junit5 RedBlackTreeTest

Host: Intel(R) Core(TM) i7-6600U CPU @ 2.60GHz, 4 cores, 7G, Ubuntu 14.04.5 LTS
Time: Sun Mar 11 11:34:55 2018 EDT elapsed time: 2503 seconds (0d 0h 41m 43s)

---------------  T H R E A D  ---------------

Current thread (0x00007f37d4157000):  VMThread "VM Thread" [stack: 0x00007f378cfb2000,0x00007f378d0b2000] [id=6383]

Stack: [0x00007f378cfb2000,0x00007f378d0b2000],  sp=0x00007f378d0b0b00,  free space=1018k
Native frames: (J=compiled Java code, A=aot compiled Java code, j=interpreted, Vv=VM code, C=native code)
V  [libjvm.so+0x9a3e57]  JvmtiBreakpoint::each_method_version_do(void (Method::*)(int)) [clone .constprop.38]+0x97
V  [libjvm.so+0x9a7271]  VM_ChangeBreakpoints::doit()+0x1e1
V  [libjvm.so+0xd5d4f9]  VM_Operation::evaluate()+0x59
V  [libjvm.so+0xd5b243]  VMThread::evaluate_operation(VM_Operation*)+0xc3
V  [libjvm.so+0xd5b7b0]  VMThread::loop()+0x210
V  [libjvm.so+0xd5bcc2]  VMThread::run()+0x72
V  [libjvm.so+0xb6e132]  thread_native_entry(Thread*)+0xf2


siginfo: si_signo: 11 (SIGSEGV), si_code: 128 (SI_KERNEL), si_addr: 0x0000000000000000

Register to memory mapping:

RAX=0x0000000000000007 is an unknown value
RBX=0x00007f37d43a63a0 is an unknown value
RCX=0x00007f378d8a67d8 is pointing into metadata
RDX=0x00ca7f378d8a6e40 is an unknown value
RSP=0x00007f378d0b0b00 is an unknown value
RBP=0x00007f378d0b0b60 is an unknown value
RSI=0x00007f378d8a63a8 is pointing into metadata
RDI=0x000000000000002f is an unknown value
R8 ={method} {0x00007f375fbb5ce0} 'balance' '(LTreeNode;)LTreeNode;' in 'RedBlackTree'
R9 =0x0000000000000000 is an unknown value
R10=0x0000000022a65984 is an unknown value
R11=0x0000000000000001 is an unknown value
R12=0x0000000000000020 is an unknown value
R13=0x0000000100111a70 is pointing into metadata
R14=0x00007f37d4404c70 is an unknown value
R15={method} {0x00007f378d8a6ef0} 
[error occurred during error reporting (printing register info), id 0xb]

Registers:
RAX=0x0000000000000007, RBX=0x00007f37d43a63a0, RCX=0x00007f378d8a67d8, RDX=0x00ca7f378d8a6e40
RSP=0x00007f378d0b0b00, RBP=0x00007f378d0b0b60, RSI=0x00007f378d8a63a8, RDI=0x000000000000002f
R8 =0x00007f375fbb5ce0, R9 =0x0000000000000000, R10=0x0000000022a65984, R11=0x0000000000000001
R12=0x0000000000000020, R13=0x0000000100111a70, R14=0x00007f37d4404c70, R15=0x00007f378d8a6ef0
RIP=0x00007f37da8e5e57, EFLAGS=0x0000000000010202, CSGSFS=0x0000000000000033, ERR=0x0000000000000000
  TRAPNO=0x000000000000000d

Top of Stack: (sp=0x00007f378d0b0b00)
0x00007f378d0b0b00:   0000000000000000 0000000000000000
0x00007f378d0b0b10:   0000000000000000 00007f378c17ba30
0x00007f378d0b0b20:   0000000000000000 00007f37d43a63a0
0x00007f378d0b0b30:   00007f378d0b0b80 0000000000000004 

Instructions: (pc=0x00007f37da8e5e57)
0x00007f37da8e5e37:   00 83 e8 01 83 f8 ff 0f 84 ee 00 00 00 48 63 d0
0x00007f37da8e5e47:   4c 8b 7c d1 08 41 f6 47 2a 20 74 e5 49 8b 57 08
0x00007f37da8e5e57:   0f b7 7a 2a 48 8b 72 08 4c 3b 74 fe 48 75 d2 0f
0x00007f37da8e5e67:   b7 52 2c 48 8b 5d c8 48 3b 5c d6 48 75 c3 66 48 

VM_Operation (0x00007f378c17b980): ChangeBreakpoints, mode: safepoint, requested by thread 0x00007f37d4276000


---------------  P R O C E S S  ---------------

Java Threads: ( => current thread )
  0x00007f37d42f6800 JavaThread "Service Thread" daemon [_thread_blocked, id=6399, stack(0x00007f375fcfd000,0x00007f375fdfe000)]
  0x00007f3758001000 JavaThread "JDWP Command Reader" daemon [_thread_in_native, id=6398, stack(0x00007f375fdfe000,0x00007f375feff000)]
  0x00007f37d427a000 JavaThread "JDWP Event Helper Thread" daemon [_thread_blocked, id=6396, stack(0x00007f375feff000,0x00007f3760000000)]
  0x00007f37d4276000 JavaThread "JDWP Transport Listener: dt_socket" daemon [_thread_blocked, id=6394, stack(0x00007f378c07c000,0x00007f378c17d000)]
  0x00007f37d41c7000 JavaThread "Common-Cleaner" daemon [_thread_blocked, id=6393, stack(0x00007f378c381000,0x00007f378c482000)]
  0x00007f37d418a800 JavaThread "Sweeper thread" daemon [_thread_blocked, id=6392, stack(0x00007f378c8aa000,0x00007f378c9ab000)]
  0x00007f37d4188800 JavaThread "C1 CompilerThread2" daemon [_thread_blocked, id=6391, stack(0x00007f378c9ab000,0x00007f378caac000)]
  0x00007f37d4186800 JavaThread "C2 CompilerThread1" daemon [_thread_blocked, id=6390, stack(0x00007f378caac000,0x00007f378cbad000)]
  0x00007f37d4184800 JavaThread "C2 CompilerThread0" daemon [_thread_blocked, id=6389, stack(0x00007f378cbad000,0x00007f378ccae000)]
  0x00007f37d4183000 JavaThread "Signal Dispatcher" daemon [_thread_blocked, id=6388, stack(0x00007f378ccae000,0x00007f378cdaf000)]
  0x00007f37d4169000 JavaThread "Finalizer" daemon [_thread_blocked, id=6385, stack(0x00007f378cdaf000,0x00007f378ceb0000)]
  0x00007f37d4160800 JavaThread "Reference Handler" daemon [_thread_blocked, id=6384, stack(0x00007f378ceb0000,0x00007f378cfb1000)]
  0x00007f37d4015800 JavaThread "main" [_thread_blocked, id=6371, stack(0x00007f37dbfdb000,0x00007f37dc0db000)]

Other Threads:
=>0x00007f37d4157000 VMThread "VM Thread" [stack: 0x00007f378cfb2000,0x00007f378d0b2000] [id=6383]
  0x00007f37d42fa800 WatcherThread [stack: 0x00007f375fbfd000,0x00007f375fcfd000] [id=6400]
  0x00007f37d402d800 GCTaskThread "GC Thread#0" [stack: 0x00007f37b9640000,0x00007f37b9740000] [id=6372]
  0x00007f37d402f000 GCTaskThread "GC Thread#1" [stack: 0x00007f37b953f000,0x00007f37b963f000] [id=6373]
  0x00007f37d4030800 GCTaskThread "GC Thread#2" [stack: 0x00007f37b943e000,0x00007f37b953e000] [id=6374]
  0x00007f37d4032000 GCTaskThread "GC Thread#3" [stack: 0x00007f37b933d000,0x00007f37b943d000] [id=6375]
  0x00007f37d4060000 ConcurrentGCThread "G1 Main Marker" [stack: 0x00007f37b81b9000,0x00007f37b82b9000] [id=6381]
  0x00007f37d4061800 ConcurrentGCThread "G1 Marker#0" [stack: 0x00007f37b80b8000,0x00007f37b81b8000] [id=6382]
  0x00007f37d4039800 ConcurrentGCThread "G1 Refine#0" [stack: 0x00007f37b8b35000,0x00007f37b8c35000] [id=6379]
  0x00007f37d4038000 ConcurrentGCThread "G1 Refine#1" [stack: 0x00007f37b8c36000,0x00007f37b8d36000] [id=6378]
  0x00007f37d4036000 ConcurrentGCThread "G1 Refine#2" [stack: 0x00007f37b8d37000,0x00007f37b8e37000] [id=6377]
  0x00007f37d4034000 ConcurrentGCThread "G1 Refine#3" [stack: 0x00007f37b8e38000,0x00007f37b8f38000] [id=6376]
  0x00007f37d403b800 ConcurrentGCThread "G1 Young RemSet Sampling" [stack: 0x00007f37b8a34000,0x00007f37b8b34000] [id=6380]

Threads with active compile tasks:

VM state:at safepoint (normal execution)

VM Mutex/Monitor currently owned by a thread:  ([mutex/lock_event])
[0x00007f37d4011ce0] Threads_lock - owner thread: 0x00007f37d4157000

Heap address: 0x0000000088600000, size: 1914 MB, Compressed Oops mode: 32-bit
Narrow klass base: 0x0000000000000000, Narrow klass shift: 3
Compressed class space size: 1073741824 Address: 0x0000000100000000

Heap:
 garbage-first heap   total 122880K, used 3719K [0x0000000088600000, 0x00000000887003c0, 0x0000000100000000)
  region size 1024K, 4 young (4096K), 2 survivors (2048K)
 Metaspace       used 10387K, capacity 11120K, committed 11136K, reserved 1058816K
  class space    used 1029K, capacity 1146K, committed 1152K, reserved 1048576K
Heap Regions: E=young(eden), S=young(survivor), O=old, HS=humongous(starts), HC=humongous(continues), CS=collection set, F=free, A=archive, TS=gc time stamp, AC=allocation context, TAMS=top-at-mark-start (previous, next)
|   0|0x0000000088600000, 0x00000000886a1c00, 0x0000000088700000| 63%| O|  |TS  1|AC  0|TAMS 0x0000000088600000, 0x0000000088600000|
|   1|0x0000000088700000, 0x0000000088700000, 0x0000000088800000|  0%| F|  |TS  0|AC  0|TAMS 0x0000000088700000, 0x0000000088700000|
|   2|0x0000000088800000, 0x0000000088800000, 0x0000000088900000|  0%| F|  |TS  0|AC  0|TAMS 0x0000000088800000, 0x0000000088800000|
|   3|0x0000000088900000, 0x0000000088900000, 0x0000000088a00000|  0%| F|  |TS  0|AC  0|TAMS 0x0000000088900000, 0x0000000088900000|
|   4|0x0000000088a00000, 0x0000000088a00000, 0x0000000088b00000|  0%| F|  |TS  0|AC  0|TAMS 0x0000000088a00000, 0x0000000088a00000|
|   5|0x0000000088b00000, 0x0000000088b00000, 0x0000000088c00000|  0%| F|  |TS  0|AC  0|TAMS 0x0000000088b00000, 0x0000000088b00000|
|   6|0x0000000088c00000, 0x0000000088c00000, 0x0000000088d00000|  0%| F|  |TS  0|AC  0|TAMS 0x0000000088c00000, 0x0000000088c00000|
|   7|0x0000000088d00000, 0x0000000088d00000, 0x0000000088e00000|  0%| F|  |TS  0|AC  0|TAMS 0x0000000088d00000, 0x0000000088d00000|
|   8|0x0000000088e00000, 0x0000000088e00000, 0x0000000088f00000|  0%| F|  |TS  0|AC  0|TAMS 0x0000000088e00000, 0x0000000088e00000|
|   9|0x0000000088f00000, 0x0000000088f00000, 0x0000000089000000|  0%| F|  |TS  0|AC  0|TAMS 0x0000000088f00000, 0x0000000088f00000|
|  10|0x0000000089000000, 0x0000000089000000, 0x0000000089100000|  0%| F|  |TS  0|AC  0|TAMS 0x0000000089000000, 0x0000000089000000|
|  11|0x0000000089100000, 0x0000000089100000, 0x0000000089200000|  0%| F|  |TS  0|AC  0|TAMS 0x0000000089100000, 0x0000000089100000|
|  12|0x0000000089200000, 0x0000000089200000, 0x0000000089300000|  0%| F|  |TS  0|AC  0|TAMS 0x0000000089200000, 0x0000000089200000|
|  13|0x0000000089300000, 0x0000000089300000, 0x0000000089400000|  0%| F|  |TS  0|AC  0|TAMS 0x0000000089300000, 0x0000000089300000|
|  14|0x0000000089400000, 0x0000000089400000, 0x0000000089500000|  0%| F|  |TS  0|AC  0|TAMS 0x0000000089400000, 0x0000000089400000|
|  15|0x0000000089500000, 0x0000000089500000, 0x0000000089600000|  0%| F|  |TS  0|AC  0|TAMS 0x0000000089500000, 0x0000000089500000|
|  16|0x0000000089600000, 0x0000000089600000, 0x0000000089700000|  0%| F|  |TS  0|AC  0|TAMS 0x0000000089600000, 0x0000000089600000|
|  17|0x0000000089700000, 0x0000000089700000, 0x0000000089800000|  0%| F|  |TS  0|AC  0|TAMS 0x0000000089700000, 0x0000000089700000|
|  18|0x0000000089800000, 0x0000000089800000, 0x0000000089900000|  0%| F|  |TS  0|AC  0|TAMS 0x0000000089800000, 0x0000000089800000|
|  19|0x0000000089900000, 0x0000000089900000, 0x0000000089a00000|  0%| F|  |TS  0|AC  0|TAMS 0x0000000089900000, 0x0000000089900000|
|  20|0x0000000089a00000, 0x0000000089a00000, 0x0000000089b00000|  0%| F|  |TS  0|AC  0|TAMS 0x0000000089a00000, 0x0000000089a00000|
|  21|0x0000000089b00000, 0x0000000089b00000, 0x0000000089c00000|  0%| F|  |TS  0|AC  0|TAMS 0x0000000089b00000, 0x0000000089b00000|
|  22|0x0000000089c00000, 0x0000000089c00000, 0x0000000089d00000|  0%| F|  |TS  0|AC  0|TAMS 0x0000000089c00000, 0x0000000089c00000|
|  23|0x0000000089d00000, 0x0000000089d00000, 0x0000000089e00000|  0%| F|  |TS  0|AC  0|TAMS 0x0000000089d00000, 0x0000000089d00000|
|  24|0x0000000089e00000, 0x0000000089e00000, 0x0000000089f00000|  0%| F|  |TS  0|AC  0|TAMS 0x0000000089e00000, 0x0000000089e00000|
|  25|0x0000000089f00000, 0x0000000089f00000, 0x000000008a000000|  0%| F|  |TS  0|AC  0|TAMS 0x0000000089f00000, 0x0000000089f00000|
|  26|0x000000008a000000, 0x000000008a000000, 0x000000008a100000|  0%| F|  |TS  0|AC  0|TAMS 0x000000008a000000, 0x000000008a000000|
|  27|0x000000008a100000, 0x000000008a100000, 0x000000008a200000|  0%| F|  |TS  0|AC  0|TAMS 0x000000008a100000, 0x000000008a100000|
|  28|0x000000008a200000, 0x000000008a200000, 0x000000008a300000|  0%| F|  |TS  0|AC  0|TAMS 0x000000008a200000, 0x000000008a200000|
|  29|0x000000008a300000, 0x000000008a300000, 0x000000008a400000|  0%| F|  |TS  0|AC  0|TAMS 0x000000008a300000, 0x000000008a300000|
|  30|0x000000008a400000, 0x000000008a400000, 0x000000008a500000|  0%| F|  |TS  0|AC  0|TAMS 0x000000008a400000, 0x000000008a400000|
|  31|0x000000008a500000, 0x000000008a500000, 0x000000008a600000|  0%| F|  |TS  0|AC  0|TAMS 0x000000008a500000, 0x000000008a500000|
|  32|0x000000008a600000, 0x000000008a600000, 0x000000008a700000|  0%| F|  |TS  0|AC  0|TAMS 0x000000008a600000, 0x000000008a600000|
|  33|0x000000008a700000, 0x000000008a700000, 0x000000008a800000|  0%| F|  |TS  0|AC  0|TAMS 0x000000008a700000, 0x000000008a700000|
|  34|0x000000008a800000, 0x000000008a800000, 0x000000008a900000|  0%| F|  |TS  0|AC  0|TAMS 0x000000008a800000, 0x000000008a800000|
|  35|0x000000008a900000, 0x000000008a900000, 0x000000008aa00000|  0%| F|  |TS  0|AC  0|TAMS 0x000000008a900000, 0x000000008a900000|
|  36|0x000000008aa00000, 0x000000008aa00000, 0x000000008ab00000|  0%| F|  |TS  0|AC  0|TAMS 0x000000008aa00000, 0x000000008aa00000|
|  37|0x000000008ab00000, 0x000000008ab00000, 0x000000008ac00000|  0%| F|  |TS  0|AC  0|TAMS 0x000000008ab00000, 0x000000008ab00000|
|  38|0x000000008ac00000, 0x000000008ac00000, 0x000000008ad00000|  0%| F|  |TS  0|AC  0|TAMS 0x000000008ac00000, 0x000000008ac00000|
|  39|0x000000008ad00000, 0x000000008ad00000, 0x000000008ae00000|  0%| F|  |TS  0|AC  0|TAMS 0x000000008ad00000, 0x000000008ad00000|
|  40|0x000000008ae00000, 0x000000008ae00000, 0x000000008af00000|  0%| F|  |TS  0|AC  0|TAMS 0x000000008ae00000, 0x000000008ae00000|
|  41|0x000000008af00000, 0x000000008af00000, 0x000000008b000000|  0%| F|  |TS  0|AC  0|TAMS 0x000000008af00000, 0x000000008af00000|
|  42|0x000000008b000000, 0x000000008b000000, 0x000000008b100000|  0%| F|  |TS  0|AC  0|TAMS 0x000000008b000000, 0x000000008b000000|
|  43|0x000000008b100000, 0x000000008b100000, 0x000000008b200000|  0%| F|  |TS  0|AC  0|TAMS 0x000000008b100000, 0x000000008b100000|
|  44|0x000000008b200000, 0x000000008b200000, 0x000000008b300000|  0%| F|  |TS  0|AC  0|TAMS 0x000000008b200000, 0x000000008b200000|
|  45|0x000000008b300000, 0x000000008b300000, 0x000000008b400000|  0%| F|  |TS  0|AC  0|TAMS 0x000000008b300000, 0x000000008b300000|
|  46|0x000000008b400000, 0x000000008b400000, 0x000000008b500000|  0%| F|  |TS  0|AC  0|TAMS 0x000000008b400000, 0x000000008b400000|
|  47|0x000000008b500000, 0x000000008b500000, 0x000000008b600000|  0%| F|  |TS  0|AC  0|TAMS 0x000000008b500000, 0x000000008b500000|
|  48|0x000000008b600000, 0x000000008b600000, 0x000000008b700000|  0%| F|  |TS  0|AC  0|TAMS 0x000000008b600000, 0x000000008b600000|
|  49|0x000000008b700000, 0x000000008b700000, 0x000000008b800000|  0%| F|  |TS  0|AC  0|TAMS 0x000000008b700000, 0x000000008b700000|
|  50|0x000000008b800000, 0x000000008b800000, 0x000000008b900000|  0%| F|  |TS  0|AC  0|TAMS 0x000000008b800000, 0x000000008b800000|
|  51|0x000000008b900000, 0x000000008b900000, 0x000000008ba00000|  0%| F|  |TS  0|AC  0|TAMS 0x000000008b900000, 0x000000008b900000|
|  52|0x000000008ba00000, 0x000000008ba00000, 0x000000008bb00000|  0%| F|  |TS  0|AC  0|TAMS 0x000000008ba00000, 0x000000008ba00000|
|  53|0x000000008bb00000, 0x000000008bb00000, 0x000000008bc00000|  0%| F|  |TS  0|AC  0|TAMS 0x000000008bb00000, 0x000000008bb00000|
|  54|0x000000008bc00000, 0x000000008bc00000, 0x000000008bd00000|  0%| F|  |TS  0|AC  0|TAMS 0x000000008bc00000, 0x000000008bc00000|
|  55|0x000000008bd00000, 0x000000008bd00000, 0x000000008be00000|  0%| F|  |TS  0|AC  0|TAMS 0x000000008bd00000, 0x000000008bd00000|
|  56|0x000000008be00000, 0x000000008be00000, 0x000000008bf00000|  0%| F|  |TS  0|AC  0|TAMS 0x000000008be00000, 0x000000008be00000|
|  57|0x000000008bf00000, 0x000000008bf00000, 0x000000008c000000|  0%| F|  |TS  0|AC  0|TAMS 0x000000008bf00000, 0x000000008bf00000|
|  58|0x000000008c000000, 0x000000008c000000, 0x000000008c100000|  0%| F|  |TS  0|AC  0|TAMS 0x000000008c000000, 0x000000008c000000|
|  59|0x000000008c100000, 0x000000008c100000, 0x000000008c200000|  0%| F|  |TS  0|AC  0|TAMS 0x000000008c100000, 0x000000008c100000|
|  60|0x000000008c200000, 0x000000008c200000, 0x000000008c300000|  0%| F|  |TS  0|AC  0|TAMS 0x000000008c200000, 0x000000008c200000|
|  61|0x000000008c300000, 0x000000008c300000, 0x000000008c400000|  0%| F|  |TS  0|AC  0|TAMS 0x000000008c300000, 0x000000008c300000|
|  62|0x000000008c400000, 0x000000008c400000, 0x000000008c500000|  0%| F|  |TS  0|AC  0|TAMS 0x000000008c400000, 0x000000008c400000|
|  63|0x000000008c500000, 0x000000008c500000, 0x000000008c600000|  0%| F|  |TS  0|AC  0|TAMS 0x000000008c500000, 0x000000008c500000|
|  64|0x000000008c600000, 0x000000008c600000, 0x000000008c700000|  0%| F|  |TS  0|AC  0|TAMS 0x000000008c600000, 0x000000008c600000|
|  65|0x000000008c700000, 0x000000008c700000, 0x000000008c800000|  0%| F|  |TS  0|AC  0|TAMS 0x000000008c700000, 0x000000008c700000|
|  66|0x000000008c800000, 0x000000008c800000, 0x000000008c900000|  0%| F|  |TS  0|AC  0|TAMS 0x000000008c800000, 0x000000008c800000|
|  67|0x000000008c900000, 0x000000008c900000, 0x000000008ca00000|  0%| F|  |TS  0|AC  0|TAMS 0x000000008c900000, 0x000000008c900000|
|  68|0x000000008ca00000, 0x000000008ca00000, 0x000000008cb00000|  0%| F|  |TS  0|AC  0|TAMS 0x000000008ca00000, 0x000000008ca00000|
|  69|0x000000008cb00000, 0x000000008cb00000, 0x000000008cc00000|  0%| F|  |TS  0|AC  0|TAMS 0x000000008cb00000, 0x000000008cb00000|
|  70|0x000000008cc00000, 0x000000008cc00000, 0x000000008cd00000|  0%| F|  |TS  0|AC  0|TAMS 0x000000008cc00000, 0x000000008cc00000|
|  71|0x000000008cd00000, 0x000000008cd00000, 0x000000008ce00000|  0%| F|  |TS  0|AC  0|TAMS 0x000000008cd00000, 0x000000008cd00000|
|  72|0x000000008ce00000, 0x000000008ce00000, 0x000000008cf00000|  0%| F|  |TS  0|AC  0|TAMS 0x000000008ce00000, 0x000000008ce00000|
|  73|0x000000008cf00000, 0x000000008cf00000, 0x000000008d000000|  0%| F|  |TS  0|AC  0|TAMS 0x000000008cf00000, 0x000000008cf00000|
|  74|0x000000008d000000, 0x000000008d000000, 0x000000008d100000|  0%| F|  |TS  0|AC  0|TAMS 0x000000008d000000, 0x000000008d000000|
|  75|0x000000008d100000, 0x000000008d100000, 0x000000008d200000|  0%| F|  |TS  0|AC  0|TAMS 0x000000008d100000, 0x000000008d100000|
|  76|0x000000008d200000, 0x000000008d200000, 0x000000008d300000|  0%| F|  |TS  0|AC  0|TAMS 0x000000008d200000, 0x000000008d200000|
|  77|0x000000008d300000, 0x000000008d300000, 0x000000008d400000|  0%| F|  |TS  0|AC  0|TAMS 0x000000008d300000, 0x000000008d300000|
|  78|0x000000008d400000, 0x000000008d400000, 0x000000008d500000|  0%| F|  |TS  0|AC  0|TAMS 0x000000008d400000, 0x000000008d400000|
|  79|0x000000008d500000, 0x000000008d500000, 0x000000008d600000|  0%| F|  |TS  0|AC  0|TAMS 0x000000008d500000, 0x000000008d500000|
|  80|0x000000008d600000, 0x000000008d600000, 0x000000008d700000|  0%| F|  |TS  0|AC  0|TAMS 0x000000008d600000, 0x000000008d600000|
|  81|0x000000008d700000, 0x000000008d700000, 0x000000008d800000|  0%| F|  |TS  0|AC  0|TAMS 0x000000008d700000, 0x000000008d700000|
|  82|0x000000008d800000, 0x000000008d800000, 0x000000008d900000|  0%| F|  |TS  0|AC  0|TAMS 0x000000008d800000, 0x000000008d800000|
|  83|0x000000008d900000, 0x000000008d900000, 0x000000008da00000|  0%| F|  |TS  0|AC  0|TAMS 0x000000008d900000, 0x000000008d900000|
|  84|0x000000008da00000, 0x000000008da00000, 0x000000008db00000|  0%| F|  |TS  0|AC  0|TAMS 0x000000008da00000, 0x000000008da00000|
|  85|0x000000008db00000, 0x000000008db00000, 0x000000008dc00000|  0%| F|  |TS  0|AC  0|TAMS 0x000000008db00000, 0x000000008db00000|
|  86|0x000000008dc00000, 0x000000008dc00000, 0x000000008dd00000|  0%| F|  |TS  0|AC  0|TAMS 0x000000008dc00000, 0x000000008dc00000|
|  87|0x000000008dd00000, 0x000000008dd00000, 0x000000008de00000|  0%| F|  |TS  0|AC  0|TAMS 0x000000008dd00000, 0x000000008dd00000|
|  88|0x000000008de00000, 0x000000008de00000, 0x000000008df00000|  0%| F|  |TS  0|AC  0|TAMS 0x000000008de00000, 0x000000008de00000|
|  89|0x000000008df00000, 0x000000008df00000, 0x000000008e000000|  0%| F|  |TS  0|AC  0|TAMS 0x000000008df00000, 0x000000008df00000|
|  90|0x000000008e000000, 0x000000008e000000, 0x000000008e100000|  0%| F|  |TS  0|AC  0|TAMS 0x000000008e000000, 0x000000008e000000|
|  91|0x000000008e100000, 0x000000008e100000, 0x000000008e200000|  0%| F|  |TS  0|AC  0|TAMS 0x000000008e100000, 0x000000008e100000|
|  92|0x000000008e200000, 0x000000008e200000, 0x000000008e300000|  0%| F|  |TS  0|AC  0|TAMS 0x000000008e200000, 0x000000008e200000|
|  93|0x000000008e300000, 0x000000008e300000, 0x000000008e400000|  0%| F|  |TS  0|AC  0|TAMS 0x000000008e300000, 0x000000008e300000|
|  94|0x000000008e400000, 0x000000008e400000, 0x000000008e500000|  0%| F|  |TS  0|AC  0|TAMS 0x000000008e400000, 0x000000008e400000|
|  95|0x000000008e500000, 0x000000008e500000, 0x000000008e600000|  0%| F|  |TS  0|AC  0|TAMS 0x000000008e500000, 0x000000008e500000|
|  96|0x000000008e600000, 0x000000008e600000, 0x000000008e700000|  0%| F|  |TS  0|AC  0|TAMS 0x000000008e600000, 0x000000008e600000|
|  97|0x000000008e700000, 0x000000008e700000, 0x000000008e800000|  0%| F|  |TS  0|AC  0|TAMS 0x000000008e700000, 0x000000008e700000|
|  98|0x000000008e800000, 0x000000008e800000, 0x000000008e900000|  0%| F|  |TS  0|AC  0|TAMS 0x000000008e800000, 0x000000008e800000|
|  99|0x000000008e900000, 0x000000008e900000, 0x000000008ea00000|  0%| F|  |TS  0|AC  0|TAMS 0x000000008e900000, 0x000000008e900000|
| 100|0x000000008ea00000, 0x000000008ea00000, 0x000000008eb00000|  0%| F|  |TS  0|AC  0|TAMS 0x000000008ea00000, 0x000000008ea00000|
| 101|0x000000008eb00000, 0x000000008eb00000, 0x000000008ec00000|  0%| F|  |TS  0|AC  0|TAMS 0x000000008eb00000, 0x000000008eb00000|
| 102|0x000000008ec00000, 0x000000008ec00000, 0x000000008ed00000|  0%| F|  |TS  0|AC  0|TAMS 0x000000008ec00000, 0x000000008ec00000|
| 103|0x000000008ed00000, 0x000000008ed00000, 0x000000008ee00000|  0%| F|  |TS  0|AC  0|TAMS 0x000000008ed00000, 0x000000008ed00000|
| 104|0x000000008ee00000, 0x000000008ef00000, 0x000000008ef00000|100%| S|CS|TS  1|AC  0|TAMS 0x000000008ee00000, 0x000000008ee00000|
| 105|0x000000008ef00000, 0x000000008f000000, 0x000000008f000000|100%| S|CS|TS  1|AC  0|TAMS 0x000000008ef00000, 0x000000008ef00000|
| 106|0x000000008f000000, 0x000000008f000000, 0x000000008f100000|  0%| F|  |TS  1|AC  0|TAMS 0x000000008f000000, 0x000000008f000000|
| 107|0x000000008f100000, 0x000000008f100000, 0x000000008f200000|  0%| F|  |TS  1|AC  0|TAMS 0x000000008f100000, 0x000000008f100000|
| 108|0x000000008f200000, 0x000000008f200000, 0x000000008f300000|  0%| F|  |TS  1|AC  0|TAMS 0x000000008f200000, 0x000000008f200000|
| 109|0x000000008f300000, 0x000000008f300000, 0x000000008f400000|  0%| F|  |TS  1|AC  0|TAMS 0x000000008f300000, 0x000000008f300000|
| 110|0x000000008f400000, 0x000000008f400000, 0x000000008f500000|  0%| F|  |TS  1|AC  0|TAMS 0x000000008f400000, 0x000000008f400000|
| 111|0x000000008f500000, 0x000000008f500000, 0x000000008f600000|  0%| F|  |TS  1|AC  0|TAMS 0x000000008f500000, 0x000000008f500000|
| 112|0x000000008f600000, 0x000000008f600000, 0x000000008f700000|  0%| F|  |TS  1|AC  0|TAMS 0x000000008f600000, 0x000000008f600000|
| 113|0x000000008f700000, 0x000000008f700000, 0x000000008f800000|  0%| F|  |TS  1|AC  0|TAMS 0x000000008f700000, 0x000000008f700000|
| 114|0x000000008f800000, 0x000000008f800000, 0x000000008f900000|  0%| F|  |TS  1|AC  0|TAMS 0x000000008f800000, 0x000000008f800000|
| 115|0x000000008f900000, 0x000000008f900000, 0x000000008fa00000|  0%| F|  |TS  1|AC  0|TAMS 0x000000008f900000, 0x000000008f900000|
| 116|0x000000008fa00000, 0x000000008fa00000, 0x000000008fb00000|  0%| F|  |TS  1|AC  0|TAMS 0x000000008fa00000, 0x000000008fa00000|
| 117|0x000000008fb00000, 0x000000008fb00000, 0x000000008fc00000|  0%| F|  |TS  1|AC  0|TAMS 0x000000008fb00000, 0x000000008fb00000|
| 118|0x000000008fc00000, 0x000000008fd00000, 0x000000008fd00000|100%| E|  |TS  1|AC  0|TAMS 0x000000008fc00000, 0x000000008fc00000|
| 119|0x000000008fd00000, 0x000000008fe00000, 0x000000008fe00000|100%| E|CS|TS  1|AC  0|TAMS 0x000000008fd00000, 0x000000008fd00000|

Card table byte_map: [0x00007f3793c43000,0x00007f3794000000] byte_map_base: 0x00007f3793800000

Marking Bits (Prev, Next): (CMBitMap*) 0x00007f37d405eed0, (CMBitMap*) 0x00007f37d405ef08
 Prev Bits: [0x00007f3791a9e000, 0x00007f3793886000)
 Next Bits: [0x00007f378fcb6000, 0x00007f3791a9e000)

Polling page: 0x00007f37dc0fb000

CodeHeap 'non-profiled nmethods': size=120032Kb used=328Kb max_used=328Kb free=119704Kb
 bounds [0x00007f37c13de000, 0x00007f37c164e000, 0x00007f37c8916000]
CodeHeap 'profiled nmethods': size=120032Kb used=1764Kb max_used=1764Kb free=118267Kb
 bounds [0x00007f37b9ea6000, 0x00007f37ba116000, 0x00007f37c13de000]
CodeHeap 'non-nmethods': size=5696Kb used=1196Kb max_used=1218Kb free=4499Kb
 bounds [0x00007f37b9916000, 0x00007f37b9b86000, 0x00007f37b9ea6000]
 total_blobs=1493 nmethods=967 adapters=267
 compilation: enabled

Compilation events (10 events):
Event: 99.149 Thread 0x00007f37d4188800  971       3       java.lang.StringBuilder::append (8 bytes)
Event: 99.150 Thread 0x00007f37d4188800 nmethod 971 0x00007f37b9ea6490 code [0x00007f37b9ea6640, 0x00007f37b9ea67e8]
Event: 99.150 Thread 0x00007f37d4188800  972       3       java.lang.AbstractStringBuilder::append (55 bytes)
Event: 99.150 Thread 0x00007f37d4188800 nmethod 972 0x00007f37ba057310 code [0x00007f37ba057500, 0x00007f37ba0578f8]
Event: 99.150 Thread 0x00007f37d4188800  973       3       com.intellij.rt.execution.junit.MapSerializerUtil::escapeStr (151 bytes)
Event: 99.154 Thread 0x00007f37d4188800 nmethod 973 0x00007f37ba057a10 code [0x00007f37ba057d80, 0x00007f37ba059928]
Event: 99.154 Thread 0x00007f37d4188800  974       3       sun.nio.cs.UTF_8$Encoder::encodeArrayLoop (489 bytes)
Event: 99.159 Thread 0x00007f37d4188800 nmethod 974 0x00007f37ba05a210 code [0x00007f37ba05a8a0, 0x00007f37ba05e4c8]
Event: 99.159 Thread 0x00007f37d4188800  975       3       java.util.ArrayList::spliterator (12 bytes)
Event: 99.160 Thread 0x00007f37d4188800 nmethod 975 0x00007f37ba05f890 code [0x00007f37ba05fa40, 0x00007f37ba05fd10]

GC Heap History (2 events):
Event: 0.957 GC heap before
{Heap before GC invocations=0 (full 0):
 garbage-first heap   total 122880K, used 14336K [0x0000000088600000, 0x00000000887003c0, 0x0000000100000000)
  region size 1024K, 14 young (14336K), 0 survivors (0K)
 Metaspace       used 10012K, capacity 10818K, committed 10880K, reserved 1058816K
  class space    used 998K, capacity 1133K, committed 1152K, reserved 1048576K
}
Event: 0.967 GC heap after
{Heap after GC invocations=1 (full 0):
 garbage-first heap   total 122880K, used 2695K [0x0000000088600000, 0x00000000887003c0, 0x0000000100000000)
  region size 1024K, 2 young (2048K), 2 survivors (2048K)
 Metaspace       used 10012K, capacity 10818K, committed 10880K, reserved 1058816K
  class space    used 998K, capacity 1133K, committed 1152K, reserved 1048576K
}

Deoptimization events (3 events):
Event: 0.581 Thread 0x00007f37d4015800 Uncommon trap: reason=unstable_if action=reinterpret pc=0x00007f37c13e0e9c method=java.lang.String.charAt(I)C @ 4 c2
Event: 0.726 Thread 0x00007f37d4015800 Uncommon trap: reason=unstable_if action=reinterpret pc=0x00007f37c140d53c method=java.util.HashMap.getNode(ILjava/lang/Object;)Ljava/util/HashMap$Node; @ 129 c2
Event: 0.726 Thread 0x00007f37d4015800 Uncommon trap: reason=unstable_if action=reinterpret pc=0x00007f37c140bc00 method=java.util.HashMap.getNode(ILjava/lang/Object;)Ljava/util/HashMap$Node; @ 129 c2

Classes redefined (10 events):
Event: 584.787 Thread 0x00007f37d4157000 redefined class name=RedBlackTree, count=3
Event: 727.203 Thread 0x00007f37d4157000 redefined class name=RedBlackTree, count=4
Event: 852.372 Thread 0x00007f37d4157000 redefined class name=RedBlackTree, count=5
Event: 903.152 Thread 0x00007f37d4157000 redefined class name=RedBlackTree, count=6
Event: 1069.603 Thread 0x00007f37d4157000 redefined class name=RedBlackTree, count=7
Event: 1190.948 Thread 0x00007f37d4157000 redefined class name=RedBlackTree, count=8
Event: 1247.494 Thread 0x00007f37d4157000 redefined class name=RedBlackTree, count=9
Event: 1332.419 Thread 0x00007f37d4157000 redefined class name=RedBlackTree, count=10
Event: 2376.993 Thread 0x00007f37d4157000 redefined class name=RedBlackTree, count=11
Event: 2503.787 Thread 0x00007f37d4157000 redefined class name=RedBlackTree, count=12

Internal exceptions (10 events):
Event: 0.678 Thread 0x00007f37d4015800 Exception <a 'java/lang/NoSuchMethodError'{0x000000008f4953a8}: java.lang.invoke.DirectMethodHandle$Holder.invokeSpecial(Ljava/lang/Object;Ljava/lang/Object;Ljava/lang/Object;Ljava/lang/Object;)V> (0x000000008f4953a8) thrown at [/scratch/opt/mach5/mesos/w
Event: 0.686 Thread 0x00007f37d4015800 Exception <a 'java/lang/NoSuchMethodError'{0x000000008f4c9980}: java.lang.Object.of([Ljava/lang/Object;)Ljava/util/stream/Stream;> (0x000000008f4c9980) thrown at [/scratch/opt/mach5/mesos/work_dir/slaves/5af44a71-976a-41b7-81de-5773b84ec572-S39643/framewo
Event: 0.791 Thread 0x00007f37d4015800 Exception <a 'java/lang/NoSuchMethodError'{0x000000008f3d9740}: java.lang.invoke.DirectMethodHandle$Holder.invokeInterface(Ljava/lang/Object;Ljava/lang/Object;)V> (0x000000008f3d9740) thrown at [/scratch/opt/mach5/mesos/work_dir/slaves/5af44a71-976a-41b7-
Event: 0.792 Thread 0x00007f37d4015800 Exception <a 'java/lang/IncompatibleClassChangeError'{0x000000008f3dc348}: Found class java.lang.Object, but interface was expected> (0x000000008f3dc348) thrown at [/scratch/opt/mach5/mesos/work_dir/slaves/5af44a71-976a-41b7-81de-5773b84ec572-S39643/frame
Event: 0.794 Thread 0x00007f37d4015800 Exception <a 'java/lang/NoSuchMethodError'{0x000000008f3e0b40}: java.lang.Object.lambda$accept$0(Lorg/junit/platform/engine/TestDescriptor$Visitor;Lorg/junit/platform/engine/TestDescriptor;)V> (0x000000008f3e0b40) thrown at [/scratch/opt/mach5/mesos/work_
Event: 0.795 Thread 0x00007f37d4015800 Exception <a 'java/lang/NoSuchMethodError'{0x000000008f3e7788}: java.lang.Object.containsTests(Lorg/junit/platform/engine/TestDescriptor;)Z> (0x000000008f3e7788) thrown at [/scratch/opt/mach5/mesos/work_dir/slaves/5af44a71-976a-41b7-81de-5773b84ec572-S396
Event: 0.905 Thread 0x00007f37d4015800 Exception <a 'java/lang/NoSuchMethodError'{0x000000008f1e8b08}: method resolution failed> (0x000000008f1e8b08) thrown at [/scratch/opt/mach5/mesos/work_dir/slaves/5af44a71-976a-41b7-81de-5773b84ec572-S39643/frameworks/1735e8a2-a1db-478c-8104-60c8b0af87dd-
Event: 0.943 Thread 0x00007f37d4015800 Exception <a 'java/lang/NoSuchMethodError'{0x000000008f0c7d40}: java.lang.invoke.DirectMethodHandle$Holder.invokeInterface(Ljava/lang/Object;Ljava/lang/Object;Ljava/lang/Object;)V> (0x000000008f0c7d40) thrown at [/scratch/opt/mach5/mesos/work_dir/slaves/5
Event: 62.485 Thread 0x00007f37d4015800 Exception <a 'java/lang/NoSuchMethodError'{0x000000008fd68108}: java.lang.invoke.DirectMethodHandle$Holder.invokeStatic(Ljava/lang/Object;Ljava/lang/Object;Ljava/lang/Object;Ljava/lang/Object;Ljava/lang/Object;)V> (0x000000008fd68108) thrown at [/scratch/
Event: 99.127 Thread 0x00007f37d4015800 Exception <a 'java/lang/reflect/InvocationTargetException'{0x000000008fc11330}> (0x000000008fc11330) thrown at [/scratch/opt/mach5/mesos/work_dir/slaves/5af44a71-976a-41b7-81de-5773b84ec572-S39643/frameworks/1735e8a2-a1db-478c-8104-60c8b0af87dd-0196/execu

Events (10 events):
Event: 2503.789 Executing VM operation: GetFrameLocation done
Event: 2503.789 Executing VM operation: GetOrSetLocal
Event: 2503.789 Executing VM operation: GetOrSetLocal done
Event: 2503.799 Executing VM operation: ChangeBreakpoints
Event: 2503.800 Executing VM operation: ChangeBreakpoints done
Event: 2503.801 Executing VM operation: ChangeBreakpoints
Event: 2503.801 Executing VM operation: ChangeBreakpoints done
Event: 2503.806 Executing VM operation: ChangeBreakpoints
Event: 2503.806 Executing VM operation: ChangeBreakpoints done
Event: 2503.807 Executing VM operation: ChangeBreakpoints


Dynamic libraries:
00400000-00401000 r-xp 00000000 08:05 9310391                            /usr/lib/jvm/java-9-oracle/bin/java
00600000-00601000 rw-p 00000000 08:05 9310391                            /usr/lib/jvm/java-9-oracle/bin/java
00dc2000-00de3000 rw-p 00000000 00:00 0                                  [heap]
88600000-8fe00000 rw-p 00000000 00:00 0 
8fe00000-100000000 ---p 00000000 00:00 0 
100000000-100120000 rw-p 00000000 00:00 0 
100120000-140000000 ---p 00000000 00:00 0 
7f3744000000-7f3744021000 rw-p 00000000 00:00 0 
7f3744021000-7f3748000000 ---p 00000000 00:00 0 
7f374c000000-7f374c021000 rw-p 00000000 00:00 0 
7f374c021000-7f3750000000 ---p 00000000 00:00 0 
7f3750000000-7f3750021000 rw-p 00000000 00:00 0 
7f3750021000-7f3754000000 ---p 00000000 00:00 0 
7f3754000000-7f3754023000 rw-p 00000000 00:00 0 
7f3754023000-7f3758000000 ---p 00000000 00:00 0 
7f3758000000-7f3758025000 rw-p 00000000 00:00 0 
7f3758025000-7f375c000000 ---p 00000000 00:00 0 
7f375f6ce000-7f375fbbc000 rw-p 00000000 00:00 0 
7f375fbbc000-7f375fbfc000 ---p 00000000 00:00 0 
7f375fbfc000-7f375fbfd000 ---p 00000000 00:00 0 
7f375fbfd000-7f375fcfd000 rw-p 00000000 00:00 0 
7f375fcfd000-7f375fd01000 ---p 00000000 00:00 0 
7f375fd01000-7f375fdfe000 rw-p 00000000 00:00 0 
7f375fdfe000-7f375fe02000 ---p 00000000 00:00 0 
7f375fe02000-7f375feff000 rw-p 00000000 00:00 0 
7f375feff000-7f375ff03000 ---p 00000000 00:00 0 
7f375ff03000-7f3760000000 rw-p 00000000 00:00 0 
7f3760000000-7f3760021000 rw-p 00000000 00:00 0 
7f3760021000-7f3764000000 ---p 00000000 00:00 0 
7f3764000000-7f3764021000 rw-p 00000000 00:00 0 
7f3764021000-7f3768000000 ---p 00000000 00:00 0 
7f3768000000-7f3768236000 rw-p 00000000 00:00 0 
7f3768236000-7f376c000000 ---p 00000000 00:00 0 
7f376c000000-7f376c2f5000 rw-p 00000000 00:00 0 
7f376c2f5000-7f3770000000 ---p 00000000 00:00 0 
7f3770000000-7f3770021000 rw-p 00000000 00:00 0 
7f3770021000-7f3774000000 ---p 00000000 00:00 0 
7f3774000000-7f3774477000 rw-p 00000000 00:00 0 
7f3774477000-7f3778000000 ---p 00000000 00:00 0 
7f3778000000-7f3778021000 rw-p 00000000 00:00 0 
7f3778021000-7f377c000000 ---p 00000000 00:00 0 
7f377c000000-7f377c021000 rw-p 00000000 00:00 0 
7f377c021000-7f3780000000 ---p 00000000 00:00 0 
7f3780000000-7f3780021000 rw-p 00000000 00:00 0 
7f3780021000-7f3784000000 ---p 00000000 00:00 0 
7f3784000000-7f37840a4000 rw-p 00000000 00:00 0 
7f37840a4000-7f3788000000 ---p 00000000 00:00 0 
7f3788000000-7f3788021000 rw-p 00000000 00:00 0 
7f3788021000-7f378c000000 ---p 00000000 00:00 0 
7f378c07c000-7f378c080000 ---p 00000000 00:00 0 
7f378c080000-7f378c17d000 rw-p 00000000 00:00 0 
7f378c17d000-7f378c181000 r-xp 00000000 08:05 9309897                    /usr/lib/jvm/java-9-oracle/lib/libdt_socket.so
7f378c181000-7f378c380000 ---p 00004000 08:05 9309897                    /usr/lib/jvm/java-9-oracle/lib/libdt_socket.so
7f378c380000-7f378c381000 rw-p 00003000 08:05 9309897                    /usr/lib/jvm/java-9-oracle/lib/libdt_socket.so
7f378c381000-7f378c385000 ---p 00000000 00:00 0 
7f378c385000-7f378c482000 rw-p 00000000 00:00 0 
7f378c482000-7f378c498000 r-xp 00000000 08:05 9308406                    /usr/lib/jvm/java-9-oracle/lib/libnet.so
7f378c498000-7f378c698000 ---p 00016000 08:05 9308406                    /usr/lib/jvm/java-9-oracle/lib/libnet.so
7f378c698000-7f378c699000 rw-p 00016000 08:05 9308406                    /usr/lib/jvm/java-9-oracle/lib/libnet.so
7f378c699000-7f378c6a9000 r-xp 00000000 08:05 9308393                    /usr/lib/jvm/java-9-oracle/lib/libnio.so
7f378c6a9000-7f378c8a9000 ---p 00010000 08:05 9308393                    /usr/lib/jvm/java-9-oracle/lib/libnio.so
7f378c8a9000-7f378c8aa000 rw-p 00010000 08:05 9308393                    /usr/lib/jvm/java-9-oracle/lib/libnio.so
7f378c8aa000-7f378c8ae000 ---p 00000000 00:00 0 
7f378c8ae000-7f378c9ab000 rw-p 00000000 00:00 0 
7f378c9ab000-7f378c9af000 ---p 00000000 00:00 0 
7f378c9af000-7f378caac000 rw-p 00000000 00:00 0 
7f378caac000-7f378cab0000 ---p 00000000 00:00 0 
7f378cab0000-7f378cbad000 rw-p 00000000 00:00 0 
7f378cbad000-7f378cbb1000 ---p 00000000 00:00 0 
7f378cbb1000-7f378ccae000 rw-p 00000000 00:00 0 
7f378ccae000-7f378ccb2000 ---p 00000000 00:00 0 
7f378ccb2000-7f378cdaf000 rw-p 00000000 00:00 0 
7f378cdaf000-7f378cdb3000 ---p 00000000 00:00 0 
7f378cdb3000-7f378ceb0000 rw-p 00000000 00:00 0 
7f378ceb0000-7f378ceb4000 ---p 00000000 00:00 0 
7f378ceb4000-7f378cfb1000 rw-p 00000000 00:00 0 
7f378cfb1000-7f378cfb2000 ---p 00000000 00:00 0 
7f378cfb2000-7f378d8b2000 rw-p 00000000 00:00 0 
7f378d8b2000-7f378dcb6000 rw-p 00000000 00:00 0 
7f378dcb6000-7f378fcb6000 rwxp 00000000 00:00 0 
7f378fcb6000-7f378fe96000 rw-p 00000000 00:00 0 
7f378fe96000-7f3791a9e000 ---p 00000000 00:00 0 
7f3791a9e000-7f3791c7e000 rw-p 00000000 00:00 0 
7f3791c7e000-7f3793886000 ---p 00000000 00:00 0 
7f3793886000-7f37938c2000 rw-p 00000000 00:00 0 
7f37938c2000-7f3793c43000 ---p 00000000 00:00 0 
7f3793c43000-7f3793c7f000 rw-p 00000000 00:00 0 
7f3793c7f000-7f3794000000 ---p 00000000 00:00 0 
7f3794000000-7f3794021000 rw-p 00000000 00:00 0 
7f3794021000-7f3798000000 ---p 00000000 00:00 0 
7f3798000000-7f3798021000 rw-p 00000000 00:00 0 
7f3798021000-7f379c000000 ---p 00000000 00:00 0 
7f379c000000-7f379c021000 rw-p 00000000 00:00 0 
7f379c021000-7f37a0000000 ---p 00000000 00:00 0 
7f37a0000000-7f37a0021000 rw-p 00000000 00:00 0 
7f37a0021000-7f37a4000000 ---p 00000000 00:00 0 
7f37a4000000-7f37a4021000 rw-p 00000000 00:00 0 
7f37a4021000-7f37a8000000 ---p 00000000 00:00 0 
7f37a8000000-7f37a8021000 rw-p 00000000 00:00 0 
7f37a8021000-7f37ac000000 ---p 00000000 00:00 0 
7f37ac000000-7f37ac021000 rw-p 00000000 00:00 0 
7f37ac021000-7f37b0000000 ---p 00000000 00:00 0 
7f37b0000000-7f37b0021000 rw-p 00000000 00:00 0 
7f37b0021000-7f37b4000000 ---p 00000000 00:00 0 
7f37b4000000-7f37b4021000 rw-p 00000000 00:00 0 
7f37b4021000-7f37b8000000 ---p 00000000 00:00 0 
7f37b8041000-7f37b80b7000 rw-p 00000000 00:00 0 
7f37b80b7000-7f37b80b8000 ---p 00000000 00:00 0 
7f37b80b8000-7f37b81b8000 rw-p 00000000 00:00 0 
7f37b81b8000-7f37b81b9000 ---p 00000000 00:00 0 
7f37b81b9000-7f37b82b9000 rw-p 00000000 00:00 0 
7f37b82b9000-7f37b8676000 ---p 00000000 00:00 0 
7f37b8676000-7f37b86b2000 rw-p 00000000 00:00 0 
7f37b86b2000-7f37b8a33000 ---p 00000000 00:00 0 
7f37b8a33000-7f37b8a34000 ---p 00000000 00:00 0 
7f37b8a34000-7f37b8b34000 rw-p 00000000 00:00 0 
7f37b8b34000-7f37b8b35000 ---p 00000000 00:00 0 
7f37b8b35000-7f37b8c35000 rw-p 00000000 00:00 0 
7f37b8c35000-7f37b8c36000 ---p 00000000 00:00 0 
7f37b8c36000-7f37b8d36000 rw-p 00000000 00:00 0 
7f37b8d36000-7f37b8d37000 ---p 00000000 00:00 0 
7f37b8d37000-7f37b8e37000 rw-p 00000000 00:00 0 
7f37b8e37000-7f37b8e38000 ---p 00000000 00:00 0 
7f37b8e38000-7f37b933c000 rw-p 00000000 00:00 0 
7f37b933c000-7f37b933d000 ---p 00000000 00:00 0 
7f37b933d000-7f37b943d000 rw-p 00000000 00:00 0 
7f37b943d000-7f37b943e000 ---p 00000000 00:00 0 
7f37b943e000-7f37b953e000 rw-p 00000000 00:00 0 
7f37b953e000-7f37b953f000 ---p 00000000 00:00 0 
7f37b953f000-7f37b963f000 rw-p 00000000 00:00 0 
7f37b963f000-7f37b9640000 ---p 00000000 00:00 0 
7f37b9640000-7f37b9745000 rw-p 00000000 00:00 0 
7f37b9745000-7f37b982b000 ---p 00000000 00:00 0 
7f37b982b000-7f37b9830000 rw-p 00000000 00:00 0 
7f37b9830000-7f37b9916000 ---p 00000000 00:00 0 
7f37b9916000-7f37b9b86000 rwxp 00000000 00:00 0 
7f37b9b86000-7f37b9ea6000 ---p 00000000 00:00 0 
7f37b9ea6000-7f37ba116000 rwxp 00000000 00:00 0 
7f37ba116000-7f37c13de000 ---p 00000000 00:00 0 
7f37c13de000-7f37c164e000 rwxp 00000000 00:00 0 
7f37c164e000-7f37c8916000 ---p 00000000 00:00 0 
7f37c8916000-7f37d3dd3000 r--s 00000000 08:05 9308212                    /usr/lib/jvm/java-9-oracle/lib/modules
7f37d3dd3000-7f37d3ded000 r-xp 00000000 08:05 9308194                    /usr/lib/jvm/java-9-oracle/lib/libjimage.so
7f37d3ded000-7f37d3fec000 ---p 0001a000 08:05 9308194                    /usr/lib/jvm/java-9-oracle/lib/libjimage.so
7f37d3fec000-7f37d3fee000 rw-p 00019000 08:05 9308194                    /usr/lib/jvm/java-9-oracle/lib/libjimage.so
7f37d3fee000-7f37d4000000 rw-p 00000000 00:00 0 
7f37d4000000-7f37d44ae000 rw-p 00000000 00:00 0 
7f37d44ae000-7f37d8000000 ---p 00000000 00:00 0 
7f37d8035000-7f37d8090000 rw-p 00000000 00:00 0 
7f37d8090000-7f37d8097000 r-xp 00000000 08:05 9308381                    /usr/lib/jvm/java-9-oracle/lib/libzip.so
7f37d8097000-7f37d8296000 ---p 00007000 08:05 9308381                    /usr/lib/jvm/java-9-oracle/lib/libzip.so
7f37d8296000-7f37d8297000 rw-p 00006000 08:05 9308381                    /usr/lib/jvm/java-9-oracle/lib/libzip.so
7f37d8297000-7f37d82a1000 r-xp 00000000 08:05 9044447                    /lib/x86_64-linux-gnu/libnss_files-2.19.so
7f37d82a1000-7f37d84a0000 ---p 0000a000 08:05 9044447                    /lib/x86_64-linux-gnu/libnss_files-2.19.so
7f37d84a0000-7f37d84a1000 r--p 00009000 08:05 9044447                    /lib/x86_64-linux-gnu/libnss_files-2.19.so
7f37d84a1000-7f37d84a2000 rw-p 0000a000 08:05 9044447                    /lib/x86_64-linux-gnu/libnss_files-2.19.so
7f37d84a2000-7f37d84ad000 r-xp 00000000 08:05 9044459                    /lib/x86_64-linux-gnu/libnss_nis-2.19.so
7f37d84ad000-7f37d86ac000 ---p 0000b000 08:05 9044459                    /lib/x86_64-linux-gnu/libnss_nis-2.19.so
7f37d86ac000-7f37d86ad000 r--p 0000a000 08:05 9044459                    /lib/x86_64-linux-gnu/libnss_nis-2.19.so
7f37d86ad000-7f37d86ae000 rw-p 0000b000 08:05 9044459                    /lib/x86_64-linux-gnu/libnss_nis-2.19.so
7f37d86ae000-7f37d86c5000 r-xp 00000000 08:05 9044474                    /lib/x86_64-linux-gnu/libnsl-2.19.so
7f37d86c5000-7f37d88c4000 ---p 00017000 08:05 9044474                    /lib/x86_64-linux-gnu/libnsl-2.19.so
7f37d88c4000-7f37d88c5000 r--p 00016000 08:05 9044474                    /lib/x86_64-linux-gnu/libnsl-2.19.so
7f37d88c5000-7f37d88c6000 rw-p 00017000 08:05 9044474                    /lib/x86_64-linux-gnu/libnsl-2.19.so
7f37d88c6000-7f37d88c8000 rw-p 00000000 00:00 0 
7f37d88c8000-7f37d88d1000 r-xp 00000000 08:05 9044461                    /lib/x86_64-linux-gnu/libnss_compat-2.19.so
7f37d88d1000-7f37d8ad0000 ---p 00009000 08:05 9044461                    /lib/x86_64-linux-gnu/libnss_compat-2.19.so
7f37d8ad0000-7f37d8ad1000 r--p 00008000 08:05 9044461                    /lib/x86_64-linux-gnu/libnss_compat-2.19.so
7f37d8ad1000-7f37d8ad2000 rw-p 00009000 08:05 9044461                    /lib/x86_64-linux-gnu/libnss_compat-2.19.so
7f37d8ad2000-7f37d91b4000 r--p 00000000 08:05 8264582                    /usr/lib/locale/locale-archive
7f37d91b4000-7f37d91be000 r-xp 00000000 08:05 9308195                    /usr/lib/jvm/java-9-oracle/lib/libinstrument.so
7f37d91be000-7f37d93bd000 ---p 0000a000 08:05 9308195                    /usr/lib/jvm/java-9-oracle/lib/libinstrument.so
7f37d93bd000-7f37d93be000 rw-p 00009000 08:05 9308195                    /usr/lib/jvm/java-9-oracle/lib/libinstrument.so
7f37d93be000-7f37d93f9000 r-xp 00000000 08:05 9310371                    /usr/lib/jvm/java-9-oracle/lib/libjdwp.so
7f37d93f9000-7f37d95f8000 ---p 0003b000 08:05 9310371                    /usr/lib/jvm/java-9-oracle/lib/libjdwp.so
7f37d95f8000-7f37d95f9000 rw-p 0003a000 08:05 9310371                    /usr/lib/jvm/java-9-oracle/lib/libjdwp.so
7f37d95f9000-7f37d95fa000 rw-p 00000000 00:00 0 
7f37d95fa000-7f37d9625000 r-xp 00000000 08:05 9308388                    /usr/lib/jvm/java-9-oracle/lib/libjava.so
7f37d9625000-7f37d9824000 ---p 0002b000 08:05 9308388                    /usr/lib/jvm/java-9-oracle/lib/libjava.so
7f37d9824000-7f37d9826000 rw-p 0002a000 08:05 9308388                    /usr/lib/jvm/java-9-oracle/lib/libjava.so
7f37d9826000-7f37d9833000 r-xp 00000000 08:05 9308214                    /usr/lib/jvm/java-9-oracle/lib/libverify.so
7f37d9833000-7f37d9a32000 ---p 0000d000 08:05 9308214                    /usr/lib/jvm/java-9-oracle/lib/libverify.so
7f37d9a32000-7f37d9a34000 rw-p 0000c000 08:05 9308214                    /usr/lib/jvm/java-9-oracle/lib/libverify.so
7f37d9a34000-7f37d9a3b000 r-xp 00000000 08:05 9044472                    /lib/x86_64-linux-gnu/librt-2.19.so
7f37d9a3b000-7f37d9c3a000 ---p 00007000 08:05 9044472                    /lib/x86_64-linux-gnu/librt-2.19.so
7f37d9c3a000-7f37d9c3b000 r--p 00006000 08:05 9044472                    /lib/x86_64-linux-gnu/librt-2.19.so
7f37d9c3b000-7f37d9c3c000 rw-p 00007000 08:05 9044472                    /lib/x86_64-linux-gnu/librt-2.19.so
7f37d9c3c000-7f37d9d41000 r-xp 00000000 08:05 9044463                    /lib/x86_64-linux-gnu/libm-2.19.so
7f37d9d41000-7f37d9f40000 ---p 00105000 08:05 9044463                    /lib/x86_64-linux-gnu/libm-2.19.so
7f37d9f40000-7f37d9f41000 r--p 00104000 08:05 9044463                    /lib/x86_64-linux-gnu/libm-2.19.so
7f37d9f41000-7f37d9f42000 rw-p 00105000 08:05 9044463                    /lib/x86_64-linux-gnu/libm-2.19.so
7f37d9f42000-7f37daf57000 r-xp 00000000 08:05 11016043                   /usr/lib/jvm/java-9-oracle/lib/server/libjvm.so
7f37daf57000-7f37db156000 ---p 01015000 08:05 11016043                   /usr/lib/jvm/java-9-oracle/lib/server/libjvm.so
7f37db156000-7f37db227000 r--p 01014000 08:05 11016043                   /usr/lib/jvm/java-9-oracle/lib/server/libjvm.so
7f37db227000-7f37db25e000 rw-p 010e5000 08:05 11016043                   /usr/lib/jvm/java-9-oracle/lib/server/libjvm.so
7f37db25e000-7f37db2c7000 rw-p 00000000 00:00 0 
7f37db2c7000-7f37db485000 r-xp 00000000 08:05 9044479                    /lib/x86_64-linux-gnu/libc-2.19.so
7f37db485000-7f37db685000 ---p 001be000 08:05 9044479                    /lib/x86_64-linux-gnu/libc-2.19.so
7f37db685000-7f37db689000 r--p 001be000 08:05 9044479                    /lib/x86_64-linux-gnu/libc-2.19.so
7f37db689000-7f37db68b000 rw-p 001c2000 08:05 9044479                    /lib/x86_64-linux-gnu/libc-2.19.so
7f37db68b000-7f37db690000 rw-p 00000000 00:00 0 
7f37db690000-7f37db693000 r-xp 00000000 08:05 9044475                    /lib/x86_64-linux-gnu/libdl-2.19.so
7f37db693000-7f37db892000 ---p 00003000 08:05 9044475                    /lib/x86_64-linux-gnu/libdl-2.19.so
7f37db892000-7f37db893000 r--p 00002000 08:05 9044475                    /lib/x86_64-linux-gnu/libdl-2.19.so
7f37db893000-7f37db894000 rw-p 00003000 08:05 9044475                    /lib/x86_64-linux-gnu/libdl-2.19.so
7f37db894000-7f37db8a2000 r-xp 00000000 08:05 11016047                   /usr/lib/jvm/java-9-oracle/lib/jli/libjli.so
7f37db8a2000-7f37dbaa2000 ---p 0000e000 08:05 11016047                   /usr/lib/jvm/java-9-oracle/lib/jli/libjli.so
7f37dbaa2000-7f37dbaa3000 rw-p 0000e000 08:05 11016047                   /usr/lib/jvm/java-9-oracle/lib/jli/libjli.so
7f37dbaa3000-7f37dbabc000 r-xp 00000000 08:05 9044471                    /lib/x86_64-linux-gnu/libpthread-2.19.so
7f37dbabc000-7f37dbcbb000 ---p 00019000 08:05 9044471                    /lib/x86_64-linux-gnu/libpthread-2.19.so
7f37dbcbb000-7f37dbcbc000 r--p 00018000 08:05 9044471                    /lib/x86_64-linux-gnu/libpthread-2.19.so
7f37dbcbc000-7f37dbcbd000 rw-p 00019000 08:05 9044471                    /lib/x86_64-linux-gnu/libpthread-2.19.so
7f37dbcbd000-7f37dbcc1000 rw-p 00000000 00:00 0 
7f37dbcc1000-7f37dbcd9000 r-xp 00000000 08:05 9048643                    /lib/x86_64-linux-gnu/libz.so.1.2.8
7f37dbcd9000-7f37dbed8000 ---p 00018000 08:05 9048643                    /lib/x86_64-linux-gnu/libz.so.1.2.8
7f37dbed8000-7f37dbed9000 r--p 00017000 08:05 9048643                    /lib/x86_64-linux-gnu/libz.so.1.2.8
7f37dbed9000-7f37dbeda000 rw-p 00018000 08:05 9048643                    /lib/x86_64-linux-gnu/libz.so.1.2.8
7f37dbeda000-7f37dbefd000 r-xp 00000000 08:05 9044466                    /lib/x86_64-linux-gnu/ld-2.19.so
7f37dbf1b000-7f37dbf22000 r--s 00000000 08:05 8660295                    /usr/lib/x86_64-linux-gnu/gconv/gconv-modules.cache
7f37dbf22000-7f37dbfda000 rw-p 00000000 00:00 0 
7f37dbfda000-7f37dbfdf000 ---p 00000000 00:00 0 
7f37dbfdf000-7f37dc0e0000 rw-p 00000000 00:00 0 
7f37dc0e2000-7f37dc0e9000 rw-p 00000000 00:00 0 
7f37dc0e9000-7f37dc0f0000 ---p 00000000 00:00 0 
7f37dc0f0000-7f37dc0f2000 r--s 00001000 08:05 1840677                    /opt/intellij-idea-community/lib/rt/debugger-agent-storage.jar
7f37dc0f2000-7f37dc0fa000 rw-s 00000000 08:05 1841809                    /tmp/hsperfdata_noah/6364
7f37dc0fa000-7f37dc0fb000 rw-p 00000000 00:00 0 
7f37dc0fb000-7f37dc0fc000 ---p 00000000 00:00 0 
7f37dc0fc000-7f37dc0fd000 r--p 00022000 08:05 9044466                    /lib/x86_64-linux-gnu/ld-2.19.so
7f37dc0fd000-7f37dc0fe000 rw-p 00023000 08:05 9044466                    /lib/x86_64-linux-gnu/ld-2.19.so
7f37dc0fe000-7f37dc0ff000 rw-p 00000000 00:00 0 
7ffc437d3000-7ffc437f5000 rw-p 00000000 00:00 0                          [stack]
7ffc437f6000-7ffc437f8000 r--p 00000000 00:00 0                          [vvar]
7ffc437f8000-7ffc437fa000 r-xp 00000000 00:00 0                          [vdso]
ffffffffff600000-ffffffffff601000 r-xp 00000000 00:00 0                  [vsyscall]

VM Arguments:
jvm_args: -agentlib:jdwp=transport=dt_socket,address=127.0.0.1:45039,suspend=y,server=n -ea -Didea.test.cyclic.buffer.size=1048576 -javaagent:/opt/intellij-idea-community/lib/rt/debugger-agent.jar=/tmp/capture.props -Dfile.encoding=UTF-8 
java_command: com.intellij.rt.execution.junit.JUnitStarter -ideVersion5 -junit5 RedBlackTreeTest
java_class_path (initial): /opt/intellij-idea-community/lib/idea_rt.jar:/opt/intellij-idea-community/plugins/junit/lib/junit-rt.jar:/opt/intellij-idea-community/plugins/junit/lib/junit5-rt.jar:/home/noah/.m2/repository/org/junit/platform/junit-platform-launcher/1.0.0/junit-platform-launcher-1.0.0.jar:/home/noah/.m2/repository/org/apiguardian/apiguardian-api/1.0.0/apiguardian-api-1.0.0.jar:/home/noah/.m2/repository/org/junit/platform/junit-platform-engine/1.0.0/junit-platform-engine-1.0.0.jar:/home/noah/.m2/repository/org/junit/platform/junit-platform-commons/1.0.0/junit-platform-commons-1.0.0.jar:/home/noah/.m2/repository/org/opentest4j/opentest4j/1.0.0/opentest4j-1.0.0.jar:/home/noah/.m2/repository/org/junit/jupiter/junit-jupiter-engine/5.0.0/junit-jupiter-engine-5.0.0.jar:/home/noah/.m2/repository/org/junit/jupiter/junit-jupiter-api/5.0.0/junit-jupiter-api-5.0.0.jar:/home/noah/DSA-18/trees/out/test/day02:/home/noah/DSA-18/trees/out/production/day02
Launcher Type: SUN_STANDARD

Logging:
Log output configuration:
#0: stdout all=warning uptime,level,tags
#1: stderr all=off uptime,level,tags

Environment Variables:
JAVA_HOME=/usr/lib/jvm/java-9-oracle
PATH=/usr/local/sbin:/usr/local/bin:/usr/sbin:/usr/bin:/sbin:/bin:/usr/games:/usr/local/games:/usr/lib/jvm/java-9-oracle/bin:/usr/lib/jvm/java-9-oracle/db/bin
SHELL=/bin/bash
DISPLAY=:0

Signal Handlers:
SIGSEGV: [libjvm.so+0xd4d370], sa_mask[0]=11111111011111111101111111111110, sa_flags=SA_RESTART|SA_SIGINFO
SIGBUS: [libjvm.so+0xd4d370], sa_mask[0]=11111111011111111101111111111110, sa_flags=SA_RESTART|SA_SIGINFO
SIGFPE: [libjvm.so+0xd4d370], sa_mask[0]=11111111011111111101111111111110, sa_flags=SA_RESTART|SA_SIGINFO
SIGPIPE: [libjvm.so+0xb64780], sa_mask[0]=11111111011111111101111111111110, sa_flags=SA_RESTART|SA_SIGINFO
SIGXFSZ: [libjvm.so+0xb64780], sa_mask[0]=11111111011111111101111111111110, sa_flags=SA_RESTART|SA_SIGINFO
SIGILL: [libjvm.so+0xd4d370], sa_mask[0]=11111111011111111101111111111110, sa_flags=SA_RESTART|SA_SIGINFO
SIGUSR2: [libjvm.so+0xb64640], sa_mask[0]=00100000000000000000000000000000, sa_flags=SA_RESTART|SA_SIGINFO
SIGHUP: [libjvm.so+0xb64850], sa_mask[0]=11111111011111111101111111111110, sa_flags=SA_RESTART|SA_SIGINFO
SIGINT: [libjvm.so+0xb64850], sa_mask[0]=11111111011111111101111111111110, sa_flags=SA_RESTART|SA_SIGINFO
SIGTERM: [libjvm.so+0xb64850], sa_mask[0]=11111111011111111101111111111110, sa_flags=SA_RESTART|SA_SIGINFO
SIGQUIT: [libjvm.so+0xb64850], sa_mask[0]=11111111011111111101111111111110, sa_flags=SA_RESTART|SA_SIGINFO


---------------  S Y S T E M  ---------------

OS:DISTRIB_ID=Ubuntu
DISTRIB_RELEASE=14.04
DISTRIB_CODENAME=trusty
DISTRIB_DESCRIPTION="Ubuntu 14.04.5 LTS"
uname:Linux 4.4.0-96-generic #119~14.04.1-Ubuntu SMP Wed Sep 13 08:40:48 UTC 2017 x86_64
libc:glibc 2.19 NPTL 2.19 
rlimit: STACK 8192k, CORE 0k, NPROC 30505, NOFILE 4096, AS infinity
load average:0.32 0.50 0.54

/proc/meminfo:
MemTotal:        7834656 kB
MemFree:         1683916 kB
MemAvailable:    3261296 kB
Buffers:          244988 kB
Cached:          1903224 kB
SwapCached:            0 kB
Active:          4625972 kB
Inactive:        1138104 kB
Active(anon):    3624772 kB
Inactive(anon):   424816 kB
Active(file):    1001200 kB
Inactive(file):   713288 kB
Unevictable:         288 kB
Mlocked:             288 kB
SwapTotal:       8042492 kB
SwapFree:        8042492 kB
Dirty:              7864 kB
Writeback:             0 kB
AnonPages:       3616008 kB
Mapped:           619428 kB
Shmem:            433728 kB
Slab:             213876 kB
SReclaimable:     170744 kB
SUnreclaim:        43132 kB
KernelStack:       15264 kB
PageTables:        58408 kB
NFS_Unstable:          0 kB
Bounce:                0 kB
WritebackTmp:          0 kB
CommitLimit:    11959820 kB
Committed_AS:   11186476 kB
VmallocTotal:   34359738367 kB
VmallocUsed:           0 kB
VmallocChunk:          0 kB
HardwareCorrupted:     0 kB
AnonHugePages:   1703936 kB
CmaTotal:              0 kB
CmaFree:               0 kB
HugePages_Total:       0
HugePages_Free:        0
HugePages_Rsvd:        0
HugePages_Surp:        0
Hugepagesize:       2048 kB
DirectMap4k:      202200 kB
DirectMap2M:     5744640 kB
DirectMap1G:     3145728 kB


CPU:total 4 (initial active 4) (2 cores per cpu, 2 threads per core) family 6 model 78 stepping 3, cmov, cx8, fxsr, mmx, sse, sse2, sse3, ssse3, sse4.1, sse4.2, popcnt, avx, avx2, aes, clmul, erms, rtm, 3dnowpref, lzcnt, ht, tsc, tscinvbit, bmi1, bmi2, adx, fma
CPU Model and flags from /proc/cpuinfo:
model name	: Intel(R) Core(TM) i7-6600U CPU @ 2.60GHz
flags		: fpu vme de pse tsc msr pae mce cx8 apic sep mtrr pge mca cmov pat pse36 clflush dts acpi mmx fxsr sse sse2 ss ht tm pbe syscall nx pdpe1gb rdtscp lm constant_tsc art arch_perfmon pebs bts rep_good nopl xtopology nonstop_tsc aperfmperf eagerfpu pni pclmulqdq dtes64 monitor ds_cpl vmx smx est tm2 ssse3 sdbg fma cx16 xtpr pdcm pcid sse4_1 sse4_2 x2apic movbe popcnt tsc_deadline_timer aes xsave avx f16c rdrand lahf_lm abm 3dnowprefetch epb intel_pt tpr_shadow vnmi flexpriority ept vpid fsgsbase tsc_adjust bmi1 hle avx2 smep bmi2 erms invpcid rtm mpx rdseed adx smap clflushopt xsaveopt xsavec xgetbv1 dtherm ida arat pln pts hwp hwp_notify hwp_act_window hwp_epp

Memory: 4k page, physical 7834656k(1683916k free), swap 8042492k(8042492k free)

vm_info: Java HotSpot(TM) 64-Bit Server VM (9.0.4+11) for linux-amd64 JRE (9.0.4+11), built on Dec 19 2017 18:12:19 by "mach5one" with gcc 4.9.2

END.
