#
# A fatal error has been detected by the Java Runtime Environment:
#
#  SIGSEGV (0xb) at pc=0x00007f059cc4100c, pid=5944, tid=5964
#
# JRE version: Java(TM) SE Runtime Environment (9.0+11) (build 9.0.4+11)
# Java VM: Java HotSpot(TM) 64-Bit Server VM (9.0.4+11, mixed mode, tiered, compressed oops, g1 gc, linux-amd64)
# Problematic frame:
# V  [libjvm.so+0x7ad00c]  GenerateOopMap::interp1(BytecodeStream*)+0x76c
#
# Core dump will be written. Default location: Core dumps may be processed with "/usr/share/apport/apport %p %s %c %P" (or dumping to /home/noah/DSA-18/trees/day01/core.5944)
#
# If you would like to submit a bug report, please visit:
#   http://bugreport.java.com/bugreport/crash.jsp
#

---------------  S U M M A R Y ------------

Command Line: -agentlib:jdwp=transport=dt_socket,address=127.0.0.1:34739,suspend=y,server=n -ea -Didea.test.cyclic.buffer.size=1048576 -javaagent:/opt/intellij-idea-community/lib/rt/debugger-agent.jar=/tmp/capture.props -Dfile.encoding=UTF-8 com.intellij.rt.execution.junit.JUnitStarter -ideVersion5 -junit5 AVLTreeTest

Host: Intel(R) Core(TM) i7-6600U CPU @ 2.60GHz, 4 cores, 7G, Ubuntu 14.04.5 LTS
Time: Thu Mar  8 08:37:51 2018 EST elapsed time: 163 seconds (0d 0h 2m 43s)

---------------  T H R E A D  ---------------

Current thread (0x00007f0598157000):  VMThread "VM Thread" [stack: 0x00007f054b4fe000,0x00007f054b5fe000] [id=5964]

Stack: [0x00007f054b4fe000,0x00007f054b5fe000],  sp=0x00007f054b5fc5c0,  free space=1017k
Native frames: (J=compiled Java code, A=aot compiled Java code, j=interpreted, Vv=VM code, C=native code)
V  [libjvm.so+0x7ad00c]  GenerateOopMap::interp1(BytecodeStream*)+0x76c
V  [libjvm.so+0x7ae2f4]  GenerateOopMap::interp_bb(BasicBlock*)+0x144
V  [libjvm.so+0x7b021f]  GenerateOopMap::do_interpretation()+0x9f
V  [libjvm.so+0x7b05fb]  GenerateOopMap::compute_map(Thread*)+0x26b
V  [libjvm.so+0xb5a587]  OopMapForCacheEntry::compute_map(Thread*)+0x67
V  [libjvm.so+0xb5b1fc]  OopMapCacheEntry::fill(methodHandle, int)+0x12c
V  [libjvm.so+0xb5ba42]  OopMapCache::compute_one_oop_map(methodHandle const&, int, InterpreterOopMap*)+0x102
V  [libjvm.so+0xb5bd56]  OopMapCache::lookup(methodHandle const&, int, InterpreterOopMap*) const+0x216
V  [libjvm.so+0xafb584]  Method::mask_for(int, InterpreterOopMap*)+0x74
V  [libjvm.so+0x9a5a4d]  VM_GetOrSetLocal::doit()+0x4d
V  [libjvm.so+0xd5d4f9]  VM_Operation::evaluate()+0x59
V  [libjvm.so+0xd5b243]  VMThread::evaluate_operation(VM_Operation*)+0xc3
V  [libjvm.so+0xd5b7b0]  VMThread::loop()+0x210
V  [libjvm.so+0xd5bcc2]  VMThread::run()+0x72
V  [libjvm.so+0xb6e132]  thread_native_entry(Thread*)+0xf2


siginfo: si_signo: 11 (SIGSEGV), si_code: 1 (SEGV_MAPERR), si_addr: 0x0000000000470017

Register to memory mapping:

RAX=0x0000000000470011 is an unknown value
RBX=0x00007f054b5fc8c0 is an unknown value
RCX=0x00000000000000cb is an unknown value
RDX=0x0000000000000000 is an unknown value
RSP=0x00007f054b5fc5c0 is an unknown value
RBP=0x00007f054b5fc620 is an unknown value
RSI=0x0000000000000012 is an unknown value
RDI=0x00007f0549fcfa88 is pointing into metadata
R8 =0x00000000000000b4 is an unknown value
R9 =0x0000000000000018 is an unknown value
R10=0x00007f059d7b6880: <offset 0x0000000001322880> in /usr/lib/jvm/java-9-oracle/lib/server/libjvm.so at 0x00007f059c494000
R11=0x00007f059d9a4550: <offset 0x000000000018b550> in /lib/x86_64-linux-gnu/libc.so.6 at 0x00007f059d819000
R12=0x00007f0549fcfa88 is pointing into metadata
R13=0x000000000000000f is an unknown value
R14=0x00007f0549fd056f is pointing into metadata
R15=0x00007f0549fd056f is pointing into metadata


Registers:
RAX=0x0000000000470011, RBX=0x00007f054b5fc8c0, RCX=0x00000000000000cb, RDX=0x0000000000000000
RSP=0x00007f054b5fc5c0, RBP=0x00007f054b5fc620, RSI=0x0000000000000012, RDI=0x00007f0549fcfa88
R8 =0x00000000000000b4, R9 =0x0000000000000018, R10=0x00007f059d7b6880, R11=0x00007f059d9a4550
R12=0x00007f0549fcfa88, R13=0x000000000000000f, R14=0x00007f0549fd056f, R15=0x00007f0549fd056f
RIP=0x00007f059cc4100c, EFLAGS=0x0000000000010202, CSGSFS=0x0000000000000033, ERR=0x0000000000000004
  TRAPNO=0x000000000000000e

Top of Stack: (sp=0x00007f054b5fc5c0)
0x00007f054b5fc5c0:   0000000000000078 0000000300000000
0x00007f054b5fc5d0:   0000000046000001 00007f054b5fc6b0
0x00007f054b5fc5e0:   000000004fffffff 00007f0549fd05c0
0x00007f054b5fc5f0:   00007f0598157000 00007f054b5fc8c0 

Instructions: (pc=0x00007f059cc4100c)
0x00007f059cc40fec:   8b 40 08 4c 8b 60 08 4c 89 e7 e8 c5 89 e9 ff 4c
0x00007f059cc40ffc:   89 e7 89 c6 e8 5b 8b e9 ff 48 98 49 8b 44 c4 48
0x00007f059cc4100c:   0f b6 40 06 3c 5b 0f 84 db 0b 00 00 3c 4c 0f 84
0x00007f059cc4101c:   d3 0b 00 00 3c 44 0f 84 d3 0d 00 00 3c 4a 0f 84 

VM_Operation (0x00007f054a6c7a30): GetOrSetLocal, mode: safepoint, requested by thread 0x00007f0598275000


---------------  P R O C E S S  ---------------

Java Threads: ( => current thread )
  0x00007f05982f5800 JavaThread "Service Thread" daemon [_thread_blocked, id=5983, stack(0x00007f054a2c5000,0x00007f054a3c6000)]
  0x00007f0518001000 JavaThread "JDWP Command Reader" daemon [_thread_in_native, id=5980, stack(0x00007f054a3c6000,0x00007f054a4c7000)]
  0x00007f0598279000 JavaThread "JDWP Event Helper Thread" daemon [_thread_blocked, id=5979, stack(0x00007f054a4c7000,0x00007f054a5c8000)]
  0x00007f0598275000 JavaThread "JDWP Transport Listener: dt_socket" daemon [_thread_blocked, id=5978, stack(0x00007f054a5c8000,0x00007f054a6c9000)]
  0x00007f05981d1000 JavaThread "Common-Cleaner" daemon [_thread_blocked, id=5975, stack(0x00007f054a8cd000,0x00007f054a9ce000)]
  0x00007f059818a800 JavaThread "Sweeper thread" daemon [_thread_blocked, id=5974, stack(0x00007f054adf6000,0x00007f054aef7000)]
  0x00007f0598188800 JavaThread "C1 CompilerThread2" daemon [_thread_blocked, id=5973, stack(0x00007f054aef7000,0x00007f054aff8000)]
  0x00007f0598186800 JavaThread "C2 CompilerThread1" daemon [_thread_blocked, id=5972, stack(0x00007f054aff8000,0x00007f054b0f9000)]
  0x00007f0598184800 JavaThread "C2 CompilerThread0" daemon [_thread_blocked, id=5971, stack(0x00007f054b0f9000,0x00007f054b1fa000)]
  0x00007f0598183000 JavaThread "Signal Dispatcher" daemon [_thread_blocked, id=5970, stack(0x00007f054b1fa000,0x00007f054b2fb000)]
  0x00007f0598169000 JavaThread "Finalizer" daemon [_thread_blocked, id=5967, stack(0x00007f054b2fb000,0x00007f054b3fc000)]
  0x00007f0598160800 JavaThread "Reference Handler" daemon [_thread_blocked, id=5966, stack(0x00007f054b3fc000,0x00007f054b4fd000)]
  0x00007f0598015800 JavaThread "main" [_thread_blocked, id=5946, stack(0x00007f059e52c000,0x00007f059e62c000)]

Other Threads:
=>0x00007f0598157000 VMThread "VM Thread" [stack: 0x00007f054b4fe000,0x00007f054b5fe000] [id=5964]
  0x00007f05982f9000 WatcherThread [stack: 0x00007f054a1c5000,0x00007f054a2c5000] [id=5984]
  0x00007f059802d800 GCTaskThread "GC Thread#0" [stack: 0x00007f057bb7f000,0x00007f057bc7f000] [id=5949]
  0x00007f059802f000 GCTaskThread "GC Thread#1" [stack: 0x00007f057ba7e000,0x00007f057bb7e000] [id=5950]
  0x00007f0598030800 GCTaskThread "GC Thread#2" [stack: 0x00007f057b97d000,0x00007f057ba7d000] [id=5951]
  0x00007f0598032000 GCTaskThread "GC Thread#3" [stack: 0x00007f057b87c000,0x00007f057b97c000] [id=5952]
  0x00007f0598060000 ConcurrentGCThread "G1 Main Marker" [stack: 0x00007f0578196000,0x00007f0578296000] [id=5958]
  0x00007f0598061800 ConcurrentGCThread "G1 Marker#0" [stack: 0x00007f0578095000,0x00007f0578195000] [id=5959]
  0x00007f0598039800 ConcurrentGCThread "G1 Refine#0" [stack: 0x00007f057b074000,0x00007f057b174000] [id=5956]
  0x00007f0598038000 ConcurrentGCThread "G1 Refine#1" [stack: 0x00007f057b175000,0x00007f057b275000] [id=5955]
  0x00007f0598036000 ConcurrentGCThread "G1 Refine#2" [stack: 0x00007f057b276000,0x00007f057b376000] [id=5954]
  0x00007f0598034000 ConcurrentGCThread "G1 Refine#3" [stack: 0x00007f057b377000,0x00007f057b477000] [id=5953]
  0x00007f059803b800 ConcurrentGCThread "G1 Young RemSet Sampling" [stack: 0x00007f057af73000,0x00007f057b073000] [id=5957]

Threads with active compile tasks:

VM state:at safepoint (normal execution)

VM Mutex/Monitor currently owned by a thread:  ([mutex/lock_event])
[0x00007f0598011ce0] Threads_lock - owner thread: 0x00007f0598157000

Heap address: 0x0000000088600000, size: 1914 MB, Compressed Oops mode: 32-bit
Narrow klass base: 0x0000000000000000, Narrow klass shift: 3
Compressed class space size: 1073741824 Address: 0x0000000100000000

Heap:
 garbage-first heap   total 122880K, used 3785K [0x0000000088600000, 0x00000000887003c0, 0x0000000100000000)
  region size 1024K, 4 young (4096K), 2 survivors (2048K)
 Metaspace       used 10106K, capacity 10866K, committed 10880K, reserved 1058816K
  class space    used 1011K, capacity 1143K, committed 1152K, reserved 1048576K
Heap Regions: E=young(eden), S=young(survivor), O=old, HS=humongous(starts), HC=humongous(continues), CS=collection set, F=free, A=archive, TS=gc time stamp, AC=allocation context, TAMS=top-at-mark-start (previous, next)
|   0|0x0000000088600000, 0x00000000886b2400, 0x0000000088700000| 69%| O|  |TS  1|AC  0|TAMS 0x0000000088600000, 0x0000000088600000|
|   1|0x0000000088700000, 0x0000000088700000, 0x0000000088800000|  0%| F|  |TS  0|AC  0|TAMS 0x0000000088700000, 0x0000000088700000|
|   2|0x0000000088800000, 0x0000000088800000, 0x0000000088900000|  0%| F|  |TS  0|AC  0|TAMS 0x0000000088800000, 0x0000000088800000|
|   3|0x0000000088900000, 0x0000000088900000, 0x0000000088a00000|  0%| F|  |TS  0|AC  0|TAMS 0x0000000088900000, 0x0000000088900000|
|   4|0x0000000088a00000, 0x0000000088a00000, 0x0000000088b00000|  0%| F|  |TS  0|AC  0|TAMS 0x0000000088a00000, 0x0000000088a00000|
|   5|0x0000000088b00000, 0x0000000088b00000, 0x0000000088c00000|  0%| F|  |TS  0|AC  0|TAMS 0x0000000088b00000, 0x0000000088b00000|
|   6|0x0000000088c00000, 0x0000000088c00000, 0x0000000088d00000|  0%| F|  |TS  0|AC  0|TAMS 0x0000000088c00000, 0x0000000088c00000|
|   7|0x0000000088d00000, 0x0000000088d00000, 0x0000000088e00000|  0%| F|  |TS  0|AC  0|TAMS 0x0000000088d00000, 0x0000000088d00000|
|   8|0x0000000088e00000, 0x0000000088e00000, 0x0000000088f00000|  0%| F|  |TS  0|AC  0|TAMS 0x0000000088e00000, 0x0000000088e00000|
|   9|0x0000000088f00000, 0x0000000088f00000, 0x0000000089000000|  0%| F|  |TS  0|AC  0|TAMS 0x0000000088f00000, 0x0000000088f00000|
|  10|0x0000000089000000, 0x0000000089000000, 0x0000000089100000|  0%| F|  |TS  0|AC  0|TAMS 0x0000000089000000, 0x0000000089000000|
|  11|0x0000000089100000, 0x0000000089100000, 0x0000000089200000|  0%| F|  |TS  0|AC  0|TAMS 0x0000000089100000, 0x0000000089100000|
|  12|0x0000000089200000, 0x0000000089200000, 0x0000000089300000|  0%| F|  |TS  0|AC  0|TAMS 0x0000000089200000, 0x0000000089200000|
|  13|0x0000000089300000, 0x0000000089300000, 0x0000000089400000|  0%| F|  |TS  0|AC  0|TAMS 0x0000000089300000, 0x0000000089300000|
|  14|0x0000000089400000, 0x0000000089400000, 0x0000000089500000|  0%| F|  |TS  0|AC  0|TAMS 0x0000000089400000, 0x0000000089400000|
|  15|0x0000000089500000, 0x0000000089500000, 0x0000000089600000|  0%| F|  |TS  0|AC  0|TAMS 0x0000000089500000, 0x0000000089500000|
|  16|0x0000000089600000, 0x0000000089600000, 0x0000000089700000|  0%| F|  |TS  0|AC  0|TAMS 0x0000000089600000, 0x0000000089600000|
|  17|0x0000000089700000, 0x0000000089700000, 0x0000000089800000|  0%| F|  |TS  0|AC  0|TAMS 0x0000000089700000, 0x0000000089700000|
|  18|0x0000000089800000, 0x0000000089800000, 0x0000000089900000|  0%| F|  |TS  0|AC  0|TAMS 0x0000000089800000, 0x0000000089800000|
|  19|0x0000000089900000, 0x0000000089900000, 0x0000000089a00000|  0%| F|  |TS  0|AC  0|TAMS 0x0000000089900000, 0x0000000089900000|
|  20|0x0000000089a00000, 0x0000000089a00000, 0x0000000089b00000|  0%| F|  |TS  0|AC  0|TAMS 0x0000000089a00000, 0x0000000089a00000|
|  21|0x0000000089b00000, 0x0000000089b00000, 0x0000000089c00000|  0%| F|  |TS  0|AC  0|TAMS 0x0000000089b00000, 0x0000000089b00000|
|  22|0x0000000089c00000, 0x0000000089c00000, 0x0000000089d00000|  0%| F|  |TS  0|AC  0|TAMS 0x0000000089c00000, 0x0000000089c00000|
|  23|0x0000000089d00000, 0x0000000089d00000, 0x0000000089e00000|  0%| F|  |TS  0|AC  0|TAMS 0x0000000089d00000, 0x0000000089d00000|
|  24|0x0000000089e00000, 0x0000000089e00000, 0x0000000089f00000|  0%| F|  |TS  0|AC  0|TAMS 0x0000000089e00000, 0x0000000089e00000|
|  25|0x0000000089f00000, 0x0000000089f00000, 0x000000008a000000|  0%| F|  |TS  0|AC  0|TAMS 0x0000000089f00000, 0x0000000089f00000|
|  26|0x000000008a000000, 0x000000008a000000, 0x000000008a100000|  0%| F|  |TS  0|AC  0|TAMS 0x000000008a000000, 0x000000008a000000|
|  27|0x000000008a100000, 0x000000008a100000, 0x000000008a200000|  0%| F|  |TS  0|AC  0|TAMS 0x000000008a100000, 0x000000008a100000|
|  28|0x000000008a200000, 0x000000008a200000, 0x000000008a300000|  0%| F|  |TS  0|AC  0|TAMS 0x000000008a200000, 0x000000008a200000|
|  29|0x000000008a300000, 0x000000008a300000, 0x000000008a400000|  0%| F|  |TS  0|AC  0|TAMS 0x000000008a300000, 0x000000008a300000|
|  30|0x000000008a400000, 0x000000008a400000, 0x000000008a500000|  0%| F|  |TS  0|AC  0|TAMS 0x000000008a400000, 0x000000008a400000|
|  31|0x000000008a500000, 0x000000008a500000, 0x000000008a600000|  0%| F|  |TS  0|AC  0|TAMS 0x000000008a500000, 0x000000008a500000|
|  32|0x000000008a600000, 0x000000008a600000, 0x000000008a700000|  0%| F|  |TS  0|AC  0|TAMS 0x000000008a600000, 0x000000008a600000|
|  33|0x000000008a700000, 0x000000008a700000, 0x000000008a800000|  0%| F|  |TS  0|AC  0|TAMS 0x000000008a700000, 0x000000008a700000|
|  34|0x000000008a800000, 0x000000008a800000, 0x000000008a900000|  0%| F|  |TS  0|AC  0|TAMS 0x000000008a800000, 0x000000008a800000|
|  35|0x000000008a900000, 0x000000008a900000, 0x000000008aa00000|  0%| F|  |TS  0|AC  0|TAMS 0x000000008a900000, 0x000000008a900000|
|  36|0x000000008aa00000, 0x000000008aa00000, 0x000000008ab00000|  0%| F|  |TS  0|AC  0|TAMS 0x000000008aa00000, 0x000000008aa00000|
|  37|0x000000008ab00000, 0x000000008ab00000, 0x000000008ac00000|  0%| F|  |TS  0|AC  0|TAMS 0x000000008ab00000, 0x000000008ab00000|
|  38|0x000000008ac00000, 0x000000008ac00000, 0x000000008ad00000|  0%| F|  |TS  0|AC  0|TAMS 0x000000008ac00000, 0x000000008ac00000|
|  39|0x000000008ad00000, 0x000000008ad00000, 0x000000008ae00000|  0%| F|  |TS  0|AC  0|TAMS 0x000000008ad00000, 0x000000008ad00000|
|  40|0x000000008ae00000, 0x000000008ae00000, 0x000000008af00000|  0%| F|  |TS  0|AC  0|TAMS 0x000000008ae00000, 0x000000008ae00000|
|  41|0x000000008af00000, 0x000000008af00000, 0x000000008b000000|  0%| F|  |TS  0|AC  0|TAMS 0x000000008af00000, 0x000000008af00000|
|  42|0x000000008b000000, 0x000000008b000000, 0x000000008b100000|  0%| F|  |TS  0|AC  0|TAMS 0x000000008b000000, 0x000000008b000000|
|  43|0x000000008b100000, 0x000000008b100000, 0x000000008b200000|  0%| F|  |TS  0|AC  0|TAMS 0x000000008b100000, 0x000000008b100000|
|  44|0x000000008b200000, 0x000000008b200000, 0x000000008b300000|  0%| F|  |TS  0|AC  0|TAMS 0x000000008b200000, 0x000000008b200000|
|  45|0x000000008b300000, 0x000000008b300000, 0x000000008b400000|  0%| F|  |TS  0|AC  0|TAMS 0x000000008b300000, 0x000000008b300000|
|  46|0x000000008b400000, 0x000000008b400000, 0x000000008b500000|  0%| F|  |TS  0|AC  0|TAMS 0x000000008b400000, 0x000000008b400000|
|  47|0x000000008b500000, 0x000000008b500000, 0x000000008b600000|  0%| F|  |TS  0|AC  0|TAMS 0x000000008b500000, 0x000000008b500000|
|  48|0x000000008b600000, 0x000000008b600000, 0x000000008b700000|  0%| F|  |TS  0|AC  0|TAMS 0x000000008b600000, 0x000000008b600000|
|  49|0x000000008b700000, 0x000000008b700000, 0x000000008b800000|  0%| F|  |TS  0|AC  0|TAMS 0x000000008b700000, 0x000000008b700000|
|  50|0x000000008b800000, 0x000000008b800000, 0x000000008b900000|  0%| F|  |TS  0|AC  0|TAMS 0x000000008b800000, 0x000000008b800000|
|  51|0x000000008b900000, 0x000000008b900000, 0x000000008ba00000|  0%| F|  |TS  0|AC  0|TAMS 0x000000008b900000, 0x000000008b900000|
|  52|0x000000008ba00000, 0x000000008ba00000, 0x000000008bb00000|  0%| F|  |TS  0|AC  0|TAMS 0x000000008ba00000, 0x000000008ba00000|
|  53|0x000000008bb00000, 0x000000008bb00000, 0x000000008bc00000|  0%| F|  |TS  0|AC  0|TAMS 0x000000008bb00000, 0x000000008bb00000|
|  54|0x000000008bc00000, 0x000000008bc00000, 0x000000008bd00000|  0%| F|  |TS  0|AC  0|TAMS 0x000000008bc00000, 0x000000008bc00000|
|  55|0x000000008bd00000, 0x000000008bd00000, 0x000000008be00000|  0%| F|  |TS  0|AC  0|TAMS 0x000000008bd00000, 0x000000008bd00000|
|  56|0x000000008be00000, 0x000000008be00000, 0x000000008bf00000|  0%| F|  |TS  0|AC  0|TAMS 0x000000008be00000, 0x000000008be00000|
|  57|0x000000008bf00000, 0x000000008bf00000, 0x000000008c000000|  0%| F|  |TS  0|AC  0|TAMS 0x000000008bf00000, 0x000000008bf00000|
|  58|0x000000008c000000, 0x000000008c000000, 0x000000008c100000|  0%| F|  |TS  0|AC  0|TAMS 0x000000008c000000, 0x000000008c000000|
|  59|0x000000008c100000, 0x000000008c100000, 0x000000008c200000|  0%| F|  |TS  0|AC  0|TAMS 0x000000008c100000, 0x000000008c100000|
|  60|0x000000008c200000, 0x000000008c200000, 0x000000008c300000|  0%| F|  |TS  0|AC  0|TAMS 0x000000008c200000, 0x000000008c200000|
|  61|0x000000008c300000, 0x000000008c300000, 0x000000008c400000|  0%| F|  |TS  0|AC  0|TAMS 0x000000008c300000, 0x000000008c300000|
|  62|0x000000008c400000, 0x000000008c400000, 0x000000008c500000|  0%| F|  |TS  0|AC  0|TAMS 0x000000008c400000, 0x000000008c400000|
|  63|0x000000008c500000, 0x000000008c500000, 0x000000008c600000|  0%| F|  |TS  0|AC  0|TAMS 0x000000008c500000, 0x000000008c500000|
|  64|0x000000008c600000, 0x000000008c600000, 0x000000008c700000|  0%| F|  |TS  0|AC  0|TAMS 0x000000008c600000, 0x000000008c600000|
|  65|0x000000008c700000, 0x000000008c700000, 0x000000008c800000|  0%| F|  |TS  0|AC  0|TAMS 0x000000008c700000, 0x000000008c700000|
|  66|0x000000008c800000, 0x000000008c800000, 0x000000008c900000|  0%| F|  |TS  0|AC  0|TAMS 0x000000008c800000, 0x000000008c800000|
|  67|0x000000008c900000, 0x000000008c900000, 0x000000008ca00000|  0%| F|  |TS  0|AC  0|TAMS 0x000000008c900000, 0x000000008c900000|
|  68|0x000000008ca00000, 0x000000008ca00000, 0x000000008cb00000|  0%| F|  |TS  0|AC  0|TAMS 0x000000008ca00000, 0x000000008ca00000|
|  69|0x000000008cb00000, 0x000000008cb00000, 0x000000008cc00000|  0%| F|  |TS  0|AC  0|TAMS 0x000000008cb00000, 0x000000008cb00000|
|  70|0x000000008cc00000, 0x000000008cc00000, 0x000000008cd00000|  0%| F|  |TS  0|AC  0|TAMS 0x000000008cc00000, 0x000000008cc00000|
|  71|0x000000008cd00000, 0x000000008cd00000, 0x000000008ce00000|  0%| F|  |TS  0|AC  0|TAMS 0x000000008cd00000, 0x000000008cd00000|
|  72|0x000000008ce00000, 0x000000008ce00000, 0x000000008cf00000|  0%| F|  |TS  0|AC  0|TAMS 0x000000008ce00000, 0x000000008ce00000|
|  73|0x000000008cf00000, 0x000000008cf00000, 0x000000008d000000|  0%| F|  |TS  0|AC  0|TAMS 0x000000008cf00000, 0x000000008cf00000|
|  74|0x000000008d000000, 0x000000008d000000, 0x000000008d100000|  0%| F|  |TS  0|AC  0|TAMS 0x000000008d000000, 0x000000008d000000|
|  75|0x000000008d100000, 0x000000008d100000, 0x000000008d200000|  0%| F|  |TS  0|AC  0|TAMS 0x000000008d100000, 0x000000008d100000|
|  76|0x000000008d200000, 0x000000008d200000, 0x000000008d300000|  0%| F|  |TS  0|AC  0|TAMS 0x000000008d200000, 0x000000008d200000|
|  77|0x000000008d300000, 0x000000008d300000, 0x000000008d400000|  0%| F|  |TS  0|AC  0|TAMS 0x000000008d300000, 0x000000008d300000|
|  78|0x000000008d400000, 0x000000008d400000, 0x000000008d500000|  0%| F|  |TS  0|AC  0|TAMS 0x000000008d400000, 0x000000008d400000|
|  79|0x000000008d500000, 0x000000008d500000, 0x000000008d600000|  0%| F|  |TS  0|AC  0|TAMS 0x000000008d500000, 0x000000008d500000|
|  80|0x000000008d600000, 0x000000008d600000, 0x000000008d700000|  0%| F|  |TS  0|AC  0|TAMS 0x000000008d600000, 0x000000008d600000|
|  81|0x000000008d700000, 0x000000008d700000, 0x000000008d800000|  0%| F|  |TS  0|AC  0|TAMS 0x000000008d700000, 0x000000008d700000|
|  82|0x000000008d800000, 0x000000008d800000, 0x000000008d900000|  0%| F|  |TS  0|AC  0|TAMS 0x000000008d800000, 0x000000008d800000|
|  83|0x000000008d900000, 0x000000008d900000, 0x000000008da00000|  0%| F|  |TS  0|AC  0|TAMS 0x000000008d900000, 0x000000008d900000|
|  84|0x000000008da00000, 0x000000008da00000, 0x000000008db00000|  0%| F|  |TS  0|AC  0|TAMS 0x000000008da00000, 0x000000008da00000|
|  85|0x000000008db00000, 0x000000008db00000, 0x000000008dc00000|  0%| F|  |TS  0|AC  0|TAMS 0x000000008db00000, 0x000000008db00000|
|  86|0x000000008dc00000, 0x000000008dc00000, 0x000000008dd00000|  0%| F|  |TS  0|AC  0|TAMS 0x000000008dc00000, 0x000000008dc00000|
|  87|0x000000008dd00000, 0x000000008dd00000, 0x000000008de00000|  0%| F|  |TS  0|AC  0|TAMS 0x000000008dd00000, 0x000000008dd00000|
|  88|0x000000008de00000, 0x000000008de00000, 0x000000008df00000|  0%| F|  |TS  0|AC  0|TAMS 0x000000008de00000, 0x000000008de00000|
|  89|0x000000008df00000, 0x000000008df00000, 0x000000008e000000|  0%| F|  |TS  0|AC  0|TAMS 0x000000008df00000, 0x000000008df00000|
|  90|0x000000008e000000, 0x000000008e000000, 0x000000008e100000|  0%| F|  |TS  0|AC  0|TAMS 0x000000008e000000, 0x000000008e000000|
|  91|0x000000008e100000, 0x000000008e100000, 0x000000008e200000|  0%| F|  |TS  0|AC  0|TAMS 0x000000008e100000, 0x000000008e100000|
|  92|0x000000008e200000, 0x000000008e200000, 0x000000008e300000|  0%| F|  |TS  0|AC  0|TAMS 0x000000008e200000, 0x000000008e200000|
|  93|0x000000008e300000, 0x000000008e300000, 0x000000008e400000|  0%| F|  |TS  0|AC  0|TAMS 0x000000008e300000, 0x000000008e300000|
|  94|0x000000008e400000, 0x000000008e400000, 0x000000008e500000|  0%| F|  |TS  0|AC  0|TAMS 0x000000008e400000, 0x000000008e400000|
|  95|0x000000008e500000, 0x000000008e500000, 0x000000008e600000|  0%| F|  |TS  0|AC  0|TAMS 0x000000008e500000, 0x000000008e500000|
|  96|0x000000008e600000, 0x000000008e600000, 0x000000008e700000|  0%| F|  |TS  0|AC  0|TAMS 0x000000008e600000, 0x000000008e600000|
|  97|0x000000008e700000, 0x000000008e700000, 0x000000008e800000|  0%| F|  |TS  0|AC  0|TAMS 0x000000008e700000, 0x000000008e700000|
|  98|0x000000008e800000, 0x000000008e800000, 0x000000008e900000|  0%| F|  |TS  0|AC  0|TAMS 0x000000008e800000, 0x000000008e800000|
|  99|0x000000008e900000, 0x000000008e900000, 0x000000008ea00000|  0%| F|  |TS  0|AC  0|TAMS 0x000000008e900000, 0x000000008e900000|
| 100|0x000000008ea00000, 0x000000008ea00000, 0x000000008eb00000|  0%| F|  |TS  0|AC  0|TAMS 0x000000008ea00000, 0x000000008ea00000|
| 101|0x000000008eb00000, 0x000000008eb00000, 0x000000008ec00000|  0%| F|  |TS  0|AC  0|TAMS 0x000000008eb00000, 0x000000008eb00000|
| 102|0x000000008ec00000, 0x000000008ec00000, 0x000000008ed00000|  0%| F|  |TS  0|AC  0|TAMS 0x000000008ec00000, 0x000000008ec00000|
| 103|0x000000008ed00000, 0x000000008ed00000, 0x000000008ee00000|  0%| F|  |TS  0|AC  0|TAMS 0x000000008ed00000, 0x000000008ed00000|
| 104|0x000000008ee00000, 0x000000008ef00000, 0x000000008ef00000|100%| S|CS|TS  1|AC  0|TAMS 0x000000008ee00000, 0x000000008ee00000|
| 105|0x000000008ef00000, 0x000000008f000000, 0x000000008f000000|100%| S|CS|TS  1|AC  0|TAMS 0x000000008ef00000, 0x000000008ef00000|
| 106|0x000000008f000000, 0x000000008f000000, 0x000000008f100000|  0%| F|  |TS  1|AC  0|TAMS 0x000000008f000000, 0x000000008f000000|
| 107|0x000000008f100000, 0x000000008f100000, 0x000000008f200000|  0%| F|  |TS  1|AC  0|TAMS 0x000000008f100000, 0x000000008f100000|
| 108|0x000000008f200000, 0x000000008f200000, 0x000000008f300000|  0%| F|  |TS  1|AC  0|TAMS 0x000000008f200000, 0x000000008f200000|
| 109|0x000000008f300000, 0x000000008f300000, 0x000000008f400000|  0%| F|  |TS  1|AC  0|TAMS 0x000000008f300000, 0x000000008f300000|
| 110|0x000000008f400000, 0x000000008f400000, 0x000000008f500000|  0%| F|  |TS  1|AC  0|TAMS 0x000000008f400000, 0x000000008f400000|
| 111|0x000000008f500000, 0x000000008f500000, 0x000000008f600000|  0%| F|  |TS  1|AC  0|TAMS 0x000000008f500000, 0x000000008f500000|
| 112|0x000000008f600000, 0x000000008f600000, 0x000000008f700000|  0%| F|  |TS  1|AC  0|TAMS 0x000000008f600000, 0x000000008f600000|
| 113|0x000000008f700000, 0x000000008f700000, 0x000000008f800000|  0%| F|  |TS  1|AC  0|TAMS 0x000000008f700000, 0x000000008f700000|
| 114|0x000000008f800000, 0x000000008f800000, 0x000000008f900000|  0%| F|  |TS  1|AC  0|TAMS 0x000000008f800000, 0x000000008f800000|
| 115|0x000000008f900000, 0x000000008f900000, 0x000000008fa00000|  0%| F|  |TS  1|AC  0|TAMS 0x000000008f900000, 0x000000008f900000|
| 116|0x000000008fa00000, 0x000000008fa00000, 0x000000008fb00000|  0%| F|  |TS  1|AC  0|TAMS 0x000000008fa00000, 0x000000008fa00000|
| 117|0x000000008fb00000, 0x000000008fb00000, 0x000000008fc00000|  0%| F|  |TS  1|AC  0|TAMS 0x000000008fb00000, 0x000000008fb00000|
| 118|0x000000008fc00000, 0x000000008fc80800, 0x000000008fd00000| 50%| E|  |TS  1|AC  0|TAMS 0x000000008fc00000, 0x000000008fc00000|
| 119|0x000000008fd00000, 0x000000008fe00000, 0x000000008fe00000|100%| E|CS|TS  1|AC  0|TAMS 0x000000008fd00000, 0x000000008fd00000|

Card table byte_map: [0x00007f057a43b000,0x00007f057a7f8000] byte_map_base: 0x00007f0579ff8000

Marking Bits (Prev, Next): (CMBitMap*) 0x00007f059805eed0, (CMBitMap*) 0x00007f059805ef08
 Prev Bits: [0x00007f0578296000, 0x00007f057a07e000)
 Next Bits: [0x00007f0552218000, 0x00007f0554000000)

Polling page: 0x00007f059e64d000

CodeHeap 'non-profiled nmethods': size=120032Kb used=298Kb max_used=298Kb free=119733Kb
 bounds [0x00007f0583832000, 0x00007f0583aa2000, 0x00007f058ad6a000]
CodeHeap 'profiled nmethods': size=120032Kb used=1656Kb max_used=1656Kb free=118375Kb
 bounds [0x00007f057c2fa000, 0x00007f057c56a000, 0x00007f0583832000]
CodeHeap 'non-nmethods': size=5696Kb used=1194Kb max_used=1215Kb free=4501Kb
 bounds [0x00007f057bd6a000, 0x00007f057bfda000, 0x00007f057c2fa000]
 total_blobs=1416 nmethods=909 adapters=264
 compilation: enabled

Compilation events (10 events):
Event: 44.146 Thread 0x00007f0598188800  916       3       java.lang.AbstractStringBuilder::checkRange (60 bytes)
Event: 44.148 Thread 0x00007f0598188800 nmethod 916 0x00007f057c495210 code [0x00007f057c4954e0, 0x00007f057c496438]
Event: 44.148 Thread 0x00007f0598188800  917       3       java.util.LinkedHashMap$LinkedValues::size (8 bytes)
Event: 44.148 Thread 0x00007f0598188800 nmethod 917 0x00007f057c496890 code [0x00007f057c496a40, 0x00007f057c496b90]
Event: 44.148 Thread 0x00007f0598188800  913       3       org.junit.platform.commons.util.Preconditions::notNull (11 bytes)
Event: 44.149 Thread 0x00007f0598188800 nmethod 913 0x00007f057c496c90 code [0x00007f057c496ec0, 0x00007f057c497708]
Event: 44.149 Thread 0x00007f0598188800  914       3       org.junit.platform.commons.util.Preconditions$$Lambda$11/660143728::get$Lambda (9 bytes)
Event: 44.149 Thread 0x00007f0598188800 nmethod 914 0x00007f057c497a90 code [0x00007f057c497c40, 0x00007f057c497ed0]
Event: 44.149 Thread 0x00007f0598188800  915       3       org.junit.platform.commons.util.Preconditions$$Lambda$11/660143728::<init> (10 bytes)
Event: 44.149 Thread 0x00007f0598188800 nmethod 915 0x00007f057c498010 code [0x00007f057c4981c0, 0x00007f057c4983d0]

GC Heap History (2 events):
Event: 42.078 GC heap before
{Heap before GC invocations=0 (full 0):
 garbage-first heap   total 122880K, used 14336K [0x0000000088600000, 0x00000000887003c0, 0x0000000100000000)
  region size 1024K, 14 young (14336K), 0 survivors (0K)
 Metaspace       used 10080K, capacity 10866K, committed 10880K, reserved 1058816K
  class space    used 1009K, capacity 1143K, committed 1152K, reserved 1048576K
}
Event: 42.093 GC heap after
{Heap after GC invocations=1 (full 0):
 garbage-first heap   total 122880K, used 2761K [0x0000000088600000, 0x00000000887003c0, 0x0000000100000000)
  region size 1024K, 2 young (2048K), 2 survivors (2048K)
 Metaspace       used 10080K, capacity 10866K, committed 10880K, reserved 1058816K
  class space    used 1009K, capacity 1143K, committed 1152K, reserved 1048576K
}

Deoptimization events (6 events):
Event: 0.598 Thread 0x00007f0598015800 Uncommon trap: reason=unstable_if action=reinterpret pc=0x00007f058383511c method=java.lang.String.charAt(I)C @ 4 c2
Event: 0.757 Thread 0x00007f0598015800 Uncommon trap: reason=unstable_if action=reinterpret pc=0x00007f058385e460 method=java.util.HashMap.getNode(ILjava/lang/Object;)Ljava/util/HashMap$Node; @ 62 c2
Event: 0.895 Thread 0x00007f0598015800 Uncommon trap: reason=class_check action=maybe_recompile pc=0x00007f0583867164 method=java.util.HashMap.putVal(ILjava/lang/Object;Ljava/lang/Object;ZZ)Ljava/lang/Object; @ 91 c2
Event: 0.899 Thread 0x00007f0598015800 Uncommon trap: reason=class_check action=maybe_recompile pc=0x00007f0583867164 method=java.util.HashMap.putVal(ILjava/lang/Object;Ljava/lang/Object;ZZ)Ljava/lang/Object; @ 91 c2
Event: 0.906 Thread 0x00007f0598015800 Uncommon trap: reason=class_check action=maybe_recompile pc=0x00007f0583867164 method=java.util.HashMap.putVal(ILjava/lang/Object;Ljava/lang/Object;ZZ)Ljava/lang/Object; @ 91 c2
Event: 0.906 Thread 0x00007f0598015800 Uncommon trap: reason=class_check action=maybe_recompile pc=0x00007f0583867164 method=java.util.HashMap.putVal(ILjava/lang/Object;Ljava/lang/Object;ZZ)Ljava/lang/Object; @ 91 c2

Classes redefined (2 events):
Event: 86.248 Thread 0x00007f0598157000 redefined class name=AVLTree, count=1
Event: 163.462 Thread 0x00007f0598157000 redefined class name=AVLTree, count=2

Internal exceptions (10 events):
Event: 0.863 Thread 0x00007f0598015800 Exception <a 'java/lang/NoSuchMethodError'{0x000000008f3aef48}: java.lang.Object.containsTests(Lorg/junit/platform/engine/TestDescriptor;)Z> (0x000000008f3aef48) thrown at [/scratch/opt/mach5/mesos/work_dir/slaves/5af44a71-976a-41b7-81de-5773b84ec572-S396
Event: 1.002 Thread 0x00007f0598015800 Exception <a 'java/lang/NoSuchMethodError'{0x000000008f12bea0}: method resolution failed> (0x000000008f12bea0) thrown at [/scratch/opt/mach5/mesos/work_dir/slaves/5af44a71-976a-41b7-81de-5773b84ec572-S39643/frameworks/1735e8a2-a1db-478c-8104-60c8b0af87dd-
Event: 1.048 Thread 0x00007f0598015800 Exception <a 'java/lang/NoSuchMethodError'{0x000000008f1f0d10}: java.lang.invoke.DirectMethodHandle$Holder.invokeInterface(Ljava/lang/Object;Ljava/lang/Object;Ljava/lang/Object;)V> (0x000000008f1f0d10) thrown at [/scratch/opt/mach5/mesos/work_dir/slaves/5
Event: 39.478 Thread 0x00007f0598015800 Exception <a 'java/lang/reflect/InvocationTargetException'{0x000000008f053180}> (0x000000008f053180) thrown at [/scratch/opt/mach5/mesos/work_dir/slaves/5af44a71-976a-41b7-81de-5773b84ec572-S39643/frameworks/1735e8a2-a1db-478c-8104-60c8b0af87dd-0196/execu
Event: 39.483 Thread 0x00007f0598015800 Exception <a 'java/lang/NoSuchMethodError'{0x000000008f05bf58}: java.lang.invoke.DirectMethodHandle$Holder.invokeStatic(Ljava/lang/Object;Ljava/lang/Object;Ljava/lang/Object;Ljava/lang/Object;Ljava/lang/Object;)V> (0x000000008f05bf58) thrown at [/scratch/
Event: 39.489 Thread 0x00007f0598015800 Exception <a 'java/lang/NoClassDefFoundError'{0x000000008f08e950}> (0x000000008f08e950) thrown at [/scratch/opt/mach5/mesos/work_dir/slaves/5af44a71-976a-41b7-81de-5773b84ec572-S39643/frameworks/1735e8a2-a1db-478c-8104-60c8b0af87dd-0196/executors/a3f74ad9
Event: 42.071 Thread 0x00007f0598015800 Exception <a 'java/lang/reflect/InvocationTargetException'{0x000000008f0ddab8}> (0x000000008f0ddab8) thrown at [/scratch/opt/mach5/mesos/work_dir/slaves/5af44a71-976a-41b7-81de-5773b84ec572-S39643/frameworks/1735e8a2-a1db-478c-8104-60c8b0af87dd-0196/execu
Event: 42.072 Thread 0x00007f0598015800 Exception <a 'java/lang/NoClassDefFoundError'{0x000000008f0dfad0}: Could not initialize class com.intellij.junit4.ExpectedPatterns> (0x000000008f0dfad0) thrown at [/scratch/opt/mach5/mesos/work_dir/slaves/5af44a71-976a-41b7-81de-5773b84ec572-S39643/framew
Event: 44.143 Thread 0x00007f0598015800 Exception <a 'java/lang/reflect/InvocationTargetException'{0x000000008fd1ffa8}> (0x000000008fd1ffa8) thrown at [/scratch/opt/mach5/mesos/work_dir/slaves/5af44a71-976a-41b7-81de-5773b84ec572-S39643/frameworks/1735e8a2-a1db-478c-8104-60c8b0af87dd-0196/execu
Event: 44.143 Thread 0x00007f0598015800 Exception <a 'java/lang/NoClassDefFoundError'{0x000000008fd21f10}: Could not initialize class com.intellij.junit4.ExpectedPatterns> (0x000000008fd21f10) thrown at [/scratch/opt/mach5/mesos/work_dir/slaves/5af44a71-976a-41b7-81de-5773b84ec572-S39643/framew

Events (10 events):
Event: 163.531 Executing VM operation: GetOrSetLocal done
Event: 163.532 Executing VM operation: GetFrameCount
Event: 163.532 Executing VM operation: GetFrameCount done
Event: 163.532 Executing VM operation: GetFrameLocation
Event: 163.532 Executing VM operation: GetFrameLocation done
Event: 163.533 Executing VM operation: GetFrameLocation
Event: 163.533 Executing VM operation: GetFrameLocation done
Event: 163.533 Executing VM operation: GetOrSetLocal
Event: 163.533 Executing VM operation: GetOrSetLocal done
Event: 163.535 Executing VM operation: GetOrSetLocal


Dynamic libraries:
00400000-00401000 r-xp 00000000 08:05 9310391                            /usr/lib/jvm/java-9-oracle/bin/java
00600000-00601000 rw-p 00000000 08:05 9310391                            /usr/lib/jvm/java-9-oracle/bin/java
02542000-02563000 rw-p 00000000 00:00 0                                  [heap]
88600000-8fe00000 rw-p 00000000 00:00 0 
8fe00000-100000000 ---p 00000000 00:00 0 
100000000-100120000 rw-p 00000000 00:00 0 
100120000-140000000 ---p 00000000 00:00 0 
7f0508000000-7f0508021000 rw-p 00000000 00:00 0 
7f0508021000-7f050c000000 ---p 00000000 00:00 0 
7f0510000000-7f0510021000 rw-p 00000000 00:00 0 
7f0510021000-7f0514000000 ---p 00000000 00:00 0 
7f0514000000-7f0514021000 rw-p 00000000 00:00 0 
7f0514021000-7f0518000000 ---p 00000000 00:00 0 
7f0518000000-7f0518025000 rw-p 00000000 00:00 0 
7f0518025000-7f051c000000 ---p 00000000 00:00 0 
7f051c000000-7f051c023000 rw-p 00000000 00:00 0 
7f051c023000-7f0520000000 ---p 00000000 00:00 0 
7f0520000000-7f0520021000 rw-p 00000000 00:00 0 
7f0520021000-7f0524000000 ---p 00000000 00:00 0 
7f0524000000-7f0524021000 rw-p 00000000 00:00 0 
7f0524021000-7f0528000000 ---p 00000000 00:00 0 
7f0528000000-7f05281c9000 rw-p 00000000 00:00 0 
7f05281c9000-7f052c000000 ---p 00000000 00:00 0 
7f052c000000-7f052c2e1000 rw-p 00000000 00:00 0 
7f052c2e1000-7f0530000000 ---p 00000000 00:00 0 
7f0530000000-7f0530021000 rw-p 00000000 00:00 0 
7f0530021000-7f0534000000 ---p 00000000 00:00 0 
7f0534000000-7f053421b000 rw-p 00000000 00:00 0 
7f053421b000-7f0538000000 ---p 00000000 00:00 0 
7f0538000000-7f0538021000 rw-p 00000000 00:00 0 
7f0538021000-7f053c000000 ---p 00000000 00:00 0 
7f053c000000-7f053c021000 rw-p 00000000 00:00 0 
7f053c021000-7f0540000000 ---p 00000000 00:00 0 
7f0540000000-7f0540090000 rw-p 00000000 00:00 0 
7f0540090000-7f0544000000 ---p 00000000 00:00 0 
7f0544000000-7f0544021000 rw-p 00000000 00:00 0 
7f0544021000-7f0548000000 ---p 00000000 00:00 0 
7f0549c96000-7f054a144000 rw-p 00000000 00:00 0 
7f054a144000-7f054a1c4000 ---p 00000000 00:00 0 
7f054a1c4000-7f054a1c5000 ---p 00000000 00:00 0 
7f054a1c5000-7f054a2c5000 rw-p 00000000 00:00 0 
7f054a2c5000-7f054a2c9000 ---p 00000000 00:00 0 
7f054a2c9000-7f054a3c6000 rw-p 00000000 00:00 0 
7f054a3c6000-7f054a3ca000 ---p 00000000 00:00 0 
7f054a3ca000-7f054a4c7000 rw-p 00000000 00:00 0 
7f054a4c7000-7f054a4cb000 ---p 00000000 00:00 0 
7f054a4cb000-7f054a5c8000 rw-p 00000000 00:00 0 
7f054a5c8000-7f054a5cc000 ---p 00000000 00:00 0 
7f054a5cc000-7f054a6c9000 rw-p 00000000 00:00 0 
7f054a6c9000-7f054a6cd000 r-xp 00000000 08:05 9309897                    /usr/lib/jvm/java-9-oracle/lib/libdt_socket.so
7f054a6cd000-7f054a8cc000 ---p 00004000 08:05 9309897                    /usr/lib/jvm/java-9-oracle/lib/libdt_socket.so
7f054a8cc000-7f054a8cd000 rw-p 00003000 08:05 9309897                    /usr/lib/jvm/java-9-oracle/lib/libdt_socket.so
7f054a8cd000-7f054a8d1000 ---p 00000000 00:00 0 
7f054a8d1000-7f054a9ce000 rw-p 00000000 00:00 0 
7f054a9ce000-7f054a9e4000 r-xp 00000000 08:05 9308406                    /usr/lib/jvm/java-9-oracle/lib/libnet.so
7f054a9e4000-7f054abe4000 ---p 00016000 08:05 9308406                    /usr/lib/jvm/java-9-oracle/lib/libnet.so
7f054abe4000-7f054abe5000 rw-p 00016000 08:05 9308406                    /usr/lib/jvm/java-9-oracle/lib/libnet.so
7f054abe5000-7f054abf5000 r-xp 00000000 08:05 9308393                    /usr/lib/jvm/java-9-oracle/lib/libnio.so
7f054abf5000-7f054adf5000 ---p 00010000 08:05 9308393                    /usr/lib/jvm/java-9-oracle/lib/libnio.so
7f054adf5000-7f054adf6000 rw-p 00010000 08:05 9308393                    /usr/lib/jvm/java-9-oracle/lib/libnio.so
7f054adf6000-7f054adfa000 ---p 00000000 00:00 0 
7f054adfa000-7f054aef7000 rw-p 00000000 00:00 0 
7f054aef7000-7f054aefb000 ---p 00000000 00:00 0 
7f054aefb000-7f054aff8000 rw-p 00000000 00:00 0 
7f054aff8000-7f054affc000 ---p 00000000 00:00 0 
7f054affc000-7f054b0f9000 rw-p 00000000 00:00 0 
7f054b0f9000-7f054b0fd000 ---p 00000000 00:00 0 
7f054b0fd000-7f054b1fa000 rw-p 00000000 00:00 0 
7f054b1fa000-7f054b1fe000 ---p 00000000 00:00 0 
7f054b1fe000-7f054b2fb000 rw-p 00000000 00:00 0 
7f054b2fb000-7f054b2ff000 ---p 00000000 00:00 0 
7f054b2ff000-7f054b3fc000 rw-p 00000000 00:00 0 
7f054b3fc000-7f054b400000 ---p 00000000 00:00 0 
7f054b400000-7f054b4fd000 rw-p 00000000 00:00 0 
7f054b4fd000-7f054b4fe000 ---p 00000000 00:00 0 
7f054b4fe000-7f054bdfe000 rw-p 00000000 00:00 0 
7f054bdfe000-7f054c000000 rw-p 00000000 00:00 0 
7f054c000000-7f054c021000 rw-p 00000000 00:00 0 
7f054c021000-7f0550000000 ---p 00000000 00:00 0 
7f0550016000-7f0550218000 rw-p 00000000 00:00 0 
7f0550218000-7f0552218000 rwxp 00000000 00:00 0 
7f0552218000-7f05523f8000 rw-p 00000000 00:00 0 
7f05523f8000-7f0554000000 ---p 00000000 00:00 0 
7f0554000000-7f0554021000 rw-p 00000000 00:00 0 
7f0554021000-7f0558000000 ---p 00000000 00:00 0 
7f0558000000-7f0558021000 rw-p 00000000 00:00 0 
7f0558021000-7f055c000000 ---p 00000000 00:00 0 
7f055c000000-7f055c021000 rw-p 00000000 00:00 0 
7f055c021000-7f0560000000 ---p 00000000 00:00 0 
7f0560000000-7f0560021000 rw-p 00000000 00:00 0 
7f0560021000-7f0564000000 ---p 00000000 00:00 0 
7f0564000000-7f0564021000 rw-p 00000000 00:00 0 
7f0564021000-7f0568000000 ---p 00000000 00:00 0 
7f0568000000-7f0568021000 rw-p 00000000 00:00 0 
7f0568021000-7f056c000000 ---p 00000000 00:00 0 
7f056c000000-7f056c021000 rw-p 00000000 00:00 0 
7f056c021000-7f0570000000 ---p 00000000 00:00 0 
7f0570000000-7f0570021000 rw-p 00000000 00:00 0 
7f0570021000-7f0574000000 ---p 00000000 00:00 0 
7f0574000000-7f0574021000 rw-p 00000000 00:00 0 
7f0574021000-7f0578000000 ---p 00000000 00:00 0 
7f057801e000-7f0578094000 rw-p 00000000 00:00 0 
7f0578094000-7f0578095000 ---p 00000000 00:00 0 
7f0578095000-7f0578195000 rw-p 00000000 00:00 0 
7f0578195000-7f0578196000 ---p 00000000 00:00 0 
7f0578196000-7f0578476000 rw-p 00000000 00:00 0 
7f0578476000-7f057a07e000 ---p 00000000 00:00 0 
7f057a07e000-7f057a0ba000 rw-p 00000000 00:00 0 
7f057a0ba000-7f057a43b000 ---p 00000000 00:00 0 
7f057a43b000-7f057a477000 rw-p 00000000 00:00 0 
7f057a477000-7f057abb5000 ---p 00000000 00:00 0 
7f057abb5000-7f057abf1000 rw-p 00000000 00:00 0 
7f057abf1000-7f057af72000 ---p 00000000 00:00 0 
7f057af72000-7f057af73000 ---p 00000000 00:00 0 
7f057af73000-7f057b073000 rw-p 00000000 00:00 0 
7f057b073000-7f057b074000 ---p 00000000 00:00 0 
7f057b074000-7f057b174000 rw-p 00000000 00:00 0 
7f057b174000-7f057b175000 ---p 00000000 00:00 0 
7f057b175000-7f057b275000 rw-p 00000000 00:00 0 
7f057b275000-7f057b276000 ---p 00000000 00:00 0 
7f057b276000-7f057b376000 rw-p 00000000 00:00 0 
7f057b376000-7f057b377000 ---p 00000000 00:00 0 
7f057b377000-7f057b87b000 rw-p 00000000 00:00 0 
7f057b87b000-7f057b87c000 ---p 00000000 00:00 0 
7f057b87c000-7f057b97c000 rw-p 00000000 00:00 0 
7f057b97c000-7f057b97d000 ---p 00000000 00:00 0 
7f057b97d000-7f057ba7d000 rw-p 00000000 00:00 0 
7f057ba7d000-7f057ba7e000 ---p 00000000 00:00 0 
7f057ba7e000-7f057bb7e000 rw-p 00000000 00:00 0 
7f057bb7e000-7f057bb7f000 ---p 00000000 00:00 0 
7f057bb7f000-7f057bc84000 rw-p 00000000 00:00 0 
7f057bc84000-7f057bd6a000 ---p 00000000 00:00 0 
7f057bd6a000-7f057bfda000 rwxp 00000000 00:00 0 
7f057bfda000-7f057c2fa000 ---p 00000000 00:00 0 
7f057c2fa000-7f057c56a000 rwxp 00000000 00:00 0 
7f057c56a000-7f0583832000 ---p 00000000 00:00 0 
7f0583832000-7f0583aa2000 rwxp 00000000 00:00 0 
7f0583aa2000-7f058ad6a000 ---p 00000000 00:00 0 
7f058ad6a000-7f0596227000 r--s 00000000 08:05 9308212                    /usr/lib/jvm/java-9-oracle/lib/modules
7f0596227000-7f0596241000 r-xp 00000000 08:05 9308194                    /usr/lib/jvm/java-9-oracle/lib/libjimage.so
7f0596241000-7f0596440000 ---p 0001a000 08:05 9308194                    /usr/lib/jvm/java-9-oracle/lib/libjimage.so
7f0596440000-7f0596442000 rw-p 00019000 08:05 9308194                    /usr/lib/jvm/java-9-oracle/lib/libjimage.so
7f0596442000-7f0596454000 rw-p 00000000 00:00 0 
7f0596454000-7f059645b000 r-xp 00000000 08:05 9308381                    /usr/lib/jvm/java-9-oracle/lib/libzip.so
7f059645b000-7f059665a000 ---p 00007000 08:05 9308381                    /usr/lib/jvm/java-9-oracle/lib/libzip.so
7f059665a000-7f059665b000 rw-p 00006000 08:05 9308381                    /usr/lib/jvm/java-9-oracle/lib/libzip.so
7f059665b000-7f0596665000 r-xp 00000000 08:05 9044447                    /lib/x86_64-linux-gnu/libnss_files-2.19.so
7f0596665000-7f0596864000 ---p 0000a000 08:05 9044447                    /lib/x86_64-linux-gnu/libnss_files-2.19.so
7f0596864000-7f0596865000 r--p 00009000 08:05 9044447                    /lib/x86_64-linux-gnu/libnss_files-2.19.so
7f0596865000-7f0596866000 rw-p 0000a000 08:05 9044447                    /lib/x86_64-linux-gnu/libnss_files-2.19.so
7f0596866000-7f0596871000 r-xp 00000000 08:05 9044459                    /lib/x86_64-linux-gnu/libnss_nis-2.19.so
7f0596871000-7f0596a70000 ---p 0000b000 08:05 9044459                    /lib/x86_64-linux-gnu/libnss_nis-2.19.so
7f0596a70000-7f0596a71000 r--p 0000a000 08:05 9044459                    /lib/x86_64-linux-gnu/libnss_nis-2.19.so
7f0596a71000-7f0596a72000 rw-p 0000b000 08:05 9044459                    /lib/x86_64-linux-gnu/libnss_nis-2.19.so
7f0596a72000-7f0596a89000 r-xp 00000000 08:05 9044474                    /lib/x86_64-linux-gnu/libnsl-2.19.so
7f0596a89000-7f0596c88000 ---p 00017000 08:05 9044474                    /lib/x86_64-linux-gnu/libnsl-2.19.so
7f0596c88000-7f0596c89000 r--p 00016000 08:05 9044474                    /lib/x86_64-linux-gnu/libnsl-2.19.so
7f0596c89000-7f0596c8a000 rw-p 00017000 08:05 9044474                    /lib/x86_64-linux-gnu/libnsl-2.19.so
7f0596c8a000-7f0596c8c000 rw-p 00000000 00:00 0 
7f0596c8c000-7f0596c95000 r-xp 00000000 08:05 9044461                    /lib/x86_64-linux-gnu/libnss_compat-2.19.so
7f0596c95000-7f0596e94000 ---p 00009000 08:05 9044461                    /lib/x86_64-linux-gnu/libnss_compat-2.19.so
7f0596e94000-7f0596e95000 r--p 00008000 08:05 9044461                    /lib/x86_64-linux-gnu/libnss_compat-2.19.so
7f0596e95000-7f0596e96000 rw-p 00009000 08:05 9044461                    /lib/x86_64-linux-gnu/libnss_compat-2.19.so
7f0596e96000-7f0597578000 r--p 00000000 08:05 8264582                    /usr/lib/locale/locale-archive
7f0597578000-7f0597582000 r-xp 00000000 08:05 9308195                    /usr/lib/jvm/java-9-oracle/lib/libinstrument.so
7f0597582000-7f0597781000 ---p 0000a000 08:05 9308195                    /usr/lib/jvm/java-9-oracle/lib/libinstrument.so
7f0597781000-7f0597782000 rw-p 00009000 08:05 9308195                    /usr/lib/jvm/java-9-oracle/lib/libinstrument.so
7f0597782000-7f05977bd000 r-xp 00000000 08:05 9310371                    /usr/lib/jvm/java-9-oracle/lib/libjdwp.so
7f05977bd000-7f05979bc000 ---p 0003b000 08:05 9310371                    /usr/lib/jvm/java-9-oracle/lib/libjdwp.so
7f05979bc000-7f05979bd000 rw-p 0003a000 08:05 9310371                    /usr/lib/jvm/java-9-oracle/lib/libjdwp.so
7f05979bd000-7f05979be000 rw-p 00000000 00:00 0 
7f05979be000-7f05979e9000 r-xp 00000000 08:05 9308388                    /usr/lib/jvm/java-9-oracle/lib/libjava.so
7f05979e9000-7f0597be8000 ---p 0002b000 08:05 9308388                    /usr/lib/jvm/java-9-oracle/lib/libjava.so
7f0597be8000-7f0597bea000 rw-p 0002a000 08:05 9308388                    /usr/lib/jvm/java-9-oracle/lib/libjava.so
7f0597bea000-7f0597bf7000 r-xp 00000000 08:05 9308214                    /usr/lib/jvm/java-9-oracle/lib/libverify.so
7f0597bf7000-7f0597df6000 ---p 0000d000 08:05 9308214                    /usr/lib/jvm/java-9-oracle/lib/libverify.so
7f0597df6000-7f0597df8000 rw-p 0000c000 08:05 9308214                    /usr/lib/jvm/java-9-oracle/lib/libverify.so
7f0597df8000-7f0597dff000 r-xp 00000000 08:05 9044472                    /lib/x86_64-linux-gnu/librt-2.19.so
7f0597dff000-7f0597ffe000 ---p 00007000 08:05 9044472                    /lib/x86_64-linux-gnu/librt-2.19.so
7f0597ffe000-7f0597fff000 r--p 00006000 08:05 9044472                    /lib/x86_64-linux-gnu/librt-2.19.so
7f0597fff000-7f0598000000 rw-p 00007000 08:05 9044472                    /lib/x86_64-linux-gnu/librt-2.19.so
7f0598000000-7f0598475000 rw-p 00000000 00:00 0 
7f0598475000-7f059c000000 ---p 00000000 00:00 0 
7f059c048000-7f059c0a8000 rw-p 00000000 00:00 0 
7f059c0a8000-7f059c18e000 ---p 00000000 00:00 0 
7f059c18e000-7f059c293000 r-xp 00000000 08:05 9044463                    /lib/x86_64-linux-gnu/libm-2.19.so
7f059c293000-7f059c492000 ---p 00105000 08:05 9044463                    /lib/x86_64-linux-gnu/libm-2.19.so
7f059c492000-7f059c493000 r--p 00104000 08:05 9044463                    /lib/x86_64-linux-gnu/libm-2.19.so
7f059c493000-7f059c494000 rw-p 00105000 08:05 9044463                    /lib/x86_64-linux-gnu/libm-2.19.so
7f059c494000-7f059d4a9000 r-xp 00000000 08:05 11016043                   /usr/lib/jvm/java-9-oracle/lib/server/libjvm.so
7f059d4a9000-7f059d6a8000 ---p 01015000 08:05 11016043                   /usr/lib/jvm/java-9-oracle/lib/server/libjvm.so
7f059d6a8000-7f059d779000 r--p 01014000 08:05 11016043                   /usr/lib/jvm/java-9-oracle/lib/server/libjvm.so
7f059d779000-7f059d7b0000 rw-p 010e5000 08:05 11016043                   /usr/lib/jvm/java-9-oracle/lib/server/libjvm.so
7f059d7b0000-7f059d819000 rw-p 00000000 00:00 0 
7f059d819000-7f059d9d7000 r-xp 00000000 08:05 9044479                    /lib/x86_64-linux-gnu/libc-2.19.so
7f059d9d7000-7f059dbd7000 ---p 001be000 08:05 9044479                    /lib/x86_64-linux-gnu/libc-2.19.so
7f059dbd7000-7f059dbdb000 r--p 001be000 08:05 9044479                    /lib/x86_64-linux-gnu/libc-2.19.so
7f059dbdb000-7f059dbdd000 rw-p 001c2000 08:05 9044479                    /lib/x86_64-linux-gnu/libc-2.19.so
7f059dbdd000-7f059dbe2000 rw-p 00000000 00:00 0 
7f059dbe2000-7f059dbe5000 r-xp 00000000 08:05 9044475                    /lib/x86_64-linux-gnu/libdl-2.19.so
7f059dbe5000-7f059dde4000 ---p 00003000 08:05 9044475                    /lib/x86_64-linux-gnu/libdl-2.19.so
7f059dde4000-7f059dde5000 r--p 00002000 08:05 9044475                    /lib/x86_64-linux-gnu/libdl-2.19.so
7f059dde5000-7f059dde6000 rw-p 00003000 08:05 9044475                    /lib/x86_64-linux-gnu/libdl-2.19.so
7f059dde6000-7f059ddf4000 r-xp 00000000 08:05 11016047                   /usr/lib/jvm/java-9-oracle/lib/jli/libjli.so
7f059ddf4000-7f059dff4000 ---p 0000e000 08:05 11016047                   /usr/lib/jvm/java-9-oracle/lib/jli/libjli.so
7f059dff4000-7f059dff5000 rw-p 0000e000 08:05 11016047                   /usr/lib/jvm/java-9-oracle/lib/jli/libjli.so
7f059dff5000-7f059e00e000 r-xp 00000000 08:05 9044471                    /lib/x86_64-linux-gnu/libpthread-2.19.so
7f059e00e000-7f059e20d000 ---p 00019000 08:05 9044471                    /lib/x86_64-linux-gnu/libpthread-2.19.so
7f059e20d000-7f059e20e000 r--p 00018000 08:05 9044471                    /lib/x86_64-linux-gnu/libpthread-2.19.so
7f059e20e000-7f059e20f000 rw-p 00019000 08:05 9044471                    /lib/x86_64-linux-gnu/libpthread-2.19.so
7f059e20f000-7f059e213000 rw-p 00000000 00:00 0 
7f059e213000-7f059e22b000 r-xp 00000000 08:05 9048643                    /lib/x86_64-linux-gnu/libz.so.1.2.8
7f059e22b000-7f059e42a000 ---p 00018000 08:05 9048643                    /lib/x86_64-linux-gnu/libz.so.1.2.8
7f059e42a000-7f059e42b000 r--p 00017000 08:05 9048643                    /lib/x86_64-linux-gnu/libz.so.1.2.8
7f059e42b000-7f059e42c000 rw-p 00018000 08:05 9048643                    /lib/x86_64-linux-gnu/libz.so.1.2.8
7f059e42c000-7f059e44f000 r-xp 00000000 08:05 9044466                    /lib/x86_64-linux-gnu/ld-2.19.so
7f059e46c000-7f059e473000 r--s 00000000 08:05 8660295                    /usr/lib/x86_64-linux-gnu/gconv/gconv-modules.cache
7f059e473000-7f059e52b000 rw-p 00000000 00:00 0 
7f059e52b000-7f059e530000 ---p 00000000 00:00 0 
7f059e530000-7f059e631000 rw-p 00000000 00:00 0 
7f059e634000-7f059e63b000 rw-p 00000000 00:00 0 
7f059e63b000-7f059e642000 ---p 00000000 00:00 0 
7f059e642000-7f059e644000 r--s 00001000 08:05 1840677                    /opt/intellij-idea-community/lib/rt/debugger-agent-storage.jar
7f059e644000-7f059e64c000 rw-s 00000000 08:05 1841809                    /tmp/hsperfdata_noah/5944
7f059e64c000-7f059e64d000 rw-p 00000000 00:00 0 
7f059e64d000-7f059e64e000 ---p 00000000 00:00 0 
7f059e64e000-7f059e64f000 r--p 00022000 08:05 9044466                    /lib/x86_64-linux-gnu/ld-2.19.so
7f059e64f000-7f059e650000 rw-p 00023000 08:05 9044466                    /lib/x86_64-linux-gnu/ld-2.19.so
7f059e650000-7f059e651000 rw-p 00000000 00:00 0 
7ffd83c7b000-7ffd83c9d000 rw-p 00000000 00:00 0                          [stack]
7ffd83d7a000-7ffd83d7c000 r--p 00000000 00:00 0                          [vvar]
7ffd83d7c000-7ffd83d7e000 r-xp 00000000 00:00 0                          [vdso]
ffffffffff600000-ffffffffff601000 r-xp 00000000 00:00 0                  [vsyscall]

VM Arguments:
jvm_args: -agentlib:jdwp=transport=dt_socket,address=127.0.0.1:34739,suspend=y,server=n -ea -Didea.test.cyclic.buffer.size=1048576 -javaagent:/opt/intellij-idea-community/lib/rt/debugger-agent.jar=/tmp/capture.props -Dfile.encoding=UTF-8 
java_command: com.intellij.rt.execution.junit.JUnitStarter -ideVersion5 -junit5 AVLTreeTest
java_class_path (initial): /opt/intellij-idea-community/lib/idea_rt.jar:/opt/intellij-idea-community/plugins/junit/lib/junit-rt.jar:/opt/intellij-idea-community/plugins/junit/lib/junit5-rt.jar:/home/noah/.m2/repository/org/junit/platform/junit-platform-launcher/1.0.0/junit-platform-launcher-1.0.0.jar:/home/noah/.m2/repository/org/apiguardian/apiguardian-api/1.0.0/apiguardian-api-1.0.0.jar:/home/noah/.m2/repository/org/junit/platform/junit-platform-engine/1.0.0/junit-platform-engine-1.0.0.jar:/home/noah/.m2/repository/org/junit/platform/junit-platform-commons/1.0.0/junit-platform-commons-1.0.0.jar:/home/noah/.m2/repository/org/opentest4j/opentest4j/1.0.0/opentest4j-1.0.0.jar:/home/noah/.m2/repository/org/junit/jupiter/junit-jupiter-engine/5.0.0/junit-jupiter-engine-5.0.0.jar:/home/noah/.m2/repository/org/junit/jupiter/junit-jupiter-api/5.0.0/junit-jupiter-api-5.0.0.jar:/home/noah/DSA-18/trees/out/test/day01:/home/noah/DSA-18/trees/out/production/day01
Launcher Type: SUN_STANDARD

Logging:
Log output configuration:
#0: stdout all=warning uptime,level,tags
#1: stderr all=off uptime,level,tags

Environment Variables:
JAVA_HOME=/usr/lib/jvm/java-9-oracle
PATH=/usr/local/sbin:/usr/local/bin:/usr/sbin:/usr/bin:/sbin:/bin:/usr/games:/usr/local/games:/usr/lib/jvm/java-9-oracle/bin:/usr/lib/jvm/java-9-oracle/db/bin
SHELL=/bin/bash
DISPLAY=:0

Signal Handlers:
SIGSEGV: [libjvm.so+0xd4d370], sa_mask[0]=11111111011111111101111111111110, sa_flags=SA_RESTART|SA_SIGINFO
SIGBUS: [libjvm.so+0xd4d370], sa_mask[0]=11111111011111111101111111111110, sa_flags=SA_RESTART|SA_SIGINFO
SIGFPE: [libjvm.so+0xd4d370], sa_mask[0]=11111111011111111101111111111110, sa_flags=SA_RESTART|SA_SIGINFO
SIGPIPE: [libjvm.so+0xb64780], sa_mask[0]=11111111011111111101111111111110, sa_flags=SA_RESTART|SA_SIGINFO
SIGXFSZ: [libjvm.so+0xb64780], sa_mask[0]=11111111011111111101111111111110, sa_flags=SA_RESTART|SA_SIGINFO
SIGILL: [libjvm.so+0xd4d370], sa_mask[0]=11111111011111111101111111111110, sa_flags=SA_RESTART|SA_SIGINFO
SIGUSR2: [libjvm.so+0xb64640], sa_mask[0]=00100000000000000000000000000000, sa_flags=SA_RESTART|SA_SIGINFO
SIGHUP: [libjvm.so+0xb64850], sa_mask[0]=11111111011111111101111111111110, sa_flags=SA_RESTART|SA_SIGINFO
SIGINT: [libjvm.so+0xb64850], sa_mask[0]=11111111011111111101111111111110, sa_flags=SA_RESTART|SA_SIGINFO
SIGTERM: [libjvm.so+0xb64850], sa_mask[0]=11111111011111111101111111111110, sa_flags=SA_RESTART|SA_SIGINFO
SIGQUIT: [libjvm.so+0xb64850], sa_mask[0]=11111111011111111101111111111110, sa_flags=SA_RESTART|SA_SIGINFO


---------------  S Y S T E M  ---------------

OS:DISTRIB_ID=Ubuntu
DISTRIB_RELEASE=14.04
DISTRIB_CODENAME=trusty
DISTRIB_DESCRIPTION="Ubuntu 14.04.5 LTS"
uname:Linux 4.4.0-96-generic #119~14.04.1-Ubuntu SMP Wed Sep 13 08:40:48 UTC 2017 x86_64
libc:glibc 2.19 NPTL 2.19 
rlimit: STACK 8192k, CORE 0k, NPROC 30505, NOFILE 4096, AS infinity
load average:0.76 0.69 0.56

/proc/meminfo:
MemTotal:        7834656 kB
MemFree:         2025048 kB
MemAvailable:    3584492 kB
Buffers:          240572 kB
Cached:          1933480 kB
SwapCached:            0 kB
Active:          4241016 kB
Inactive:        1183612 kB
Active(anon):    3259592 kB
Inactive(anon):   468516 kB
Active(file):     981424 kB
Inactive(file):   715096 kB
Unevictable:         288 kB
Mlocked:             288 kB
SwapTotal:       8042492 kB
SwapFree:        8042492 kB
Dirty:              3536 kB
Writeback:             0 kB
AnonPages:       3250724 kB
Mapped:           655900 kB
Shmem:            477536 kB
Slab:             213812 kB
SReclaimable:     170776 kB
SUnreclaim:        43036 kB
KernelStack:       12928 kB
PageTables:        57412 kB
NFS_Unstable:          0 kB
Bounce:                0 kB
WritebackTmp:          0 kB
CommitLimit:    11959820 kB
Committed_AS:   10416752 kB
VmallocTotal:   34359738367 kB
VmallocUsed:           0 kB
VmallocChunk:          0 kB
HardwareCorrupted:     0 kB
AnonHugePages:   1222656 kB
CmaTotal:              0 kB
CmaFree:               0 kB
HugePages_Total:       0
HugePages_Free:        0
HugePages_Rsvd:        0
HugePages_Surp:        0
Hugepagesize:       2048 kB
DirectMap4k:      189912 kB
DirectMap2M:     5756928 kB
DirectMap1G:     3145728 kB


CPU:total 4 (initial active 4) (2 cores per cpu, 2 threads per core) family 6 model 78 stepping 3, cmov, cx8, fxsr, mmx, sse, sse2, sse3, ssse3, sse4.1, sse4.2, popcnt, avx, avx2, aes, clmul, erms, rtm, 3dnowpref, lzcnt, ht, tsc, tscinvbit, bmi1, bmi2, adx, fma
CPU Model and flags from /proc/cpuinfo:
model name	: Intel(R) Core(TM) i7-6600U CPU @ 2.60GHz
flags		: fpu vme de pse tsc msr pae mce cx8 apic sep mtrr pge mca cmov pat pse36 clflush dts acpi mmx fxsr sse sse2 ss ht tm pbe syscall nx pdpe1gb rdtscp lm constant_tsc art arch_perfmon pebs bts rep_good nopl xtopology nonstop_tsc aperfmperf eagerfpu pni pclmulqdq dtes64 monitor ds_cpl vmx smx est tm2 ssse3 sdbg fma cx16 xtpr pdcm pcid sse4_1 sse4_2 x2apic movbe popcnt tsc_deadline_timer aes xsave avx f16c rdrand lahf_lm abm 3dnowprefetch epb intel_pt tpr_shadow vnmi flexpriority ept vpid fsgsbase tsc_adjust bmi1 hle avx2 smep bmi2 erms invpcid rtm mpx rdseed adx smap clflushopt xsaveopt xsavec xgetbv1 dtherm ida arat pln pts hwp hwp_notify hwp_act_window hwp_epp

Memory: 4k page, physical 7834656k(2025048k free), swap 8042492k(8042492k free)

vm_info: Java HotSpot(TM) 64-Bit Server VM (9.0.4+11) for linux-amd64 JRE (9.0.4+11), built on Dec 19 2017 18:12:19 by "mach5one" with gcc 4.9.2

END.
