#
# A fatal error has been detected by the Java Runtime Environment:
#
#  SIGSEGV (0xb) at pc=0x00007f685bb22ade, pid=6742, tid=6757
#
# JRE version: Java(TM) SE Runtime Environment (9.0+11) (build 9.0.4+11)
# Java VM: Java HotSpot(TM) 64-Bit Server VM (9.0.4+11, mixed mode, tiered, compressed oops, g1 gc, linux-amd64)
# Problematic frame:
# V  [libjvm.so+0x812ade]  InstanceKlass::allocate_instance(Thread*)+0xae
#
# Core dump will be written. Default location: Core dumps may be processed with "/usr/share/apport/apport %p %s %c %P" (or dumping to /home/noah/DSA-18/sorting/core.6742)
#
# If you would like to submit a bug report, please visit:
#   http://bugreport.java.com/bugreport/crash.jsp
#

---------------  S U M M A R Y ------------

Command Line: -agentlib:jdwp=transport=dt_socket,address=127.0.0.1:35830,suspend=y,server=n -ea -Didea.test.cyclic.buffer.size=1048576 -javaagent:/opt/intellij-idea-community/lib/rt/debugger-agent.jar=/tmp/capture.props -Dfile.encoding=UTF-8 com.intellij.rt.execution.junit.JUnitStarter -ideVersion5 -junit5 SkylineTest

Host: Intel(R) Core(TM) i7-6600U CPU @ 2.60GHz, 4 cores, 7G, Ubuntu 14.04.5 LTS
Time: Thu Mar  1 08:12:28 2018 EST elapsed time: 698 seconds (0d 0h 11m 38s)

---------------  T H R E A D  ---------------

Current thread (0x00007f6854157000):  VMThread "VM Thread" [stack: 0x00007f6810330000,0x00007f6810430000] [id=6757]

Stack: [0x00007f6810330000,0x00007f6810430000],  sp=0x00007f681042e170,  free space=1016k
Native frames: (J=compiled Java code, A=aot compiled Java code, j=interpreted, Vv=VM code, C=native code)
V  [libjvm.so+0x812ade]  InstanceKlass::allocate_instance(Thread*)+0xae
V  [libjvm.so+0x83ee9d]  java_lang_String::basic_create(int, bool, Thread*)+0x2d
V  [libjvm.so+0x83f125]  java_lang_String::create_from_str(char const*, Thread*)+0x45
V  [libjvm.so+0x70755d]  Exceptions::new_exception(Thread*, Symbol*, char const*, Exceptions::ExceptionMsgToUtf8Mode)+0x10d
V  [libjvm.so+0x7a97b6]  GenerateOopMap::verify_error(char const*, ...)+0x86
V  [libjvm.so+0x7aaadc]  GenerateOopMap::ppstore(CellTypeState*, int)+0x10c
V  [libjvm.so+0x7acb36]  GenerateOopMap::interp1(BytecodeStream*)+0x296
V  [libjvm.so+0x7ae454]  GenerateOopMap::interp_bb(BasicBlock*)+0x2a4
V  [libjvm.so+0x7b021f]  GenerateOopMap::do_interpretation()+0x9f
V  [libjvm.so+0x7b05fb]  GenerateOopMap::compute_map(Thread*)+0x26b
V  [libjvm.so+0xb5a587]  OopMapForCacheEntry::compute_map(Thread*)+0x67
V  [libjvm.so+0xb5b1fc]  OopMapCacheEntry::fill(methodHandle, int)+0x12c
V  [libjvm.so+0xb5ba42]  OopMapCache::compute_one_oop_map(methodHandle const&, int, InterpreterOopMap*)+0x102
V  [libjvm.so+0xb5bd56]  OopMapCache::lookup(methodHandle const&, int, InterpreterOopMap*) const+0x216
V  [libjvm.so+0xafb584]  Method::mask_for(int, InterpreterOopMap*)+0x74
V  [libjvm.so+0x9a5a4d]  VM_GetOrSetLocal::doit()+0x4d
V  [libjvm.so+0xd5d4f9]  VM_Operation::evaluate()+0x59
V  [libjvm.so+0xd5b243]  VMThread::evaluate_operation(VM_Operation*)+0xc3
V  [libjvm.so+0xd5b7b0]  VMThread::loop()+0x210
V  [libjvm.so+0xd5bcc2]  VMThread::run()+0x72
V  [libjvm.so+0xb6e132]  thread_native_entry(Thread*)+0xf2


siginfo: si_signo: 11 (SIGSEGV), si_code: 128 (SI_KERNEL), si_addr: 0x0000000000000000

Register to memory mapping:

RAX=0x00490e1e00480e27 is an unknown value
RBX=0x00490e1e00480e0f is an unknown value
RCX=0x0000000000000000 is an unknown value
RDX=0x1ff7be453ff6fe46 is an unknown value
RSP=0x00007f681042e170 is an unknown value
RBP=0x00007f681042e1d0 is an unknown value
RSI=0x00007f6854157000 is an unknown value
RDI=0x00000001000016d0 is pointing into metadata
R8 =0x0000000000000073 is an unknown value
R9 =0x0000000000000073 is an unknown value
R10=0x00007f685ca55fe0: <offset 0x00000000003c0fe0> in /lib/x86_64-linux-gnu/libc.so.6 at 0x00007f685c695000
R11=
[error occurred during error reporting (printing register info), id 0xb]

Registers:
RAX=0x00490e1e00480e27, RBX=0x00490e1e00480e0f, RCX=0x0000000000000000, RDX=0x1ff7be453ff6fe46
RSP=0x00007f681042e170, RBP=0x00007f681042e1d0, RSI=0x00007f6854157000, RDI=0x00000001000016d0
R8 =0x0000000000000073, R9 =0x0000000000000073, R10=0x00007f685ca55fe0, R11=0x00000000fffffff3
R12=0x00007f6854157000, R13=0x0000000000000055, R14=0x00007f685c641539, R15=0x0000000000000003
RIP=0x00007f685bb22ade, EFLAGS=0x0000000000010202, CSGSFS=0x0000000000000033, ERR=0x0000000000000000
  TRAPNO=0x000000000000000d

Top of Stack: (sp=0x00007f681042e170)
0x00007f681042e170:   2fffffff4fffffff 0020003100000003
0x00007f681042e180:   00000001000016d0 0000000000000000
0x00007f681042e190:   0000000000000000 0000000000000000
0x00007f681042e1a0:   2fffffffffffffff 00007f6854157000 

Instructions: (pc=0x00007f685bb22ade)
0x00007f685bb22abe:   24 08 48 85 c0 0f 85 f7 00 00 00 4c 8d 35 69 ea
0x00007f685bb22ace:   b1 00 41 80 3e 00 0f 84 46 01 00 00 49 83 ff 02
0x00007f685bb22ade:   c7 43 0c 00 00 00 00 48 8d 7b 10 49 8d 47 fd 74
0x00007f685bb22aee:   0f 48 8d 14 c5 08 00 00 00 31 f6 e8 32 f5 a5 ff 

VM_Operation (0x00007f68094cda30): GetOrSetLocal, mode: safepoint, requested by thread 0x00007f685427d800


---------------  P R O C E S S  ---------------

Java Threads: ( => current thread )
  0x00007f6854308000 JavaThread "Service Thread" daemon [_thread_blocked, id=6771, stack(0x00007f68090cb000,0x00007f68091cc000)]
  0x00007f67d8001000 JavaThread "JDWP Command Reader" daemon [_thread_in_native, id=6770, stack(0x00007f68091cc000,0x00007f68092cd000)]
  0x00007f6854281800 JavaThread "JDWP Event Helper Thread" daemon [_thread_blocked, id=6768, stack(0x00007f68092cd000,0x00007f68093ce000)]
  0x00007f685427d800 JavaThread "JDWP Transport Listener: dt_socket" daemon [_thread_blocked, id=6766, stack(0x00007f68093ce000,0x00007f68094cf000)]
  0x00007f68541ce800 JavaThread "Common-Cleaner" daemon [_thread_blocked, id=6765, stack(0x00007f68096d3000,0x00007f68097d4000)]
  0x00007f685418a800 JavaThread "Sweeper thread" daemon [_thread_blocked, id=6764, stack(0x00007f6809bfc000,0x00007f6809cfd000)]
  0x00007f6854188800 JavaThread "C1 CompilerThread2" daemon [_thread_blocked, id=6763, stack(0x00007f6809cfd000,0x00007f6809dfe000)]
  0x00007f6854186800 JavaThread "C2 CompilerThread1" daemon [_thread_blocked, id=6762, stack(0x00007f6809dfe000,0x00007f6809eff000)]
  0x00007f6854184800 JavaThread "C2 CompilerThread0" daemon [_thread_blocked, id=6761, stack(0x00007f6809eff000,0x00007f680a000000)]
  0x00007f6854183000 JavaThread "Signal Dispatcher" daemon [_thread_blocked, id=6760, stack(0x00007f681002c000,0x00007f681012d000)]
  0x00007f6854169000 JavaThread "Finalizer" daemon [_thread_blocked, id=6759, stack(0x00007f681012d000,0x00007f681022e000)]
  0x00007f6854160800 JavaThread "Reference Handler" daemon [_thread_blocked, id=6758, stack(0x00007f681022e000,0x00007f681032f000)]
  0x00007f6854015800 JavaThread "main" [_thread_blocked, id=6743, stack(0x00007f685d3a8000,0x00007f685d4a8000)]

Other Threads:
=>0x00007f6854157000 VMThread "VM Thread" [stack: 0x00007f6810330000,0x00007f6810430000] [id=6757]
  0x00007f685430b800 WatcherThread [stack: 0x00007f6808fcb000,0x00007f68090cb000] [id=6772]
  0x00007f685402d800 GCTaskThread "GC Thread#0" [stack: 0x00007f6858f5b000,0x00007f685905b000] [id=6746]
  0x00007f685402f000 GCTaskThread "GC Thread#1" [stack: 0x00007f6858e5a000,0x00007f6858f5a000] [id=6747]
  0x00007f6854030800 GCTaskThread "GC Thread#2" [stack: 0x00007f6858d59000,0x00007f6858e59000] [id=6748]
  0x00007f6854032000 GCTaskThread "GC Thread#3" [stack: 0x00007f6858c58000,0x00007f6858d58000] [id=6749]
  0x00007f6854060000 ConcurrentGCThread "G1 Main Marker" [stack: 0x00007f685824e000,0x00007f685834e000] [id=6755]
  0x00007f6854061800 ConcurrentGCThread "G1 Marker#0" [stack: 0x00007f685814d000,0x00007f685824d000] [id=6756]
  0x00007f6854039800 ConcurrentGCThread "G1 Refine#0" [stack: 0x00007f6858450000,0x00007f6858550000] [id=6753]
  0x00007f6854038000 ConcurrentGCThread "G1 Refine#1" [stack: 0x00007f6858551000,0x00007f6858651000] [id=6752]
  0x00007f6854036000 ConcurrentGCThread "G1 Refine#2" [stack: 0x00007f6858652000,0x00007f6858752000] [id=6751]
  0x00007f6854034000 ConcurrentGCThread "G1 Refine#3" [stack: 0x00007f6858753000,0x00007f6858853000] [id=6750]
  0x00007f685403b800 ConcurrentGCThread "G1 Young RemSet Sampling" [stack: 0x00007f685834f000,0x00007f685844f000] [id=6754]

Threads with active compile tasks:

VM state:at safepoint (normal execution)

VM Mutex/Monitor currently owned by a thread:  ([mutex/lock_event])
[0x00007f6854011d00] Threads_lock - owner thread: 0x00007f6854157000

Heap address: 0x0000000088600000, size: 1914 MB, Compressed Oops mode: 32-bit
Narrow klass base: 0x0000000000000000, Narrow klass shift: 3
Compressed class space size: 1073741824 Address: 0x0000000100000000

Heap:
 garbage-first heap   total 122880K, used 4481K [0x0000000088600000, 0x00000000887003c0, 0x0000000100000000)
  region size 1024K, 4 young (4096K), 2 survivors (2048K)
 Metaspace       used 9997K, capacity 10778K, committed 10880K, reserved 1058816K
  class space    used 1009K, capacity 1139K, committed 1152K, reserved 1048576K
Heap Regions: E=young(eden), S=young(survivor), O=old, HS=humongous(starts), HC=humongous(continues), CS=collection set, F=free, A=archive, TS=gc time stamp, AC=allocation context, TAMS=top-at-mark-start (previous, next)
|   0|0x0000000088600000, 0x0000000088700000, 0x0000000088700000|100%| O|  |TS  1|AC  0|TAMS 0x0000000088600000, 0x0000000088600000|
|   1|0x0000000088700000, 0x0000000088760400, 0x0000000088800000| 37%| O|  |TS  1|AC  0|TAMS 0x0000000088700000, 0x0000000088700000|
|   2|0x0000000088800000, 0x0000000088800000, 0x0000000088900000|  0%| F|  |TS  0|AC  0|TAMS 0x0000000088800000, 0x0000000088800000|
|   3|0x0000000088900000, 0x0000000088900000, 0x0000000088a00000|  0%| F|  |TS  0|AC  0|TAMS 0x0000000088900000, 0x0000000088900000|
|   4|0x0000000088a00000, 0x0000000088a00000, 0x0000000088b00000|  0%| F|  |TS  0|AC  0|TAMS 0x0000000088a00000, 0x0000000088a00000|
|   5|0x0000000088b00000, 0x0000000088b00000, 0x0000000088c00000|  0%| F|  |TS  0|AC  0|TAMS 0x0000000088b00000, 0x0000000088b00000|
|   6|0x0000000088c00000, 0x0000000088c00000, 0x0000000088d00000|  0%| F|  |TS  0|AC  0|TAMS 0x0000000088c00000, 0x0000000088c00000|
|   7|0x0000000088d00000, 0x0000000088d00000, 0x0000000088e00000|  0%| F|  |TS  0|AC  0|TAMS 0x0000000088d00000, 0x0000000088d00000|
|   8|0x0000000088e00000, 0x0000000088e00000, 0x0000000088f00000|  0%| F|  |TS  0|AC  0|TAMS 0x0000000088e00000, 0x0000000088e00000|
|   9|0x0000000088f00000, 0x0000000088f00000, 0x0000000089000000|  0%| F|  |TS  0|AC  0|TAMS 0x0000000088f00000, 0x0000000088f00000|
|  10|0x0000000089000000, 0x0000000089000000, 0x0000000089100000|  0%| F|  |TS  0|AC  0|TAMS 0x0000000089000000, 0x0000000089000000|
|  11|0x0000000089100000, 0x0000000089100000, 0x0000000089200000|  0%| F|  |TS  0|AC  0|TAMS 0x0000000089100000, 0x0000000089100000|
|  12|0x0000000089200000, 0x0000000089200000, 0x0000000089300000|  0%| F|  |TS  0|AC  0|TAMS 0x0000000089200000, 0x0000000089200000|
|  13|0x0000000089300000, 0x0000000089300000, 0x0000000089400000|  0%| F|  |TS  0|AC  0|TAMS 0x0000000089300000, 0x0000000089300000|
|  14|0x0000000089400000, 0x0000000089400000, 0x0000000089500000|  0%| F|  |TS  0|AC  0|TAMS 0x0000000089400000, 0x0000000089400000|
|  15|0x0000000089500000, 0x0000000089500000, 0x0000000089600000|  0%| F|  |TS  0|AC  0|TAMS 0x0000000089500000, 0x0000000089500000|
|  16|0x0000000089600000, 0x0000000089600000, 0x0000000089700000|  0%| F|  |TS  0|AC  0|TAMS 0x0000000089600000, 0x0000000089600000|
|  17|0x0000000089700000, 0x0000000089700000, 0x0000000089800000|  0%| F|  |TS  0|AC  0|TAMS 0x0000000089700000, 0x0000000089700000|
|  18|0x0000000089800000, 0x0000000089800000, 0x0000000089900000|  0%| F|  |TS  0|AC  0|TAMS 0x0000000089800000, 0x0000000089800000|
|  19|0x0000000089900000, 0x0000000089900000, 0x0000000089a00000|  0%| F|  |TS  0|AC  0|TAMS 0x0000000089900000, 0x0000000089900000|
|  20|0x0000000089a00000, 0x0000000089a00000, 0x0000000089b00000|  0%| F|  |TS  0|AC  0|TAMS 0x0000000089a00000, 0x0000000089a00000|
|  21|0x0000000089b00000, 0x0000000089b00000, 0x0000000089c00000|  0%| F|  |TS  0|AC  0|TAMS 0x0000000089b00000, 0x0000000089b00000|
|  22|0x0000000089c00000, 0x0000000089c00000, 0x0000000089d00000|  0%| F|  |TS  0|AC  0|TAMS 0x0000000089c00000, 0x0000000089c00000|
|  23|0x0000000089d00000, 0x0000000089d00000, 0x0000000089e00000|  0%| F|  |TS  0|AC  0|TAMS 0x0000000089d00000, 0x0000000089d00000|
|  24|0x0000000089e00000, 0x0000000089e00000, 0x0000000089f00000|  0%| F|  |TS  0|AC  0|TAMS 0x0000000089e00000, 0x0000000089e00000|
|  25|0x0000000089f00000, 0x0000000089f00000, 0x000000008a000000|  0%| F|  |TS  0|AC  0|TAMS 0x0000000089f00000, 0x0000000089f00000|
|  26|0x000000008a000000, 0x000000008a000000, 0x000000008a100000|  0%| F|  |TS  0|AC  0|TAMS 0x000000008a000000, 0x000000008a000000|
|  27|0x000000008a100000, 0x000000008a100000, 0x000000008a200000|  0%| F|  |TS  0|AC  0|TAMS 0x000000008a100000, 0x000000008a100000|
|  28|0x000000008a200000, 0x000000008a200000, 0x000000008a300000|  0%| F|  |TS  0|AC  0|TAMS 0x000000008a200000, 0x000000008a200000|
|  29|0x000000008a300000, 0x000000008a300000, 0x000000008a400000|  0%| F|  |TS  0|AC  0|TAMS 0x000000008a300000, 0x000000008a300000|
|  30|0x000000008a400000, 0x000000008a400000, 0x000000008a500000|  0%| F|  |TS  0|AC  0|TAMS 0x000000008a400000, 0x000000008a400000|
|  31|0x000000008a500000, 0x000000008a500000, 0x000000008a600000|  0%| F|  |TS  0|AC  0|TAMS 0x000000008a500000, 0x000000008a500000|
|  32|0x000000008a600000, 0x000000008a600000, 0x000000008a700000|  0%| F|  |TS  0|AC  0|TAMS 0x000000008a600000, 0x000000008a600000|
|  33|0x000000008a700000, 0x000000008a700000, 0x000000008a800000|  0%| F|  |TS  0|AC  0|TAMS 0x000000008a700000, 0x000000008a700000|
|  34|0x000000008a800000, 0x000000008a800000, 0x000000008a900000|  0%| F|  |TS  0|AC  0|TAMS 0x000000008a800000, 0x000000008a800000|
|  35|0x000000008a900000, 0x000000008a900000, 0x000000008aa00000|  0%| F|  |TS  0|AC  0|TAMS 0x000000008a900000, 0x000000008a900000|
|  36|0x000000008aa00000, 0x000000008aa00000, 0x000000008ab00000|  0%| F|  |TS  0|AC  0|TAMS 0x000000008aa00000, 0x000000008aa00000|
|  37|0x000000008ab00000, 0x000000008ab00000, 0x000000008ac00000|  0%| F|  |TS  0|AC  0|TAMS 0x000000008ab00000, 0x000000008ab00000|
|  38|0x000000008ac00000, 0x000000008ac00000, 0x000000008ad00000|  0%| F|  |TS  0|AC  0|TAMS 0x000000008ac00000, 0x000000008ac00000|
|  39|0x000000008ad00000, 0x000000008ad00000, 0x000000008ae00000|  0%| F|  |TS  0|AC  0|TAMS 0x000000008ad00000, 0x000000008ad00000|
|  40|0x000000008ae00000, 0x000000008ae00000, 0x000000008af00000|  0%| F|  |TS  0|AC  0|TAMS 0x000000008ae00000, 0x000000008ae00000|
|  41|0x000000008af00000, 0x000000008af00000, 0x000000008b000000|  0%| F|  |TS  0|AC  0|TAMS 0x000000008af00000, 0x000000008af00000|
|  42|0x000000008b000000, 0x000000008b000000, 0x000000008b100000|  0%| F|  |TS  0|AC  0|TAMS 0x000000008b000000, 0x000000008b000000|
|  43|0x000000008b100000, 0x000000008b100000, 0x000000008b200000|  0%| F|  |TS  0|AC  0|TAMS 0x000000008b100000, 0x000000008b100000|
|  44|0x000000008b200000, 0x000000008b200000, 0x000000008b300000|  0%| F|  |TS  0|AC  0|TAMS 0x000000008b200000, 0x000000008b200000|
|  45|0x000000008b300000, 0x000000008b300000, 0x000000008b400000|  0%| F|  |TS  0|AC  0|TAMS 0x000000008b300000, 0x000000008b300000|
|  46|0x000000008b400000, 0x000000008b400000, 0x000000008b500000|  0%| F|  |TS  0|AC  0|TAMS 0x000000008b400000, 0x000000008b400000|
|  47|0x000000008b500000, 0x000000008b500000, 0x000000008b600000|  0%| F|  |TS  0|AC  0|TAMS 0x000000008b500000, 0x000000008b500000|
|  48|0x000000008b600000, 0x000000008b600000, 0x000000008b700000|  0%| F|  |TS  0|AC  0|TAMS 0x000000008b600000, 0x000000008b600000|
|  49|0x000000008b700000, 0x000000008b700000, 0x000000008b800000|  0%| F|  |TS  0|AC  0|TAMS 0x000000008b700000, 0x000000008b700000|
|  50|0x000000008b800000, 0x000000008b800000, 0x000000008b900000|  0%| F|  |TS  0|AC  0|TAMS 0x000000008b800000, 0x000000008b800000|
|  51|0x000000008b900000, 0x000000008b900000, 0x000000008ba00000|  0%| F|  |TS  0|AC  0|TAMS 0x000000008b900000, 0x000000008b900000|
|  52|0x000000008ba00000, 0x000000008ba00000, 0x000000008bb00000|  0%| F|  |TS  0|AC  0|TAMS 0x000000008ba00000, 0x000000008ba00000|
|  53|0x000000008bb00000, 0x000000008bb00000, 0x000000008bc00000|  0%| F|  |TS  0|AC  0|TAMS 0x000000008bb00000, 0x000000008bb00000|
|  54|0x000000008bc00000, 0x000000008bc00000, 0x000000008bd00000|  0%| F|  |TS  0|AC  0|TAMS 0x000000008bc00000, 0x000000008bc00000|
|  55|0x000000008bd00000, 0x000000008bd00000, 0x000000008be00000|  0%| F|  |TS  0|AC  0|TAMS 0x000000008bd00000, 0x000000008bd00000|
|  56|0x000000008be00000, 0x000000008be00000, 0x000000008bf00000|  0%| F|  |TS  0|AC  0|TAMS 0x000000008be00000, 0x000000008be00000|
|  57|0x000000008bf00000, 0x000000008bf00000, 0x000000008c000000|  0%| F|  |TS  0|AC  0|TAMS 0x000000008bf00000, 0x000000008bf00000|
|  58|0x000000008c000000, 0x000000008c000000, 0x000000008c100000|  0%| F|  |TS  0|AC  0|TAMS 0x000000008c000000, 0x000000008c000000|
|  59|0x000000008c100000, 0x000000008c100000, 0x000000008c200000|  0%| F|  |TS  0|AC  0|TAMS 0x000000008c100000, 0x000000008c100000|
|  60|0x000000008c200000, 0x000000008c200000, 0x000000008c300000|  0%| F|  |TS  0|AC  0|TAMS 0x000000008c200000, 0x000000008c200000|
|  61|0x000000008c300000, 0x000000008c300000, 0x000000008c400000|  0%| F|  |TS  0|AC  0|TAMS 0x000000008c300000, 0x000000008c300000|
|  62|0x000000008c400000, 0x000000008c400000, 0x000000008c500000|  0%| F|  |TS  0|AC  0|TAMS 0x000000008c400000, 0x000000008c400000|
|  63|0x000000008c500000, 0x000000008c500000, 0x000000008c600000|  0%| F|  |TS  0|AC  0|TAMS 0x000000008c500000, 0x000000008c500000|
|  64|0x000000008c600000, 0x000000008c600000, 0x000000008c700000|  0%| F|  |TS  0|AC  0|TAMS 0x000000008c600000, 0x000000008c600000|
|  65|0x000000008c700000, 0x000000008c700000, 0x000000008c800000|  0%| F|  |TS  0|AC  0|TAMS 0x000000008c700000, 0x000000008c700000|
|  66|0x000000008c800000, 0x000000008c800000, 0x000000008c900000|  0%| F|  |TS  0|AC  0|TAMS 0x000000008c800000, 0x000000008c800000|
|  67|0x000000008c900000, 0x000000008c900000, 0x000000008ca00000|  0%| F|  |TS  0|AC  0|TAMS 0x000000008c900000, 0x000000008c900000|
|  68|0x000000008ca00000, 0x000000008ca00000, 0x000000008cb00000|  0%| F|  |TS  0|AC  0|TAMS 0x000000008ca00000, 0x000000008ca00000|
|  69|0x000000008cb00000, 0x000000008cb00000, 0x000000008cc00000|  0%| F|  |TS  0|AC  0|TAMS 0x000000008cb00000, 0x000000008cb00000|
|  70|0x000000008cc00000, 0x000000008cc00000, 0x000000008cd00000|  0%| F|  |TS  0|AC  0|TAMS 0x000000008cc00000, 0x000000008cc00000|
|  71|0x000000008cd00000, 0x000000008cd00000, 0x000000008ce00000|  0%| F|  |TS  0|AC  0|TAMS 0x000000008cd00000, 0x000000008cd00000|
|  72|0x000000008ce00000, 0x000000008ce00000, 0x000000008cf00000|  0%| F|  |TS  0|AC  0|TAMS 0x000000008ce00000, 0x000000008ce00000|
|  73|0x000000008cf00000, 0x000000008cf00000, 0x000000008d000000|  0%| F|  |TS  0|AC  0|TAMS 0x000000008cf00000, 0x000000008cf00000|
|  74|0x000000008d000000, 0x000000008d000000, 0x000000008d100000|  0%| F|  |TS  0|AC  0|TAMS 0x000000008d000000, 0x000000008d000000|
|  75|0x000000008d100000, 0x000000008d100000, 0x000000008d200000|  0%| F|  |TS  0|AC  0|TAMS 0x000000008d100000, 0x000000008d100000|
|  76|0x000000008d200000, 0x000000008d200000, 0x000000008d300000|  0%| F|  |TS  0|AC  0|TAMS 0x000000008d200000, 0x000000008d200000|
|  77|0x000000008d300000, 0x000000008d300000, 0x000000008d400000|  0%| F|  |TS  0|AC  0|TAMS 0x000000008d300000, 0x000000008d300000|
|  78|0x000000008d400000, 0x000000008d400000, 0x000000008d500000|  0%| F|  |TS  0|AC  0|TAMS 0x000000008d400000, 0x000000008d400000|
|  79|0x000000008d500000, 0x000000008d500000, 0x000000008d600000|  0%| F|  |TS  0|AC  0|TAMS 0x000000008d500000, 0x000000008d500000|
|  80|0x000000008d600000, 0x000000008d600000, 0x000000008d700000|  0%| F|  |TS  0|AC  0|TAMS 0x000000008d600000, 0x000000008d600000|
|  81|0x000000008d700000, 0x000000008d700000, 0x000000008d800000|  0%| F|  |TS  0|AC  0|TAMS 0x000000008d700000, 0x000000008d700000|
|  82|0x000000008d800000, 0x000000008d800000, 0x000000008d900000|  0%| F|  |TS  0|AC  0|TAMS 0x000000008d800000, 0x000000008d800000|
|  83|0x000000008d900000, 0x000000008d900000, 0x000000008da00000|  0%| F|  |TS  0|AC  0|TAMS 0x000000008d900000, 0x000000008d900000|
|  84|0x000000008da00000, 0x000000008da00000, 0x000000008db00000|  0%| F|  |TS  0|AC  0|TAMS 0x000000008da00000, 0x000000008da00000|
|  85|0x000000008db00000, 0x000000008db00000, 0x000000008dc00000|  0%| F|  |TS  0|AC  0|TAMS 0x000000008db00000, 0x000000008db00000|
|  86|0x000000008dc00000, 0x000000008dc00000, 0x000000008dd00000|  0%| F|  |TS  0|AC  0|TAMS 0x000000008dc00000, 0x000000008dc00000|
|  87|0x000000008dd00000, 0x000000008dd00000, 0x000000008de00000|  0%| F|  |TS  0|AC  0|TAMS 0x000000008dd00000, 0x000000008dd00000|
|  88|0x000000008de00000, 0x000000008de00000, 0x000000008df00000|  0%| F|  |TS  0|AC  0|TAMS 0x000000008de00000, 0x000000008de00000|
|  89|0x000000008df00000, 0x000000008df00000, 0x000000008e000000|  0%| F|  |TS  0|AC  0|TAMS 0x000000008df00000, 0x000000008df00000|
|  90|0x000000008e000000, 0x000000008e000000, 0x000000008e100000|  0%| F|  |TS  0|AC  0|TAMS 0x000000008e000000, 0x000000008e000000|
|  91|0x000000008e100000, 0x000000008e100000, 0x000000008e200000|  0%| F|  |TS  0|AC  0|TAMS 0x000000008e100000, 0x000000008e100000|
|  92|0x000000008e200000, 0x000000008e200000, 0x000000008e300000|  0%| F|  |TS  0|AC  0|TAMS 0x000000008e200000, 0x000000008e200000|
|  93|0x000000008e300000, 0x000000008e300000, 0x000000008e400000|  0%| F|  |TS  0|AC  0|TAMS 0x000000008e300000, 0x000000008e300000|
|  94|0x000000008e400000, 0x000000008e400000, 0x000000008e500000|  0%| F|  |TS  0|AC  0|TAMS 0x000000008e400000, 0x000000008e400000|
|  95|0x000000008e500000, 0x000000008e500000, 0x000000008e600000|  0%| F|  |TS  0|AC  0|TAMS 0x000000008e500000, 0x000000008e500000|
|  96|0x000000008e600000, 0x000000008e600000, 0x000000008e700000|  0%| F|  |TS  0|AC  0|TAMS 0x000000008e600000, 0x000000008e600000|
|  97|0x000000008e700000, 0x000000008e700000, 0x000000008e800000|  0%| F|  |TS  0|AC  0|TAMS 0x000000008e700000, 0x000000008e700000|
|  98|0x000000008e800000, 0x000000008e800000, 0x000000008e900000|  0%| F|  |TS  0|AC  0|TAMS 0x000000008e800000, 0x000000008e800000|
|  99|0x000000008e900000, 0x000000008e900000, 0x000000008ea00000|  0%| F|  |TS  0|AC  0|TAMS 0x000000008e900000, 0x000000008e900000|
| 100|0x000000008ea00000, 0x000000008ea00000, 0x000000008eb00000|  0%| F|  |TS  0|AC  0|TAMS 0x000000008ea00000, 0x000000008ea00000|
| 101|0x000000008eb00000, 0x000000008eb00000, 0x000000008ec00000|  0%| F|  |TS  0|AC  0|TAMS 0x000000008eb00000, 0x000000008eb00000|
| 102|0x000000008ec00000, 0x000000008ec00000, 0x000000008ed00000|  0%| F|  |TS  0|AC  0|TAMS 0x000000008ec00000, 0x000000008ec00000|
| 103|0x000000008ed00000, 0x000000008ed00000, 0x000000008ee00000|  0%| F|  |TS  0|AC  0|TAMS 0x000000008ed00000, 0x000000008ed00000|
| 104|0x000000008ee00000, 0x000000008ef00000, 0x000000008ef00000|100%| S|CS|TS  1|AC  0|TAMS 0x000000008ee00000, 0x000000008ee00000|
| 105|0x000000008ef00000, 0x000000008f000000, 0x000000008f000000|100%| S|CS|TS  1|AC  0|TAMS 0x000000008ef00000, 0x000000008ef00000|
| 106|0x000000008f000000, 0x000000008f000000, 0x000000008f100000|  0%| F|  |TS  1|AC  0|TAMS 0x000000008f000000, 0x000000008f000000|
| 107|0x000000008f100000, 0x000000008f100000, 0x000000008f200000|  0%| F|  |TS  1|AC  0|TAMS 0x000000008f100000, 0x000000008f100000|
| 108|0x000000008f200000, 0x000000008f200000, 0x000000008f300000|  0%| F|  |TS  1|AC  0|TAMS 0x000000008f200000, 0x000000008f200000|
| 109|0x000000008f300000, 0x000000008f300000, 0x000000008f400000|  0%| F|  |TS  1|AC  0|TAMS 0x000000008f300000, 0x000000008f300000|
| 110|0x000000008f400000, 0x000000008f400000, 0x000000008f500000|  0%| F|  |TS  1|AC  0|TAMS 0x000000008f400000, 0x000000008f400000|
| 111|0x000000008f500000, 0x000000008f500000, 0x000000008f600000|  0%| F|  |TS  1|AC  0|TAMS 0x000000008f500000, 0x000000008f500000|
| 112|0x000000008f600000, 0x000000008f600000, 0x000000008f700000|  0%| F|  |TS  1|AC  0|TAMS 0x000000008f600000, 0x000000008f600000|
| 113|0x000000008f700000, 0x000000008f700000, 0x000000008f800000|  0%| F|  |TS  1|AC  0|TAMS 0x000000008f700000, 0x000000008f700000|
| 114|0x000000008f800000, 0x000000008f800000, 0x000000008f900000|  0%| F|  |TS  1|AC  0|TAMS 0x000000008f800000, 0x000000008f800000|
| 115|0x000000008f900000, 0x000000008f900000, 0x000000008fa00000|  0%| F|  |TS  1|AC  0|TAMS 0x000000008f900000, 0x000000008f900000|
| 116|0x000000008fa00000, 0x000000008fa00000, 0x000000008fb00000|  0%| F|  |TS  1|AC  0|TAMS 0x000000008fa00000, 0x000000008fa00000|
| 117|0x000000008fb00000, 0x000000008fb00000, 0x000000008fc00000|  0%| F|  |TS  1|AC  0|TAMS 0x000000008fb00000, 0x000000008fb00000|
| 118|0x000000008fc00000, 0x000000008fc80800, 0x000000008fd00000| 50%| E|  |TS  1|AC  0|TAMS 0x000000008fc00000, 0x000000008fc00000|
| 119|0x000000008fd00000, 0x000000008fe00000, 0x000000008fe00000|100%| E|CS|TS  1|AC  0|TAMS 0x000000008fd00000, 0x000000008fd00000|

Card table byte_map: [0x00007f683900c000,0x00007f68393c9000] byte_map_base: 0x00007f6838bc9000

Marking Bits (Prev, Next): (CMBitMap*) 0x00007f685405eef0, (CMBitMap*) 0x00007f685405ef28
 Prev Bits: [0x00007f6812218000, 0x00007f6814000000)
 Next Bits: [0x00007f6810430000, 0x00007f6812218000)

Polling page: 0x00007f685d4c9000

CodeHeap 'non-profiled nmethods': size=120032Kb used=286Kb max_used=286Kb free=119745Kb
 bounds [0x00007f684160b000, 0x00007f684187b000, 0x00007f6848b43000]
CodeHeap 'profiled nmethods': size=120032Kb used=1455Kb max_used=1457Kb free=118576Kb
 bounds [0x00007f683a0d3000, 0x00007f683a343000, 0x00007f684160b000]
CodeHeap 'non-nmethods': size=5696Kb used=1192Kb max_used=1220Kb free=4503Kb
 bounds [0x00007f6839b43000, 0x00007f6839db3000, 0x00007f683a0d3000]
 total_blobs=1345 nmethods=835 adapters=259
 compilation: enabled

Compilation events (10 events):
Event: 53.484 Thread 0x00007f6854188800  841       1       java.lang.Module::getName (5 bytes)
Event: 53.485 Thread 0x00007f6854188800 nmethod 841 0x00007f6841652710 code [0x00007f68416528c0, 0x00007f68416529d0]
Event: 53.485 Thread 0x00007f6854188800  842       3       java.util.LinkedHashMap::afterNodeInsertion (40 bytes)
Event: 53.488 Thread 0x00007f6854188800 nmethod 842 0x00007f683a0e0190 code [0x00007f683a0e0380, 0x00007f683a0e08c8]
Event: 53.492 Thread 0x00007f6854188800  843       3       java.util.stream.Sink$ChainedReference::end (10 bytes)
Event: 53.493 Thread 0x00007f6854188800 nmethod 843 0x00007f683a0d3710 code [0x00007f683a0d38c0, 0x00007f683a0d3ae8]
Event: 53.493 Thread 0x00007f6854188800  844       3       java.util.ArrayList$ArrayListSpliterator::estimateSize (11 bytes)
Event: 53.494 Thread 0x00007f6854188800 nmethod 844 0x00007f683a0d5c90 code [0x00007f683a0d5e40, 0x00007f683a0d6050]
Event: 53.494 Thread 0x00007f6854188800  845       3       java.util.stream.Sink$ChainedReference::cancellationRequested (10 bytes)
Event: 53.495 Thread 0x00007f6854188800 nmethod 845 0x00007f683a0d6f10 code [0x00007f683a0d70c0, 0x00007f683a0d72e8]

GC Heap History (2 events):
Event: 7.192 GC heap before
{Heap before GC invocations=0 (full 0):
 garbage-first heap   total 122880K, used 14336K [0x0000000088600000, 0x00000000887003c0, 0x0000000100000000)
  region size 1024K, 14 young (14336K), 0 survivors (0K)
 Metaspace       used 9930K, capacity 10650K, committed 10880K, reserved 1058816K
  class space    used 1005K, capacity 1139K, committed 1152K, reserved 1048576K
}
Event: 7.204 GC heap after
{Heap after GC invocations=1 (full 0):
 garbage-first heap   total 122880K, used 3457K [0x0000000088600000, 0x00000000887003c0, 0x0000000100000000)
  region size 1024K, 2 young (2048K), 2 survivors (2048K)
 Metaspace       used 9930K, capacity 10650K, committed 10880K, reserved 1058816K
  class space    used 1005K, capacity 1139K, committed 1152K, reserved 1048576K
}

Deoptimization events (2 events):
Event: 0.644 Thread 0x00007f6854015800 Uncommon trap: reason=unstable_if action=reinterpret pc=0x00007f684160e11c method=java.lang.String.charAt(I)C @ 4 c2
Event: 0.844 Thread 0x00007f6854015800 Uncommon trap: reason=unstable_if action=reinterpret pc=0x00007f6841639500 method=java.util.HashMap.getNode(ILjava/lang/Object;)Ljava/util/HashMap$Node; @ 129 c2

Classes redefined (8 events):
Event: 260.588 Thread 0x00007f6854157000 redefined class name=Skyline$Building, count=1
Event: 260.595 Thread 0x00007f6854157000 redefined class name=Skyline, count=1
Event: 404.889 Thread 0x00007f6854157000 redefined class name=Skyline$Building, count=2
Event: 404.891 Thread 0x00007f6854157000 redefined class name=Skyline, count=2
Event: 534.294 Thread 0x00007f6854157000 redefined class name=Skyline$Building, count=3
Event: 534.296 Thread 0x00007f6854157000 redefined class name=Skyline, count=3
Event: 698.778 Thread 0x00007f6854157000 redefined class name=Skyline$Building, count=4
Event: 698.787 Thread 0x00007f6854157000 redefined class name=Skyline, count=4

Internal exceptions (10 events):
Event: 0.864 Thread 0x00007f6854015800 Exception <a 'java/lang/NoSuchMethodError'{0x000000008f21e018}: java.lang.Object.containsTests(Lorg/junit/platform/engine/TestDescriptor;)Z> (0x000000008f21e018) thrown at [/scratch/opt/mach5/mesos/work_dir/slaves/5af44a71-976a-41b7-81de-5773b84ec572-S396
Event: 0.939 Thread 0x00007f6854015800 Exception <a 'java/lang/NoSuchMethodError'{0x000000008f1a06d8}: method resolution failed> (0x000000008f1a06d8) thrown at [/scratch/opt/mach5/mesos/work_dir/slaves/5af44a71-976a-41b7-81de-5773b84ec572-S39643/frameworks/1735e8a2-a1db-478c-8104-60c8b0af87dd-
Event: 0.967 Thread 0x00007f6854015800 Exception <a 'java/lang/NoSuchMethodError'{0x000000008f061660}: java.lang.invoke.DirectMethodHandle$Holder.invokeInterface(Ljava/lang/Object;Ljava/lang/Object;Ljava/lang/Object;)V> (0x000000008f061660) thrown at [/scratch/opt/mach5/mesos/work_dir/slaves/5
Event: 7.147 Thread 0x00007f6854015800 Exception <a 'java/lang/ArrayIndexOutOfBoundsException'{0x000000008f09b210}> (0x000000008f09b210) thrown at [/scratch/opt/mach5/mesos/work_dir/slaves/5af44a71-976a-41b7-81de-5773b84ec572-S39643/frameworks/1735e8a2-a1db-478c-8104-60c8b0af87dd-0196/executor
Event: 7.148 Thread 0x00007f6854015800 Exception <a 'java/lang/reflect/InvocationTargetException'{0x000000008f09baf8}> (0x000000008f09baf8) thrown at [/scratch/opt/mach5/mesos/work_dir/slaves/5af44a71-976a-41b7-81de-5773b84ec572-S39643/frameworks/1735e8a2-a1db-478c-8104-60c8b0af87dd-0196/execu
Event: 7.156 Thread 0x00007f6854015800 Exception <a 'java/lang/NoSuchMethodError'{0x000000008f0aa760}: java.lang.invoke.DirectMethodHandle$Holder.invokeStatic(Ljava/lang/Object;Ljava/lang/Object;Ljava/lang/Object;Ljava/lang/Object;Ljava/lang/Object;)V> (0x000000008f0aa760) thrown at [/scratch/
Event: 7.187 Thread 0x00007f6854015800 Exception <a 'java/lang/NoClassDefFoundError'{0x000000008f0e15f0}> (0x000000008f0e15f0) thrown at [/scratch/opt/mach5/mesos/work_dir/slaves/5af44a71-976a-41b7-81de-5773b84ec572-S39643/frameworks/1735e8a2-a1db-478c-8104-60c8b0af87dd-0196/executors/a3f74ad9
Event: 53.478 Thread 0x00007f6854015800 Exception <a 'java/lang/ArrayIndexOutOfBoundsException'{0x000000008fd2ae18}> (0x000000008fd2ae18) thrown at [/scratch/opt/mach5/mesos/work_dir/slaves/5af44a71-976a-41b7-81de-5773b84ec572-S39643/frameworks/1735e8a2-a1db-478c-8104-60c8b0af87dd-0196/executor
Event: 53.478 Thread 0x00007f6854015800 Exception <a 'java/lang/reflect/InvocationTargetException'{0x000000008fd2b210}> (0x000000008fd2b210) thrown at [/scratch/opt/mach5/mesos/work_dir/slaves/5af44a71-976a-41b7-81de-5773b84ec572-S39643/frameworks/1735e8a2-a1db-478c-8104-60c8b0af87dd-0196/execu
Event: 53.480 Thread 0x00007f6854015800 Exception <a 'java/lang/NoClassDefFoundError'{0x000000008fd2dc68}: Could not initialize class com.intellij.junit4.ExpectedPatterns> (0x000000008fd2dc68) thrown at [/scratch/opt/mach5/mesos/work_dir/slaves/5af44a71-976a-41b7-81de-5773b84ec572-S39643/framew

Events (10 events):
Event: 698.931 Executing VM operation: GetFrameLocation done
Event: 698.932 Executing VM operation: GetFrameCount
Event: 698.932 Executing VM operation: GetFrameCount done
Event: 698.932 Executing VM operation: GetFrameLocation
Event: 698.933 Executing VM operation: GetFrameLocation done
Event: 698.934 Executing VM operation: GetFrameCount
Event: 698.934 Executing VM operation: GetFrameCount done
Event: 698.934 Executing VM operation: GetFrameLocation
Event: 698.934 Executing VM operation: GetFrameLocation done
Event: 698.939 Executing VM operation: GetOrSetLocal


Dynamic libraries:
00400000-00401000 r-xp 00000000 08:05 9310391                            /usr/lib/jvm/java-9-oracle/bin/java
00600000-00601000 rw-p 00000000 08:05 9310391                            /usr/lib/jvm/java-9-oracle/bin/java
020a5000-020c6000 rw-p 00000000 00:00 0                                  [heap]
88600000-8fe00000 rw-p 00000000 00:00 0 
8fe00000-100000000 ---p 00000000 00:00 0 
100000000-100120000 rw-p 00000000 00:00 0 
100120000-140000000 ---p 00000000 00:00 0 
7f67c8000000-7f67c8021000 rw-p 00000000 00:00 0 
7f67c8021000-7f67cc000000 ---p 00000000 00:00 0 
7f67d0000000-7f67d0021000 rw-p 00000000 00:00 0 
7f67d0021000-7f67d4000000 ---p 00000000 00:00 0 
7f67d4000000-7f67d4021000 rw-p 00000000 00:00 0 
7f67d4021000-7f67d8000000 ---p 00000000 00:00 0 
7f67d8000000-7f67d8025000 rw-p 00000000 00:00 0 
7f67d8025000-7f67dc000000 ---p 00000000 00:00 0 
7f67dc000000-7f67dc026000 rw-p 00000000 00:00 0 
7f67dc026000-7f67e0000000 ---p 00000000 00:00 0 
7f67e0000000-7f67e0021000 rw-p 00000000 00:00 0 
7f67e0021000-7f67e4000000 ---p 00000000 00:00 0 
7f67e4000000-7f67e4021000 rw-p 00000000 00:00 0 
7f67e4021000-7f67e8000000 ---p 00000000 00:00 0 
7f67e8000000-7f67e82b4000 rw-p 00000000 00:00 0 
7f67e82b4000-7f67ec000000 ---p 00000000 00:00 0 
7f67ec000000-7f67ec26d000 rw-p 00000000 00:00 0 
7f67ec26d000-7f67f0000000 ---p 00000000 00:00 0 
7f67f0000000-7f67f0021000 rw-p 00000000 00:00 0 
7f67f0021000-7f67f4000000 ---p 00000000 00:00 0 
7f67f4000000-7f67f4236000 rw-p 00000000 00:00 0 
7f67f4236000-7f67f8000000 ---p 00000000 00:00 0 
7f67f8000000-7f67f8021000 rw-p 00000000 00:00 0 
7f67f8021000-7f67fc000000 ---p 00000000 00:00 0 
7f67fc000000-7f67fc021000 rw-p 00000000 00:00 0 
7f67fc021000-7f6800000000 ---p 00000000 00:00 0 
7f6800000000-7f680006f000 rw-p 00000000 00:00 0 
7f680006f000-7f6804000000 ---p 00000000 00:00 0 
7f6804000000-7f6804021000 rw-p 00000000 00:00 0 
7f6804021000-7f6808000000 ---p 00000000 00:00 0 
7f6808a9c000-7f6808f4a000 rw-p 00000000 00:00 0 
7f6808f4a000-7f6808fca000 ---p 00000000 00:00 0 
7f6808fca000-7f6808fcb000 ---p 00000000 00:00 0 
7f6808fcb000-7f68090cb000 rw-p 00000000 00:00 0 
7f68090cb000-7f68090cf000 ---p 00000000 00:00 0 
7f68090cf000-7f68091cc000 rw-p 00000000 00:00 0 
7f68091cc000-7f68091d0000 ---p 00000000 00:00 0 
7f68091d0000-7f68092cd000 rw-p 00000000 00:00 0 
7f68092cd000-7f68092d1000 ---p 00000000 00:00 0 
7f68092d1000-7f68093ce000 rw-p 00000000 00:00 0 
7f68093ce000-7f68093d2000 ---p 00000000 00:00 0 
7f68093d2000-7f68094cf000 rw-p 00000000 00:00 0 
7f68094cf000-7f68094d3000 r-xp 00000000 08:05 9309897                    /usr/lib/jvm/java-9-oracle/lib/libdt_socket.so
7f68094d3000-7f68096d2000 ---p 00004000 08:05 9309897                    /usr/lib/jvm/java-9-oracle/lib/libdt_socket.so
7f68096d2000-7f68096d3000 rw-p 00003000 08:05 9309897                    /usr/lib/jvm/java-9-oracle/lib/libdt_socket.so
7f68096d3000-7f68096d7000 ---p 00000000 00:00 0 
7f68096d7000-7f68097d4000 rw-p 00000000 00:00 0 
7f68097d4000-7f68097ea000 r-xp 00000000 08:05 9308406                    /usr/lib/jvm/java-9-oracle/lib/libnet.so
7f68097ea000-7f68099ea000 ---p 00016000 08:05 9308406                    /usr/lib/jvm/java-9-oracle/lib/libnet.so
7f68099ea000-7f68099eb000 rw-p 00016000 08:05 9308406                    /usr/lib/jvm/java-9-oracle/lib/libnet.so
7f68099eb000-7f68099fb000 r-xp 00000000 08:05 9308393                    /usr/lib/jvm/java-9-oracle/lib/libnio.so
7f68099fb000-7f6809bfb000 ---p 00010000 08:05 9308393                    /usr/lib/jvm/java-9-oracle/lib/libnio.so
7f6809bfb000-7f6809bfc000 rw-p 00010000 08:05 9308393                    /usr/lib/jvm/java-9-oracle/lib/libnio.so
7f6809bfc000-7f6809c00000 ---p 00000000 00:00 0 
7f6809c00000-7f6809cfd000 rw-p 00000000 00:00 0 
7f6809cfd000-7f6809d01000 ---p 00000000 00:00 0 
7f6809d01000-7f6809dfe000 rw-p 00000000 00:00 0 
7f6809dfe000-7f6809e02000 ---p 00000000 00:00 0 
7f6809e02000-7f6809eff000 rw-p 00000000 00:00 0 
7f6809eff000-7f6809f03000 ---p 00000000 00:00 0 
7f6809f03000-7f680a000000 rw-p 00000000 00:00 0 
7f680a000000-7f680c000000 rwxp 00000000 00:00 0 
7f680c000000-7f680c021000 rw-p 00000000 00:00 0 
7f680c021000-7f6810000000 ---p 00000000 00:00 0 
7f681002c000-7f6810030000 ---p 00000000 00:00 0 
7f6810030000-7f681012d000 rw-p 00000000 00:00 0 
7f681012d000-7f6810131000 ---p 00000000 00:00 0 
7f6810131000-7f681022e000 rw-p 00000000 00:00 0 
7f681022e000-7f6810232000 ---p 00000000 00:00 0 
7f6810232000-7f681032f000 rw-p 00000000 00:00 0 
7f681032f000-7f6810330000 ---p 00000000 00:00 0 
7f6810330000-7f6810610000 rw-p 00000000 00:00 0 
7f6810610000-7f6812218000 ---p 00000000 00:00 0 
7f6812218000-7f68123f8000 rw-p 00000000 00:00 0 
7f68123f8000-7f6814000000 ---p 00000000 00:00 0 
7f6814000000-7f6814021000 rw-p 00000000 00:00 0 
7f6814021000-7f6818000000 ---p 00000000 00:00 0 
7f6818000000-7f6818021000 rw-p 00000000 00:00 0 
7f6818021000-7f681c000000 ---p 00000000 00:00 0 
7f681c000000-7f681c021000 rw-p 00000000 00:00 0 
7f681c021000-7f6820000000 ---p 00000000 00:00 0 
7f6820000000-7f6820021000 rw-p 00000000 00:00 0 
7f6820021000-7f6824000000 ---p 00000000 00:00 0 
7f6824000000-7f6824021000 rw-p 00000000 00:00 0 
7f6824021000-7f6828000000 ---p 00000000 00:00 0 
7f6828000000-7f6828021000 rw-p 00000000 00:00 0 
7f6828021000-7f682c000000 ---p 00000000 00:00 0 
7f682c000000-7f682c021000 rw-p 00000000 00:00 0 
7f682c021000-7f6830000000 ---p 00000000 00:00 0 
7f6830000000-7f6830021000 rw-p 00000000 00:00 0 
7f6830021000-7f6834000000 ---p 00000000 00:00 0 
7f6834000000-7f6834021000 rw-p 00000000 00:00 0 
7f6834021000-7f6838000000 ---p 00000000 00:00 0 
7f683807b000-7f683894c000 rw-p 00000000 00:00 0 
7f683894c000-7f6838c8b000 rw-p 00000000 00:00 0 
7f6838c8b000-7f683900c000 ---p 00000000 00:00 0 
7f683900c000-7f6839048000 rw-p 00000000 00:00 0 
7f6839048000-7f6839786000 ---p 00000000 00:00 0 
7f6839786000-7f68397c2000 rw-p 00000000 00:00 0 
7f68397c2000-7f6839b43000 ---p 00000000 00:00 0 
7f6839b43000-7f6839db3000 rwxp 00000000 00:00 0 
7f6839db3000-7f683a0d3000 ---p 00000000 00:00 0 
7f683a0d3000-7f683a343000 rwxp 00000000 00:00 0 
7f683a343000-7f684160b000 ---p 00000000 00:00 0 
7f684160b000-7f684187b000 rwxp 00000000 00:00 0 
7f684187b000-7f6848b43000 ---p 00000000 00:00 0 
7f6848b43000-7f6854000000 r--s 00000000 08:05 9308212                    /usr/lib/jvm/java-9-oracle/lib/modules
7f6854000000-7f6854481000 rw-p 00000000 00:00 0 
7f6854481000-7f6858000000 ---p 00000000 00:00 0 
7f685804b000-7f685814c000 rw-p 00000000 00:00 0 
7f685814c000-7f685814d000 ---p 00000000 00:00 0 
7f685814d000-7f685824d000 rw-p 00000000 00:00 0 
7f685824d000-7f685824e000 ---p 00000000 00:00 0 
7f685824e000-7f685834e000 rw-p 00000000 00:00 0 
7f685834e000-7f685834f000 ---p 00000000 00:00 0 
7f685834f000-7f685844f000 rw-p 00000000 00:00 0 
7f685844f000-7f6858450000 ---p 00000000 00:00 0 
7f6858450000-7f6858550000 rw-p 00000000 00:00 0 
7f6858550000-7f6858551000 ---p 00000000 00:00 0 
7f6858551000-7f6858651000 rw-p 00000000 00:00 0 
7f6858651000-7f6858652000 ---p 00000000 00:00 0 
7f6858652000-7f6858752000 rw-p 00000000 00:00 0 
7f6858752000-7f6858753000 ---p 00000000 00:00 0 
7f6858753000-7f6858c57000 rw-p 00000000 00:00 0 
7f6858c57000-7f6858c58000 ---p 00000000 00:00 0 
7f6858c58000-7f6858d58000 rw-p 00000000 00:00 0 
7f6858d58000-7f6858d59000 ---p 00000000 00:00 0 
7f6858d59000-7f6858e59000 rw-p 00000000 00:00 0 
7f6858e59000-7f6858e5a000 ---p 00000000 00:00 0 
7f6858e5a000-7f6858f5a000 rw-p 00000000 00:00 0 
7f6858f5a000-7f6858f5b000 ---p 00000000 00:00 0 
7f6858f5b000-7f6859060000 rw-p 00000000 00:00 0 
7f6859060000-7f6859146000 ---p 00000000 00:00 0 
7f6859146000-7f685914b000 rw-p 00000000 00:00 0 
7f685914b000-7f6859231000 ---p 00000000 00:00 0 
7f6859231000-7f685924b000 r-xp 00000000 08:05 9308194                    /usr/lib/jvm/java-9-oracle/lib/libjimage.so
7f685924b000-7f685944a000 ---p 0001a000 08:05 9308194                    /usr/lib/jvm/java-9-oracle/lib/libjimage.so
7f685944a000-7f685944c000 rw-p 00019000 08:05 9308194                    /usr/lib/jvm/java-9-oracle/lib/libjimage.so
7f685944c000-7f685945e000 rw-p 00000000 00:00 0 
7f685945e000-7f6859465000 r-xp 00000000 08:05 9308381                    /usr/lib/jvm/java-9-oracle/lib/libzip.so
7f6859465000-7f6859664000 ---p 00007000 08:05 9308381                    /usr/lib/jvm/java-9-oracle/lib/libzip.so
7f6859664000-7f6859665000 rw-p 00006000 08:05 9308381                    /usr/lib/jvm/java-9-oracle/lib/libzip.so
7f6859665000-7f685966f000 r-xp 00000000 08:05 9044447                    /lib/x86_64-linux-gnu/libnss_files-2.19.so
7f685966f000-7f685986e000 ---p 0000a000 08:05 9044447                    /lib/x86_64-linux-gnu/libnss_files-2.19.so
7f685986e000-7f685986f000 r--p 00009000 08:05 9044447                    /lib/x86_64-linux-gnu/libnss_files-2.19.so
7f685986f000-7f6859870000 rw-p 0000a000 08:05 9044447                    /lib/x86_64-linux-gnu/libnss_files-2.19.so
7f6859870000-7f685987b000 r-xp 00000000 08:05 9044459                    /lib/x86_64-linux-gnu/libnss_nis-2.19.so
7f685987b000-7f6859a7a000 ---p 0000b000 08:05 9044459                    /lib/x86_64-linux-gnu/libnss_nis-2.19.so
7f6859a7a000-7f6859a7b000 r--p 0000a000 08:05 9044459                    /lib/x86_64-linux-gnu/libnss_nis-2.19.so
7f6859a7b000-7f6859a7c000 rw-p 0000b000 08:05 9044459                    /lib/x86_64-linux-gnu/libnss_nis-2.19.so
7f6859a7c000-7f6859a93000 r-xp 00000000 08:05 9044474                    /lib/x86_64-linux-gnu/libnsl-2.19.so
7f6859a93000-7f6859c92000 ---p 00017000 08:05 9044474                    /lib/x86_64-linux-gnu/libnsl-2.19.so
7f6859c92000-7f6859c93000 r--p 00016000 08:05 9044474                    /lib/x86_64-linux-gnu/libnsl-2.19.so
7f6859c93000-7f6859c94000 rw-p 00017000 08:05 9044474                    /lib/x86_64-linux-gnu/libnsl-2.19.so
7f6859c94000-7f6859c96000 rw-p 00000000 00:00 0 
7f6859c96000-7f6859c9f000 r-xp 00000000 08:05 9044461                    /lib/x86_64-linux-gnu/libnss_compat-2.19.so
7f6859c9f000-7f6859e9e000 ---p 00009000 08:05 9044461                    /lib/x86_64-linux-gnu/libnss_compat-2.19.so
7f6859e9e000-7f6859e9f000 r--p 00008000 08:05 9044461                    /lib/x86_64-linux-gnu/libnss_compat-2.19.so
7f6859e9f000-7f6859ea0000 rw-p 00009000 08:05 9044461                    /lib/x86_64-linux-gnu/libnss_compat-2.19.so
7f6859ea0000-7f685a582000 r--p 00000000 08:05 8264582                    /usr/lib/locale/locale-archive
7f685a582000-7f685a58c000 r-xp 00000000 08:05 9308195                    /usr/lib/jvm/java-9-oracle/lib/libinstrument.so
7f685a58c000-7f685a78b000 ---p 0000a000 08:05 9308195                    /usr/lib/jvm/java-9-oracle/lib/libinstrument.so
7f685a78b000-7f685a78c000 rw-p 00009000 08:05 9308195                    /usr/lib/jvm/java-9-oracle/lib/libinstrument.so
7f685a78c000-7f685a7c7000 r-xp 00000000 08:05 9310371                    /usr/lib/jvm/java-9-oracle/lib/libjdwp.so
7f685a7c7000-7f685a9c6000 ---p 0003b000 08:05 9310371                    /usr/lib/jvm/java-9-oracle/lib/libjdwp.so
7f685a9c6000-7f685a9c7000 rw-p 0003a000 08:05 9310371                    /usr/lib/jvm/java-9-oracle/lib/libjdwp.so
7f685a9c7000-7f685a9c8000 rw-p 00000000 00:00 0 
7f685a9c8000-7f685a9f3000 r-xp 00000000 08:05 9308388                    /usr/lib/jvm/java-9-oracle/lib/libjava.so
7f685a9f3000-7f685abf2000 ---p 0002b000 08:05 9308388                    /usr/lib/jvm/java-9-oracle/lib/libjava.so
7f685abf2000-7f685abf4000 rw-p 0002a000 08:05 9308388                    /usr/lib/jvm/java-9-oracle/lib/libjava.so
7f685abf4000-7f685ac01000 r-xp 00000000 08:05 9308214                    /usr/lib/jvm/java-9-oracle/lib/libverify.so
7f685ac01000-7f685ae00000 ---p 0000d000 08:05 9308214                    /usr/lib/jvm/java-9-oracle/lib/libverify.so
7f685ae00000-7f685ae02000 rw-p 0000c000 08:05 9308214                    /usr/lib/jvm/java-9-oracle/lib/libverify.so
7f685ae02000-7f685ae09000 r-xp 00000000 08:05 9044472                    /lib/x86_64-linux-gnu/librt-2.19.so
7f685ae09000-7f685b008000 ---p 00007000 08:05 9044472                    /lib/x86_64-linux-gnu/librt-2.19.so
7f685b008000-7f685b009000 r--p 00006000 08:05 9044472                    /lib/x86_64-linux-gnu/librt-2.19.so
7f685b009000-7f685b00a000 rw-p 00007000 08:05 9044472                    /lib/x86_64-linux-gnu/librt-2.19.so
7f685b00a000-7f685b10f000 r-xp 00000000 08:05 9044463                    /lib/x86_64-linux-gnu/libm-2.19.so
7f685b10f000-7f685b30e000 ---p 00105000 08:05 9044463                    /lib/x86_64-linux-gnu/libm-2.19.so
7f685b30e000-7f685b30f000 r--p 00104000 08:05 9044463                    /lib/x86_64-linux-gnu/libm-2.19.so
7f685b30f000-7f685b310000 rw-p 00105000 08:05 9044463                    /lib/x86_64-linux-gnu/libm-2.19.so
7f685b310000-7f685c325000 r-xp 00000000 08:05 11016043                   /usr/lib/jvm/java-9-oracle/lib/server/libjvm.so
7f685c325000-7f685c524000 ---p 01015000 08:05 11016043                   /usr/lib/jvm/java-9-oracle/lib/server/libjvm.so
7f685c524000-7f685c5f5000 r--p 01014000 08:05 11016043                   /usr/lib/jvm/java-9-oracle/lib/server/libjvm.so
7f685c5f5000-7f685c62c000 rw-p 010e5000 08:05 11016043                   /usr/lib/jvm/java-9-oracle/lib/server/libjvm.so
7f685c62c000-7f685c695000 rw-p 00000000 00:00 0 
7f685c695000-7f685c853000 r-xp 00000000 08:05 9044479                    /lib/x86_64-linux-gnu/libc-2.19.so
7f685c853000-7f685ca53000 ---p 001be000 08:05 9044479                    /lib/x86_64-linux-gnu/libc-2.19.so
7f685ca53000-7f685ca57000 r--p 001be000 08:05 9044479                    /lib/x86_64-linux-gnu/libc-2.19.so
7f685ca57000-7f685ca59000 rw-p 001c2000 08:05 9044479                    /lib/x86_64-linux-gnu/libc-2.19.so
7f685ca59000-7f685ca5e000 rw-p 00000000 00:00 0 
7f685ca5e000-7f685ca61000 r-xp 00000000 08:05 9044475                    /lib/x86_64-linux-gnu/libdl-2.19.so
7f685ca61000-7f685cc60000 ---p 00003000 08:05 9044475                    /lib/x86_64-linux-gnu/libdl-2.19.so
7f685cc60000-7f685cc61000 r--p 00002000 08:05 9044475                    /lib/x86_64-linux-gnu/libdl-2.19.so
7f685cc61000-7f685cc62000 rw-p 00003000 08:05 9044475                    /lib/x86_64-linux-gnu/libdl-2.19.so
7f685cc62000-7f685cc70000 r-xp 00000000 08:05 11016047                   /usr/lib/jvm/java-9-oracle/lib/jli/libjli.so
7f685cc70000-7f685ce70000 ---p 0000e000 08:05 11016047                   /usr/lib/jvm/java-9-oracle/lib/jli/libjli.so
7f685ce70000-7f685ce71000 rw-p 0000e000 08:05 11016047                   /usr/lib/jvm/java-9-oracle/lib/jli/libjli.so
7f685ce71000-7f685ce8a000 r-xp 00000000 08:05 9044471                    /lib/x86_64-linux-gnu/libpthread-2.19.so
7f685ce8a000-7f685d089000 ---p 00019000 08:05 9044471                    /lib/x86_64-linux-gnu/libpthread-2.19.so
7f685d089000-7f685d08a000 r--p 00018000 08:05 9044471                    /lib/x86_64-linux-gnu/libpthread-2.19.so
7f685d08a000-7f685d08b000 rw-p 00019000 08:05 9044471                    /lib/x86_64-linux-gnu/libpthread-2.19.so
7f685d08b000-7f685d08f000 rw-p 00000000 00:00 0 
7f685d08f000-7f685d0a7000 r-xp 00000000 08:05 9048643                    /lib/x86_64-linux-gnu/libz.so.1.2.8
7f685d0a7000-7f685d2a6000 ---p 00018000 08:05 9048643                    /lib/x86_64-linux-gnu/libz.so.1.2.8
7f685d2a6000-7f685d2a7000 r--p 00017000 08:05 9048643                    /lib/x86_64-linux-gnu/libz.so.1.2.8
7f685d2a7000-7f685d2a8000 rw-p 00018000 08:05 9048643                    /lib/x86_64-linux-gnu/libz.so.1.2.8
7f685d2a8000-7f685d2cb000 r-xp 00000000 08:05 9044466                    /lib/x86_64-linux-gnu/ld-2.19.so
7f685d2e8000-7f685d2ef000 r--s 00000000 08:05 8660295                    /usr/lib/x86_64-linux-gnu/gconv/gconv-modules.cache
7f685d2ef000-7f685d3a7000 rw-p 00000000 00:00 0 
7f685d3a7000-7f685d3ac000 ---p 00000000 00:00 0 
7f685d3ac000-7f685d4ad000 rw-p 00000000 00:00 0 
7f685d4b0000-7f685d4b7000 rw-p 00000000 00:00 0 
7f685d4b7000-7f685d4be000 ---p 00000000 00:00 0 
7f685d4be000-7f685d4c0000 r--s 00001000 08:05 1840677                    /opt/intellij-idea-community/lib/rt/debugger-agent-storage.jar
7f685d4c0000-7f685d4c8000 rw-s 00000000 08:05 1841811                    /tmp/hsperfdata_noah/6742
7f685d4c8000-7f685d4c9000 rw-p 00000000 00:00 0 
7f685d4c9000-7f685d4ca000 ---p 00000000 00:00 0 
7f685d4ca000-7f685d4cb000 r--p 00022000 08:05 9044466                    /lib/x86_64-linux-gnu/ld-2.19.so
7f685d4cb000-7f685d4cc000 rw-p 00023000 08:05 9044466                    /lib/x86_64-linux-gnu/ld-2.19.so
7f685d4cc000-7f685d4cd000 rw-p 00000000 00:00 0 
7fff16dc6000-7fff16de8000 rw-p 00000000 00:00 0                          [stack]
7fff16df7000-7fff16df9000 r--p 00000000 00:00 0                          [vvar]
7fff16df9000-7fff16dfb000 r-xp 00000000 00:00 0                          [vdso]
ffffffffff600000-ffffffffff601000 r-xp 00000000 00:00 0                  [vsyscall]

VM Arguments:
jvm_args: -agentlib:jdwp=transport=dt_socket,address=127.0.0.1:35830,suspend=y,server=n -ea -Didea.test.cyclic.buffer.size=1048576 -javaagent:/opt/intellij-idea-community/lib/rt/debugger-agent.jar=/tmp/capture.props -Dfile.encoding=UTF-8 
java_command: com.intellij.rt.execution.junit.JUnitStarter -ideVersion5 -junit5 SkylineTest
java_class_path (initial): /opt/intellij-idea-community/lib/idea_rt.jar:/opt/intellij-idea-community/plugins/junit/lib/junit-rt.jar:/opt/intellij-idea-community/plugins/junit/lib/junit5-rt.jar:/home/noah/.m2/repository/org/junit/platform/junit-platform-launcher/1.0.0/junit-platform-launcher-1.0.0.jar:/home/noah/.m2/repository/org/apiguardian/apiguardian-api/1.0.0/apiguardian-api-1.0.0.jar:/home/noah/.m2/repository/org/junit/platform/junit-platform-engine/1.0.0/junit-platform-engine-1.0.0.jar:/home/noah/.m2/repository/org/junit/platform/junit-platform-commons/1.0.0/junit-platform-commons-1.0.0.jar:/home/noah/.m2/repository/org/opentest4j/opentest4j/1.0.0/opentest4j-1.0.0.jar:/home/noah/.m2/repository/org/junit/jupiter/junit-jupiter-engine/5.0.0/junit-jupiter-engine-5.0.0.jar:/home/noah/.m2/repository/org/junit/jupiter/junit-jupiter-api/5.0.0/junit-jupiter-api-5.0.0.jar:/home/noah/DSA-18/sorting/day00/test/production/production/sorting:/opt/intellij-idea-community/lib/groovy-all-2.4.12.jar
Launcher Type: SUN_STANDARD

Logging:
Log output configuration:
#0: stdout all=warning uptime,level,tags
#1: stderr all=off uptime,level,tags

Environment Variables:
JAVA_HOME=/usr/lib/jvm/java-9-oracle
PATH=/usr/local/sbin:/usr/local/bin:/usr/sbin:/usr/bin:/sbin:/bin:/usr/games:/usr/local/games:/usr/lib/jvm/java-9-oracle/bin:/usr/lib/jvm/java-9-oracle/db/bin
SHELL=/bin/bash
DISPLAY=:0

Signal Handlers:
SIGSEGV: [libjvm.so+0xd4d370], sa_mask[0]=11111111011111111101111111111110, sa_flags=SA_RESTART|SA_SIGINFO
SIGBUS: [libjvm.so+0xd4d370], sa_mask[0]=11111111011111111101111111111110, sa_flags=SA_RESTART|SA_SIGINFO
SIGFPE: [libjvm.so+0xd4d370], sa_mask[0]=11111111011111111101111111111110, sa_flags=SA_RESTART|SA_SIGINFO
SIGPIPE: [libjvm.so+0xb64780], sa_mask[0]=11111111011111111101111111111110, sa_flags=SA_RESTART|SA_SIGINFO
SIGXFSZ: [libjvm.so+0xb64780], sa_mask[0]=11111111011111111101111111111110, sa_flags=SA_RESTART|SA_SIGINFO
SIGILL: [libjvm.so+0xd4d370], sa_mask[0]=11111111011111111101111111111110, sa_flags=SA_RESTART|SA_SIGINFO
SIGUSR2: [libjvm.so+0xb64640], sa_mask[0]=00100000000000000000000000000000, sa_flags=SA_RESTART|SA_SIGINFO
SIGHUP: [libjvm.so+0xb64850], sa_mask[0]=11111111011111111101111111111110, sa_flags=SA_RESTART|SA_SIGINFO
SIGINT: [libjvm.so+0xb64850], sa_mask[0]=11111111011111111101111111111110, sa_flags=SA_RESTART|SA_SIGINFO
SIGTERM: [libjvm.so+0xb64850], sa_mask[0]=11111111011111111101111111111110, sa_flags=SA_RESTART|SA_SIGINFO
SIGQUIT: [libjvm.so+0xb64850], sa_mask[0]=11111111011111111101111111111110, sa_flags=SA_RESTART|SA_SIGINFO


---------------  S Y S T E M  ---------------

OS:DISTRIB_ID=Ubuntu
DISTRIB_RELEASE=14.04
DISTRIB_CODENAME=trusty
DISTRIB_DESCRIPTION="Ubuntu 14.04.5 LTS"
uname:Linux 4.4.0-96-generic #119~14.04.1-Ubuntu SMP Wed Sep 13 08:40:48 UTC 2017 x86_64
libc:glibc 2.19 NPTL 2.19 
rlimit: STACK 8192k, CORE 0k, NPROC 30505, NOFILE 4096, AS infinity
load average:1.09 0.69 0.54

/proc/meminfo:
MemTotal:        7834656 kB
MemFree:         2123900 kB
MemAvailable:    3684876 kB
Buffers:          246744 kB
Cached:          1984488 kB
SwapCached:            0 kB
Active:          4109212 kB
Inactive:        1218684 kB
Active(anon):    3106068 kB
Inactive(anon):   525444 kB
Active(file):    1003144 kB
Inactive(file):   693240 kB
Unevictable:         288 kB
Mlocked:             288 kB
SwapTotal:       8042492 kB
SwapFree:        8042492 kB
Dirty:              7996 kB
Writeback:             0 kB
AnonPages:       3097172 kB
Mapped:           701904 kB
Shmem:            534596 kB
Slab:             214380 kB
SReclaimable:     172444 kB
SUnreclaim:        41936 kB
KernelStack:       14352 kB
PageTables:        55140 kB
NFS_Unstable:          0 kB
Bounce:                0 kB
WritebackTmp:          0 kB
CommitLimit:    11959820 kB
Committed_AS:   10377496 kB
VmallocTotal:   34359738367 kB
VmallocUsed:           0 kB
VmallocChunk:          0 kB
HardwareCorrupted:     0 kB
AnonHugePages:   1345536 kB
CmaTotal:              0 kB
CmaFree:               0 kB
HugePages_Total:       0
HugePages_Free:        0
HugePages_Rsvd:        0
HugePages_Surp:        0
Hugepagesize:       2048 kB
DirectMap4k:      183768 kB
DirectMap2M:     5763072 kB
DirectMap1G:     3145728 kB


CPU:total 4 (initial active 4) (2 cores per cpu, 2 threads per core) family 6 model 78 stepping 3, cmov, cx8, fxsr, mmx, sse, sse2, sse3, ssse3, sse4.1, sse4.2, popcnt, avx, avx2, aes, clmul, erms, rtm, 3dnowpref, lzcnt, ht, tsc, tscinvbit, bmi1, bmi2, adx, fma
CPU Model and flags from /proc/cpuinfo:
model name	: Intel(R) Core(TM) i7-6600U CPU @ 2.60GHz
flags		: fpu vme de pse tsc msr pae mce cx8 apic sep mtrr pge mca cmov pat pse36 clflush dts acpi mmx fxsr sse sse2 ss ht tm pbe syscall nx pdpe1gb rdtscp lm constant_tsc art arch_perfmon pebs bts rep_good nopl xtopology nonstop_tsc aperfmperf eagerfpu pni pclmulqdq dtes64 monitor ds_cpl vmx smx est tm2 ssse3 sdbg fma cx16 xtpr pdcm pcid sse4_1 sse4_2 x2apic movbe popcnt tsc_deadline_timer aes xsave avx f16c rdrand lahf_lm abm 3dnowprefetch epb intel_pt tpr_shadow vnmi flexpriority ept vpid fsgsbase tsc_adjust bmi1 hle avx2 smep bmi2 erms invpcid rtm mpx rdseed adx smap clflushopt xsaveopt xsavec xgetbv1 dtherm ida arat pln pts hwp hwp_notify hwp_act_window hwp_epp

Memory: 4k page, physical 7834656k(2123900k free), swap 8042492k(8042492k free)

vm_info: Java HotSpot(TM) 64-Bit Server VM (9.0.4+11) for linux-amd64 JRE (9.0.4+11), built on Dec 19 2017 18:12:19 by "mach5one" with gcc 4.9.2

END.
