#
# A fatal error has been detected by the Java Runtime Environment:
#
#  SIGSEGV (0xb) at pc=0x00007fbe3bbc0ade, pid=6612, tid=6633
#
# JRE version: Java(TM) SE Runtime Environment (9.0+11) (build 9.0.4+11)
# Java VM: Java HotSpot(TM) 64-Bit Server VM (9.0.4+11, mixed mode, tiered, compressed oops, g1 gc, linux-amd64)
# Problematic frame:
# V  [libjvm.so+0x812ade]  InstanceKlass::allocate_instance(Thread*)+0xae
#
# Core dump will be written. Default location: Core dumps may be processed with "/usr/share/apport/apport %p %s %c %P" (or dumping to /home/noah/DSA-18/sorting/core.6612)
#
# If you would like to submit a bug report, please visit:
#   http://bugreport.java.com/bugreport/crash.jsp
#

---------------  S U M M A R Y ------------

Command Line: -agentlib:jdwp=transport=dt_socket,address=127.0.0.1:41618,suspend=y,server=n -ea -Didea.test.cyclic.buffer.size=1048576 -javaagent:/opt/intellij-idea-community/lib/rt/debugger-agent.jar=/tmp/capture.props -Dfile.encoding=UTF-8 com.intellij.rt.execution.junit.JUnitStarter -ideVersion5 -junit5 SkylineTest

Host: Intel(R) Core(TM) i7-6600U CPU @ 2.60GHz, 4 cores, 7G, Ubuntu 14.04.5 LTS
Time: Thu Mar  1 08:12:28 2018 EST elapsed time: 717 seconds (0d 0h 11m 57s)

---------------  T H R E A D  ---------------

Current thread (0x00007fbe34157000):  VMThread "VM Thread" [stack: 0x00007fbe18035000,0x00007fbe18135000] [id=6633]

Stack: [0x00007fbe18035000,0x00007fbe18135000],  sp=0x00007fbe18133170,  free space=1016k
Native frames: (J=compiled Java code, A=aot compiled Java code, j=interpreted, Vv=VM code, C=native code)
V  [libjvm.so+0x812ade]  InstanceKlass::allocate_instance(Thread*)+0xae
V  [libjvm.so+0x83ee9d]  java_lang_String::basic_create(int, bool, Thread*)+0x2d
V  [libjvm.so+0x83f125]  java_lang_String::create_from_str(char const*, Thread*)+0x45
V  [libjvm.so+0x70755d]  Exceptions::new_exception(Thread*, Symbol*, char const*, Exceptions::ExceptionMsgToUtf8Mode)+0x10d
V  [libjvm.so+0x7a97b6]  GenerateOopMap::verify_error(char const*, ...)+0x86
V  [libjvm.so+0x7aaadc]  GenerateOopMap::ppstore(CellTypeState*, int)+0x10c
V  [libjvm.so+0x7acb36]  GenerateOopMap::interp1(BytecodeStream*)+0x296
V  [libjvm.so+0x7ae454]  GenerateOopMap::interp_bb(BasicBlock*)+0x2a4
V  [libjvm.so+0x7b021f]  GenerateOopMap::do_interpretation()+0x9f
V  [libjvm.so+0x7b05fb]  GenerateOopMap::compute_map(Thread*)+0x26b
V  [libjvm.so+0xb5a587]  OopMapForCacheEntry::compute_map(Thread*)+0x67
V  [libjvm.so+0xb5b1fc]  OopMapCacheEntry::fill(methodHandle, int)+0x12c
V  [libjvm.so+0xb5ba42]  OopMapCache::compute_one_oop_map(methodHandle const&, int, InterpreterOopMap*)+0x102
V  [libjvm.so+0xb5bd56]  OopMapCache::lookup(methodHandle const&, int, InterpreterOopMap*) const+0x216
V  [libjvm.so+0xafb584]  Method::mask_for(int, InterpreterOopMap*)+0x74
V  [libjvm.so+0x9a5a4d]  VM_GetOrSetLocal::doit()+0x4d
V  [libjvm.so+0xd5d4f9]  VM_Operation::evaluate()+0x59
V  [libjvm.so+0xd5b243]  VMThread::evaluate_operation(VM_Operation*)+0xc3
V  [libjvm.so+0xd5b7b0]  VMThread::loop()+0x210
V  [libjvm.so+0xd5bcc2]  VMThread::run()+0x72
V  [libjvm.so+0xb6e132]  thread_native_entry(Thread*)+0xf2


siginfo: si_signo: 11 (SIGSEGV), si_code: 128 (SI_KERNEL), si_addr: 0x0000000000000000

Register to memory mapping:

RAX=0x00490e1e00480e27 is an unknown value
RBX=0x00490e1e00480e0f is an unknown value
RCX=0x0000000000000000 is an unknown value
RDX=0x1ff7be453ff6fe46 is an unknown value
RSP=0x00007fbe18133170 is an unknown value
RBP=0x00007fbe181331d0 is an unknown value
RSI=0x00007fbe34157000 is an unknown value
RDI=0x00000001000016d0 is pointing into metadata
R8 =0x0000000000000073 is an unknown value
R9 =0x0000000000000073 is an unknown value
R10=0x00007fbe3caf3fe0: <offset 0x00000000003c0fe0> in /lib/x86_64-linux-gnu/libc.so.6 at 0x00007fbe3c733000
R11=
[error occurred during error reporting (printing register info), id 0xb]

Registers:
RAX=0x00490e1e00480e27, RBX=0x00490e1e00480e0f, RCX=0x0000000000000000, RDX=0x1ff7be453ff6fe46
RSP=0x00007fbe18133170, RBP=0x00007fbe181331d0, RSI=0x00007fbe34157000, RDI=0x00000001000016d0
R8 =0x0000000000000073, R9 =0x0000000000000073, R10=0x00007fbe3caf3fe0, R11=0x00000000fffffff3
R12=0x00007fbe34157000, R13=0x0000000000000055, R14=0x00007fbe3c6df539, R15=0x0000000000000003
RIP=0x00007fbe3bbc0ade, EFLAGS=0x0000000000010202, CSGSFS=0x0000000000000033, ERR=0x0000000000000000
  TRAPNO=0x000000000000000d

Top of Stack: (sp=0x00007fbe18133170)
0x00007fbe18133170:   2fffffff4fffffff 0020003100000003
0x00007fbe18133180:   00000001000016d0 0000000000000000
0x00007fbe18133190:   0000000000000000 0000000000000000
0x00007fbe181331a0:   2fffffffffffffff 00007fbe34157000 

Instructions: (pc=0x00007fbe3bbc0ade)
0x00007fbe3bbc0abe:   24 08 48 85 c0 0f 85 f7 00 00 00 4c 8d 35 69 ea
0x00007fbe3bbc0ace:   b1 00 41 80 3e 00 0f 84 46 01 00 00 49 83 ff 02
0x00007fbe3bbc0ade:   c7 43 0c 00 00 00 00 48 8d 7b 10 49 8d 47 fd 74
0x00007fbe3bbc0aee:   0f 48 8d 14 c5 08 00 00 00 31 f6 e8 32 f5 a5 ff 

VM_Operation (0x00007fbde95cea30): GetOrSetLocal, mode: safepoint, requested by thread 0x00007fbe3427d000


---------------  P R O C E S S  ---------------

Java Threads: ( => current thread )
  0x00007fbe34307800 JavaThread "Service Thread" daemon [_thread_blocked, id=6649, stack(0x00007fbde91cc000,0x00007fbde92cd000)]
  0x00007fbdb8001000 JavaThread "JDWP Command Reader" daemon [_thread_in_native, id=6648, stack(0x00007fbde92cd000,0x00007fbde93ce000)]
  0x00007fbe34281800 JavaThread "JDWP Event Helper Thread" daemon [_thread_blocked, id=6646, stack(0x00007fbde93ce000,0x00007fbde94cf000)]
  0x00007fbe3427d000 JavaThread "JDWP Transport Listener: dt_socket" daemon [_thread_blocked, id=6644, stack(0x00007fbde94cf000,0x00007fbde95d0000)]
  0x00007fbe341ce800 JavaThread "Common-Cleaner" daemon [_thread_in_Java, id=6643, stack(0x00007fbde97d4000,0x00007fbde98d5000)]
  0x00007fbe3418a800 JavaThread "Sweeper thread" daemon [_thread_blocked, id=6640, stack(0x00007fbde9cfd000,0x00007fbde9dfe000)]
  0x00007fbe34188800 JavaThread "C1 CompilerThread2" daemon [_thread_blocked, id=6639, stack(0x00007fbde9dfe000,0x00007fbde9eff000)]
  0x00007fbe34186800 JavaThread "C2 CompilerThread1" daemon [_thread_blocked, id=6638, stack(0x00007fbde9eff000,0x00007fbdea000000)]
  0x00007fbe34184800 JavaThread "C2 CompilerThread0" daemon [_thread_blocked, id=6637, stack(0x00007fbdf002c000,0x00007fbdf012d000)]
  0x00007fbe34183000 JavaThread "Signal Dispatcher" daemon [_thread_blocked, id=6636, stack(0x00007fbdf012d000,0x00007fbdf022e000)]
  0x00007fbe34169000 JavaThread "Finalizer" daemon [_thread_blocked, id=6635, stack(0x00007fbdf022e000,0x00007fbdf032f000)]
  0x00007fbe34160800 JavaThread "Reference Handler" daemon [_thread_blocked, id=6634, stack(0x00007fbdf032f000,0x00007fbdf0430000)]
  0x00007fbe34015800 JavaThread "main" [_thread_blocked, id=6613, stack(0x00007fbe3d446000,0x00007fbe3d546000)]

Other Threads:
=>0x00007fbe34157000 VMThread "VM Thread" [stack: 0x00007fbe18035000,0x00007fbe18135000] [id=6633]
  0x00007fbe3430b000 WatcherThread [stack: 0x00007fbde90cc000,0x00007fbde91cc000] [id=6650]
  0x00007fbe3402d800 GCTaskThread "GC Thread#0" [stack: 0x00007fbe38ff9000,0x00007fbe390f9000] [id=6616]
  0x00007fbe3402f000 GCTaskThread "GC Thread#1" [stack: 0x00007fbe38ef8000,0x00007fbe38ff8000] [id=6617]
  0x00007fbe34030800 GCTaskThread "GC Thread#2" [stack: 0x00007fbe38df7000,0x00007fbe38ef7000] [id=6618]
  0x00007fbe34032000 GCTaskThread "GC Thread#3" [stack: 0x00007fbe38cf6000,0x00007fbe38df6000] [id=6619]
  0x00007fbe34060000 ConcurrentGCThread "G1 Main Marker" [stack: 0x00007fbe18f0c000,0x00007fbe1900c000] [id=6625]
  0x00007fbe34061800 ConcurrentGCThread "G1 Marker#0" [stack: 0x00007fbe18e0b000,0x00007fbe18f0b000] [id=6626]
  0x00007fbe34039800 ConcurrentGCThread "G1 Refine#0" [stack: 0x00007fbe384ee000,0x00007fbe385ee000] [id=6623]
  0x00007fbe34038000 ConcurrentGCThread "G1 Refine#1" [stack: 0x00007fbe385ef000,0x00007fbe386ef000] [id=6622]
  0x00007fbe34036000 ConcurrentGCThread "G1 Refine#2" [stack: 0x00007fbe386f0000,0x00007fbe387f0000] [id=6621]
  0x00007fbe34034000 ConcurrentGCThread "G1 Refine#3" [stack: 0x00007fbe387f1000,0x00007fbe388f1000] [id=6620]
  0x00007fbe3403b800 ConcurrentGCThread "G1 Young RemSet Sampling" [stack: 0x00007fbe383ed000,0x00007fbe384ed000] [id=6624]

Threads with active compile tasks:

VM state:at safepoint (normal execution)

VM Mutex/Monitor currently owned by a thread:  ([mutex/lock_event])
[0x00007fbe34011d00] Threads_lock - owner thread: 0x00007fbe34157000

Heap address: 0x0000000088600000, size: 1914 MB, Compressed Oops mode: 32-bit
Narrow klass base: 0x0000000000000000, Narrow klass shift: 3
Compressed class space size: 1073741824 Address: 0x0000000100000000

Heap:
 garbage-first heap   total 122880K, used 4246K [0x0000000088600000, 0x00000000887003c0, 0x0000000100000000)
  region size 1024K, 4 young (4096K), 2 survivors (2048K)
 Metaspace       used 10024K, capacity 10778K, committed 10880K, reserved 1058816K
  class space    used 1009K, capacity 1139K, committed 1152K, reserved 1048576K
Heap Regions: E=young(eden), S=young(survivor), O=old, HS=humongous(starts), HC=humongous(continues), CS=collection set, F=free, A=archive, TS=gc time stamp, AC=allocation context, TAMS=top-at-mark-start (previous, next)
|   0|0x0000000088600000, 0x0000000088700000, 0x0000000088700000|100%| O|  |TS  1|AC  0|TAMS 0x0000000088600000, 0x0000000088600000|
|   1|0x0000000088700000, 0x0000000088725800, 0x0000000088800000| 14%| O|  |TS  1|AC  0|TAMS 0x0000000088700000, 0x0000000088700000|
|   2|0x0000000088800000, 0x0000000088800000, 0x0000000088900000|  0%| F|  |TS  0|AC  0|TAMS 0x0000000088800000, 0x0000000088800000|
|   3|0x0000000088900000, 0x0000000088900000, 0x0000000088a00000|  0%| F|  |TS  0|AC  0|TAMS 0x0000000088900000, 0x0000000088900000|
|   4|0x0000000088a00000, 0x0000000088a00000, 0x0000000088b00000|  0%| F|  |TS  0|AC  0|TAMS 0x0000000088a00000, 0x0000000088a00000|
|   5|0x0000000088b00000, 0x0000000088b00000, 0x0000000088c00000|  0%| F|  |TS  0|AC  0|TAMS 0x0000000088b00000, 0x0000000088b00000|
|   6|0x0000000088c00000, 0x0000000088c00000, 0x0000000088d00000|  0%| F|  |TS  0|AC  0|TAMS 0x0000000088c00000, 0x0000000088c00000|
|   7|0x0000000088d00000, 0x0000000088d00000, 0x0000000088e00000|  0%| F|  |TS  0|AC  0|TAMS 0x0000000088d00000, 0x0000000088d00000|
|   8|0x0000000088e00000, 0x0000000088e00000, 0x0000000088f00000|  0%| F|  |TS  0|AC  0|TAMS 0x0000000088e00000, 0x0000000088e00000|
|   9|0x0000000088f00000, 0x0000000088f00000, 0x0000000089000000|  0%| F|  |TS  0|AC  0|TAMS 0x0000000088f00000, 0x0000000088f00000|
|  10|0x0000000089000000, 0x0000000089000000, 0x0000000089100000|  0%| F|  |TS  0|AC  0|TAMS 0x0000000089000000, 0x0000000089000000|
|  11|0x0000000089100000, 0x0000000089100000, 0x0000000089200000|  0%| F|  |TS  0|AC  0|TAMS 0x0000000089100000, 0x0000000089100000|
|  12|0x0000000089200000, 0x0000000089200000, 0x0000000089300000|  0%| F|  |TS  0|AC  0|TAMS 0x0000000089200000, 0x0000000089200000|
|  13|0x0000000089300000, 0x0000000089300000, 0x0000000089400000|  0%| F|  |TS  0|AC  0|TAMS 0x0000000089300000, 0x0000000089300000|
|  14|0x0000000089400000, 0x0000000089400000, 0x0000000089500000|  0%| F|  |TS  0|AC  0|TAMS 0x0000000089400000, 0x0000000089400000|
|  15|0x0000000089500000, 0x0000000089500000, 0x0000000089600000|  0%| F|  |TS  0|AC  0|TAMS 0x0000000089500000, 0x0000000089500000|
|  16|0x0000000089600000, 0x0000000089600000, 0x0000000089700000|  0%| F|  |TS  0|AC  0|TAMS 0x0000000089600000, 0x0000000089600000|
|  17|0x0000000089700000, 0x0000000089700000, 0x0000000089800000|  0%| F|  |TS  0|AC  0|TAMS 0x0000000089700000, 0x0000000089700000|
|  18|0x0000000089800000, 0x0000000089800000, 0x0000000089900000|  0%| F|  |TS  0|AC  0|TAMS 0x0000000089800000, 0x0000000089800000|
|  19|0x0000000089900000, 0x0000000089900000, 0x0000000089a00000|  0%| F|  |TS  0|AC  0|TAMS 0x0000000089900000, 0x0000000089900000|
|  20|0x0000000089a00000, 0x0000000089a00000, 0x0000000089b00000|  0%| F|  |TS  0|AC  0|TAMS 0x0000000089a00000, 0x0000000089a00000|
|  21|0x0000000089b00000, 0x0000000089b00000, 0x0000000089c00000|  0%| F|  |TS  0|AC  0|TAMS 0x0000000089b00000, 0x0000000089b00000|
|  22|0x0000000089c00000, 0x0000000089c00000, 0x0000000089d00000|  0%| F|  |TS  0|AC  0|TAMS 0x0000000089c00000, 0x0000000089c00000|
|  23|0x0000000089d00000, 0x0000000089d00000, 0x0000000089e00000|  0%| F|  |TS  0|AC  0|TAMS 0x0000000089d00000, 0x0000000089d00000|
|  24|0x0000000089e00000, 0x0000000089e00000, 0x0000000089f00000|  0%| F|  |TS  0|AC  0|TAMS 0x0000000089e00000, 0x0000000089e00000|
|  25|0x0000000089f00000, 0x0000000089f00000, 0x000000008a000000|  0%| F|  |TS  0|AC  0|TAMS 0x0000000089f00000, 0x0000000089f00000|
|  26|0x000000008a000000, 0x000000008a000000, 0x000000008a100000|  0%| F|  |TS  0|AC  0|TAMS 0x000000008a000000, 0x000000008a000000|
|  27|0x000000008a100000, 0x000000008a100000, 0x000000008a200000|  0%| F|  |TS  0|AC  0|TAMS 0x000000008a100000, 0x000000008a100000|
|  28|0x000000008a200000, 0x000000008a200000, 0x000000008a300000|  0%| F|  |TS  0|AC  0|TAMS 0x000000008a200000, 0x000000008a200000|
|  29|0x000000008a300000, 0x000000008a300000, 0x000000008a400000|  0%| F|  |TS  0|AC  0|TAMS 0x000000008a300000, 0x000000008a300000|
|  30|0x000000008a400000, 0x000000008a400000, 0x000000008a500000|  0%| F|  |TS  0|AC  0|TAMS 0x000000008a400000, 0x000000008a400000|
|  31|0x000000008a500000, 0x000000008a500000, 0x000000008a600000|  0%| F|  |TS  0|AC  0|TAMS 0x000000008a500000, 0x000000008a500000|
|  32|0x000000008a600000, 0x000000008a600000, 0x000000008a700000|  0%| F|  |TS  0|AC  0|TAMS 0x000000008a600000, 0x000000008a600000|
|  33|0x000000008a700000, 0x000000008a700000, 0x000000008a800000|  0%| F|  |TS  0|AC  0|TAMS 0x000000008a700000, 0x000000008a700000|
|  34|0x000000008a800000, 0x000000008a800000, 0x000000008a900000|  0%| F|  |TS  0|AC  0|TAMS 0x000000008a800000, 0x000000008a800000|
|  35|0x000000008a900000, 0x000000008a900000, 0x000000008aa00000|  0%| F|  |TS  0|AC  0|TAMS 0x000000008a900000, 0x000000008a900000|
|  36|0x000000008aa00000, 0x000000008aa00000, 0x000000008ab00000|  0%| F|  |TS  0|AC  0|TAMS 0x000000008aa00000, 0x000000008aa00000|
|  37|0x000000008ab00000, 0x000000008ab00000, 0x000000008ac00000|  0%| F|  |TS  0|AC  0|TAMS 0x000000008ab00000, 0x000000008ab00000|
|  38|0x000000008ac00000, 0x000000008ac00000, 0x000000008ad00000|  0%| F|  |TS  0|AC  0|TAMS 0x000000008ac00000, 0x000000008ac00000|
|  39|0x000000008ad00000, 0x000000008ad00000, 0x000000008ae00000|  0%| F|  |TS  0|AC  0|TAMS 0x000000008ad00000, 0x000000008ad00000|
|  40|0x000000008ae00000, 0x000000008ae00000, 0x000000008af00000|  0%| F|  |TS  0|AC  0|TAMS 0x000000008ae00000, 0x000000008ae00000|
|  41|0x000000008af00000, 0x000000008af00000, 0x000000008b000000|  0%| F|  |TS  0|AC  0|TAMS 0x000000008af00000, 0x000000008af00000|
|  42|0x000000008b000000, 0x000000008b000000, 0x000000008b100000|  0%| F|  |TS  0|AC  0|TAMS 0x000000008b000000, 0x000000008b000000|
|  43|0x000000008b100000, 0x000000008b100000, 0x000000008b200000|  0%| F|  |TS  0|AC  0|TAMS 0x000000008b100000, 0x000000008b100000|
|  44|0x000000008b200000, 0x000000008b200000, 0x000000008b300000|  0%| F|  |TS  0|AC  0|TAMS 0x000000008b200000, 0x000000008b200000|
|  45|0x000000008b300000, 0x000000008b300000, 0x000000008b400000|  0%| F|  |TS  0|AC  0|TAMS 0x000000008b300000, 0x000000008b300000|
|  46|0x000000008b400000, 0x000000008b400000, 0x000000008b500000|  0%| F|  |TS  0|AC  0|TAMS 0x000000008b400000, 0x000000008b400000|
|  47|0x000000008b500000, 0x000000008b500000, 0x000000008b600000|  0%| F|  |TS  0|AC  0|TAMS 0x000000008b500000, 0x000000008b500000|
|  48|0x000000008b600000, 0x000000008b600000, 0x000000008b700000|  0%| F|  |TS  0|AC  0|TAMS 0x000000008b600000, 0x000000008b600000|
|  49|0x000000008b700000, 0x000000008b700000, 0x000000008b800000|  0%| F|  |TS  0|AC  0|TAMS 0x000000008b700000, 0x000000008b700000|
|  50|0x000000008b800000, 0x000000008b800000, 0x000000008b900000|  0%| F|  |TS  0|AC  0|TAMS 0x000000008b800000, 0x000000008b800000|
|  51|0x000000008b900000, 0x000000008b900000, 0x000000008ba00000|  0%| F|  |TS  0|AC  0|TAMS 0x000000008b900000, 0x000000008b900000|
|  52|0x000000008ba00000, 0x000000008ba00000, 0x000000008bb00000|  0%| F|  |TS  0|AC  0|TAMS 0x000000008ba00000, 0x000000008ba00000|
|  53|0x000000008bb00000, 0x000000008bb00000, 0x000000008bc00000|  0%| F|  |TS  0|AC  0|TAMS 0x000000008bb00000, 0x000000008bb00000|
|  54|0x000000008bc00000, 0x000000008bc00000, 0x000000008bd00000|  0%| F|  |TS  0|AC  0|TAMS 0x000000008bc00000, 0x000000008bc00000|
|  55|0x000000008bd00000, 0x000000008bd00000, 0x000000008be00000|  0%| F|  |TS  0|AC  0|TAMS 0x000000008bd00000, 0x000000008bd00000|
|  56|0x000000008be00000, 0x000000008be00000, 0x000000008bf00000|  0%| F|  |TS  0|AC  0|TAMS 0x000000008be00000, 0x000000008be00000|
|  57|0x000000008bf00000, 0x000000008bf00000, 0x000000008c000000|  0%| F|  |TS  0|AC  0|TAMS 0x000000008bf00000, 0x000000008bf00000|
|  58|0x000000008c000000, 0x000000008c000000, 0x000000008c100000|  0%| F|  |TS  0|AC  0|TAMS 0x000000008c000000, 0x000000008c000000|
|  59|0x000000008c100000, 0x000000008c100000, 0x000000008c200000|  0%| F|  |TS  0|AC  0|TAMS 0x000000008c100000, 0x000000008c100000|
|  60|0x000000008c200000, 0x000000008c200000, 0x000000008c300000|  0%| F|  |TS  0|AC  0|TAMS 0x000000008c200000, 0x000000008c200000|
|  61|0x000000008c300000, 0x000000008c300000, 0x000000008c400000|  0%| F|  |TS  0|AC  0|TAMS 0x000000008c300000, 0x000000008c300000|
|  62|0x000000008c400000, 0x000000008c400000, 0x000000008c500000|  0%| F|  |TS  0|AC  0|TAMS 0x000000008c400000, 0x000000008c400000|
|  63|0x000000008c500000, 0x000000008c500000, 0x000000008c600000|  0%| F|  |TS  0|AC  0|TAMS 0x000000008c500000, 0x000000008c500000|
|  64|0x000000008c600000, 0x000000008c600000, 0x000000008c700000|  0%| F|  |TS  0|AC  0|TAMS 0x000000008c600000, 0x000000008c600000|
|  65|0x000000008c700000, 0x000000008c700000, 0x000000008c800000|  0%| F|  |TS  0|AC  0|TAMS 0x000000008c700000, 0x000000008c700000|
|  66|0x000000008c800000, 0x000000008c800000, 0x000000008c900000|  0%| F|  |TS  0|AC  0|TAMS 0x000000008c800000, 0x000000008c800000|
|  67|0x000000008c900000, 0x000000008c900000, 0x000000008ca00000|  0%| F|  |TS  0|AC  0|TAMS 0x000000008c900000, 0x000000008c900000|
|  68|0x000000008ca00000, 0x000000008ca00000, 0x000000008cb00000|  0%| F|  |TS  0|AC  0|TAMS 0x000000008ca00000, 0x000000008ca00000|
|  69|0x000000008cb00000, 0x000000008cb00000, 0x000000008cc00000|  0%| F|  |TS  0|AC  0|TAMS 0x000000008cb00000, 0x000000008cb00000|
|  70|0x000000008cc00000, 0x000000008cc00000, 0x000000008cd00000|  0%| F|  |TS  0|AC  0|TAMS 0x000000008cc00000, 0x000000008cc00000|
|  71|0x000000008cd00000, 0x000000008cd00000, 0x000000008ce00000|  0%| F|  |TS  0|AC  0|TAMS 0x000000008cd00000, 0x000000008cd00000|
|  72|0x000000008ce00000, 0x000000008ce00000, 0x000000008cf00000|  0%| F|  |TS  0|AC  0|TAMS 0x000000008ce00000, 0x000000008ce00000|
|  73|0x000000008cf00000, 0x000000008cf00000, 0x000000008d000000|  0%| F|  |TS  0|AC  0|TAMS 0x000000008cf00000, 0x000000008cf00000|
|  74|0x000000008d000000, 0x000000008d000000, 0x000000008d100000|  0%| F|  |TS  0|AC  0|TAMS 0x000000008d000000, 0x000000008d000000|
|  75|0x000000008d100000, 0x000000008d100000, 0x000000008d200000|  0%| F|  |TS  0|AC  0|TAMS 0x000000008d100000, 0x000000008d100000|
|  76|0x000000008d200000, 0x000000008d200000, 0x000000008d300000|  0%| F|  |TS  0|AC  0|TAMS 0x000000008d200000, 0x000000008d200000|
|  77|0x000000008d300000, 0x000000008d300000, 0x000000008d400000|  0%| F|  |TS  0|AC  0|TAMS 0x000000008d300000, 0x000000008d300000|
|  78|0x000000008d400000, 0x000000008d400000, 0x000000008d500000|  0%| F|  |TS  0|AC  0|TAMS 0x000000008d400000, 0x000000008d400000|
|  79|0x000000008d500000, 0x000000008d500000, 0x000000008d600000|  0%| F|  |TS  0|AC  0|TAMS 0x000000008d500000, 0x000000008d500000|
|  80|0x000000008d600000, 0x000000008d600000, 0x000000008d700000|  0%| F|  |TS  0|AC  0|TAMS 0x000000008d600000, 0x000000008d600000|
|  81|0x000000008d700000, 0x000000008d700000, 0x000000008d800000|  0%| F|  |TS  0|AC  0|TAMS 0x000000008d700000, 0x000000008d700000|
|  82|0x000000008d800000, 0x000000008d800000, 0x000000008d900000|  0%| F|  |TS  0|AC  0|TAMS 0x000000008d800000, 0x000000008d800000|
|  83|0x000000008d900000, 0x000000008d900000, 0x000000008da00000|  0%| F|  |TS  0|AC  0|TAMS 0x000000008d900000, 0x000000008d900000|
|  84|0x000000008da00000, 0x000000008da00000, 0x000000008db00000|  0%| F|  |TS  0|AC  0|TAMS 0x000000008da00000, 0x000000008da00000|
|  85|0x000000008db00000, 0x000000008db00000, 0x000000008dc00000|  0%| F|  |TS  0|AC  0|TAMS 0x000000008db00000, 0x000000008db00000|
|  86|0x000000008dc00000, 0x000000008dc00000, 0x000000008dd00000|  0%| F|  |TS  0|AC  0|TAMS 0x000000008dc00000, 0x000000008dc00000|
|  87|0x000000008dd00000, 0x000000008dd00000, 0x000000008de00000|  0%| F|  |TS  0|AC  0|TAMS 0x000000008dd00000, 0x000000008dd00000|
|  88|0x000000008de00000, 0x000000008de00000, 0x000000008df00000|  0%| F|  |TS  0|AC  0|TAMS 0x000000008de00000, 0x000000008de00000|
|  89|0x000000008df00000, 0x000000008df00000, 0x000000008e000000|  0%| F|  |TS  0|AC  0|TAMS 0x000000008df00000, 0x000000008df00000|
|  90|0x000000008e000000, 0x000000008e000000, 0x000000008e100000|  0%| F|  |TS  0|AC  0|TAMS 0x000000008e000000, 0x000000008e000000|
|  91|0x000000008e100000, 0x000000008e100000, 0x000000008e200000|  0%| F|  |TS  0|AC  0|TAMS 0x000000008e100000, 0x000000008e100000|
|  92|0x000000008e200000, 0x000000008e200000, 0x000000008e300000|  0%| F|  |TS  0|AC  0|TAMS 0x000000008e200000, 0x000000008e200000|
|  93|0x000000008e300000, 0x000000008e300000, 0x000000008e400000|  0%| F|  |TS  0|AC  0|TAMS 0x000000008e300000, 0x000000008e300000|
|  94|0x000000008e400000, 0x000000008e400000, 0x000000008e500000|  0%| F|  |TS  0|AC  0|TAMS 0x000000008e400000, 0x000000008e400000|
|  95|0x000000008e500000, 0x000000008e500000, 0x000000008e600000|  0%| F|  |TS  0|AC  0|TAMS 0x000000008e500000, 0x000000008e500000|
|  96|0x000000008e600000, 0x000000008e600000, 0x000000008e700000|  0%| F|  |TS  0|AC  0|TAMS 0x000000008e600000, 0x000000008e600000|
|  97|0x000000008e700000, 0x000000008e700000, 0x000000008e800000|  0%| F|  |TS  0|AC  0|TAMS 0x000000008e700000, 0x000000008e700000|
|  98|0x000000008e800000, 0x000000008e800000, 0x000000008e900000|  0%| F|  |TS  0|AC  0|TAMS 0x000000008e800000, 0x000000008e800000|
|  99|0x000000008e900000, 0x000000008e900000, 0x000000008ea00000|  0%| F|  |TS  0|AC  0|TAMS 0x000000008e900000, 0x000000008e900000|
| 100|0x000000008ea00000, 0x000000008ea00000, 0x000000008eb00000|  0%| F|  |TS  0|AC  0|TAMS 0x000000008ea00000, 0x000000008ea00000|
| 101|0x000000008eb00000, 0x000000008eb00000, 0x000000008ec00000|  0%| F|  |TS  0|AC  0|TAMS 0x000000008eb00000, 0x000000008eb00000|
| 102|0x000000008ec00000, 0x000000008ec00000, 0x000000008ed00000|  0%| F|  |TS  0|AC  0|TAMS 0x000000008ec00000, 0x000000008ec00000|
| 103|0x000000008ed00000, 0x000000008ed00000, 0x000000008ee00000|  0%| F|  |TS  0|AC  0|TAMS 0x000000008ed00000, 0x000000008ed00000|
| 104|0x000000008ee00000, 0x000000008ef00000, 0x000000008ef00000|100%| S|CS|TS  1|AC  0|TAMS 0x000000008ee00000, 0x000000008ee00000|
| 105|0x000000008ef00000, 0x000000008f000000, 0x000000008f000000|100%| S|CS|TS  1|AC  0|TAMS 0x000000008ef00000, 0x000000008ef00000|
| 106|0x000000008f000000, 0x000000008f000000, 0x000000008f100000|  0%| F|  |TS  1|AC  0|TAMS 0x000000008f000000, 0x000000008f000000|
| 107|0x000000008f100000, 0x000000008f100000, 0x000000008f200000|  0%| F|  |TS  1|AC  0|TAMS 0x000000008f100000, 0x000000008f100000|
| 108|0x000000008f200000, 0x000000008f200000, 0x000000008f300000|  0%| F|  |TS  1|AC  0|TAMS 0x000000008f200000, 0x000000008f200000|
| 109|0x000000008f300000, 0x000000008f300000, 0x000000008f400000|  0%| F|  |TS  1|AC  0|TAMS 0x000000008f300000, 0x000000008f300000|
| 110|0x000000008f400000, 0x000000008f400000, 0x000000008f500000|  0%| F|  |TS  1|AC  0|TAMS 0x000000008f400000, 0x000000008f400000|
| 111|0x000000008f500000, 0x000000008f500000, 0x000000008f600000|  0%| F|  |TS  1|AC  0|TAMS 0x000000008f500000, 0x000000008f500000|
| 112|0x000000008f600000, 0x000000008f600000, 0x000000008f700000|  0%| F|  |TS  1|AC  0|TAMS 0x000000008f600000, 0x000000008f600000|
| 113|0x000000008f700000, 0x000000008f700000, 0x000000008f800000|  0%| F|  |TS  1|AC  0|TAMS 0x000000008f700000, 0x000000008f700000|
| 114|0x000000008f800000, 0x000000008f800000, 0x000000008f900000|  0%| F|  |TS  1|AC  0|TAMS 0x000000008f800000, 0x000000008f800000|
| 115|0x000000008f900000, 0x000000008f900000, 0x000000008fa00000|  0%| F|  |TS  1|AC  0|TAMS 0x000000008f900000, 0x000000008f900000|
| 116|0x000000008fa00000, 0x000000008fa00000, 0x000000008fb00000|  0%| F|  |TS  1|AC  0|TAMS 0x000000008fa00000, 0x000000008fa00000|
| 117|0x000000008fb00000, 0x000000008fb00000, 0x000000008fc00000|  0%| F|  |TS  1|AC  0|TAMS 0x000000008fb00000, 0x000000008fb00000|
| 118|0x000000008fc00000, 0x000000008fc80800, 0x000000008fd00000| 50%| E|  |TS  1|AC  0|TAMS 0x000000008fc00000, 0x000000008fc00000|
| 119|0x000000008fd00000, 0x000000008fe00000, 0x000000008fe00000|100%| E|CS|TS  1|AC  0|TAMS 0x000000008fd00000, 0x000000008fd00000|

Card table byte_map: [0x00007fbe193c9000,0x00007fbe19786000] byte_map_base: 0x00007fbe18f86000

Marking Bits (Prev, Next): (CMBitMap*) 0x00007fbe3405eef0, (CMBitMap*) 0x00007fbe3405ef28
 Prev Bits: [0x00007fbdf2218000, 0x00007fbdf4000000)
 Next Bits: [0x00007fbdf0430000, 0x00007fbdf2218000)

Polling page: 0x00007fbe3d567000

CodeHeap 'non-profiled nmethods': size=120032Kb used=287Kb max_used=287Kb free=119744Kb
 bounds [0x00007fbe2160b000, 0x00007fbe2187b000, 0x00007fbe28b43000]
CodeHeap 'profiled nmethods': size=120032Kb used=1570Kb max_used=1570Kb free=118461Kb
 bounds [0x00007fbe1a0d3000, 0x00007fbe1a343000, 0x00007fbe2160b000]
CodeHeap 'non-nmethods': size=5696Kb used=1192Kb max_used=1208Kb free=4503Kb
 bounds [0x00007fbe19b43000, 0x00007fbe19db3000, 0x00007fbe1a0d3000]
 total_blobs=1379 nmethods=883 adapters=259
 compilation: enabled

Compilation events (10 events):
Event: 7.850 Thread 0x00007fbe34188800 nmethod 880 0x00007fbe1a259a10 code [0x00007fbe1a259c40, 0x00007fbe1a25a5b8]
Event: 7.850 Thread 0x00007fbe34188800  882       3       java.lang.ref.Reference::clear (6 bytes)
Event: 7.851 Thread 0x00007fbe34188800 nmethod 882 0x00007fbe1a25a910 code [0x00007fbe1a25aac0, 0x00007fbe1a25ac30]
Event: 7.851 Thread 0x00007fbe34188800  883       1       com.intellij.rt.execution.junit.MapSerializerUtil$1::escapeCharacter (3 bytes)
Event: 7.851 Thread 0x00007fbe34188800 nmethod 883 0x00007fbe21650c10 code [0x00007fbe21650dc0, 0x00007fbe21650ed0]
Event: 7.851 Thread 0x00007fbe34188800  875       3       java.lang.String::valueOf (14 bytes)
Event: 7.851 Thread 0x00007fbe34188800 nmethod 875 0x00007fbe1a25ac90 code [0x00007fbe1a25ae40, 0x00007fbe1a25b0a8]
Event: 7.851 Thread 0x00007fbe34188800  872       3       java.net.URLStreamHandler::setURL (40 bytes)
Event: 7.852 Thread 0x00007fbe34188800 nmethod 872 0x00007fbe1a25b190 code [0x00007fbe1a25b360, 0x00007fbe1a25b798]
Event: 7.871 Thread 0x00007fbe34184800 nmethod 865 0x00007fbe21650f90 code [0x00007fbe21651200, 0x00007fbe21652570]

GC Heap History (2 events):
Event: 7.783 GC heap before
{Heap before GC invocations=0 (full 0):
 garbage-first heap   total 122880K, used 14336K [0x0000000088600000, 0x00000000887003c0, 0x0000000100000000)
  region size 1024K, 14 young (14336K), 0 survivors (0K)
 Metaspace       used 9960K, capacity 10778K, committed 10880K, reserved 1058816K
  class space    used 1005K, capacity 1139K, committed 1152K, reserved 1048576K
}
Event: 7.826 GC heap after
{Heap after GC invocations=1 (full 0):
 garbage-first heap   total 122880K, used 3222K [0x0000000088600000, 0x00000000887003c0, 0x0000000100000000)
  region size 1024K, 2 young (2048K), 2 survivors (2048K)
 Metaspace       used 9960K, capacity 10778K, committed 10880K, reserved 1058816K
  class space    used 1005K, capacity 1139K, committed 1152K, reserved 1048576K
}

Deoptimization events (3 events):
Event: 0.496 Thread 0x00007fbe34015800 Uncommon trap: reason=unstable_if action=reinterpret pc=0x00007fbe2160e11c method=java.lang.String.charAt(I)C @ 4 c2
Event: 0.656 Thread 0x00007fbe34015800 Uncommon trap: reason=unstable_if action=reinterpret pc=0x00007fbe2163b43c method=java.util.HashMap.getNode(ILjava/lang/Object;)Ljava/util/HashMap$Node; @ 129 c2
Event: 0.656 Thread 0x00007fbe34015800 Uncommon trap: reason=unstable_if action=reinterpret pc=0x00007fbe2163a300 method=java.util.HashMap.getNode(ILjava/lang/Object;)Ljava/util/HashMap$Node; @ 129 c2

Classes redefined (8 events):
Event: 279.462 Thread 0x00007fbe34157000 redefined class name=Skyline$Building, count=1
Event: 279.466 Thread 0x00007fbe34157000 redefined class name=Skyline, count=1
Event: 423.730 Thread 0x00007fbe34157000 redefined class name=Skyline$Building, count=2
Event: 423.733 Thread 0x00007fbe34157000 redefined class name=Skyline, count=2
Event: 553.158 Thread 0x00007fbe34157000 redefined class name=Skyline$Building, count=3
Event: 553.160 Thread 0x00007fbe34157000 redefined class name=Skyline, count=3
Event: 717.690 Thread 0x00007fbe34157000 redefined class name=Skyline$Building, count=4
Event: 717.692 Thread 0x00007fbe34157000 redefined class name=Skyline, count=4

Internal exceptions (10 events):
Event: 0.672 Thread 0x00007fbe34015800 Exception <a 'java/lang/NoSuchMethodError'{0x000000008f229230}: java.lang.invoke.DirectMethodHandle$Holder.invokeInterface(Ljava/lang/Object;Ljava/lang/Object;)V> (0x000000008f229230) thrown at [/scratch/opt/mach5/mesos/work_dir/slaves/5af44a71-976a-41b7-
Event: 0.672 Thread 0x00007fbe34015800 Exception <a 'java/lang/IncompatibleClassChangeError'{0x000000008f22be38}: Found class java.lang.Object, but interface was expected> (0x000000008f22be38) thrown at [/scratch/opt/mach5/mesos/work_dir/slaves/5af44a71-976a-41b7-81de-5773b84ec572-S39643/frame
Event: 0.674 Thread 0x00007fbe34015800 Exception <a 'java/lang/NoSuchMethodError'{0x000000008f230630}: java.lang.Object.lambda$accept$0(Lorg/junit/platform/engine/TestDescriptor$Visitor;Lorg/junit/platform/engine/TestDescriptor;)V> (0x000000008f230630) thrown at [/scratch/opt/mach5/mesos/work_
Event: 0.676 Thread 0x00007fbe34015800 Exception <a 'java/lang/NoSuchMethodError'{0x000000008f237278}: java.lang.Object.containsTests(Lorg/junit/platform/engine/TestDescriptor;)Z> (0x000000008f237278) thrown at [/scratch/opt/mach5/mesos/work_dir/slaves/5af44a71-976a-41b7-81de-5773b84ec572-S396
Event: 0.760 Thread 0x00007fbe34015800 Exception <a 'java/lang/NoSuchMethodError'{0x000000008f1b9c40}: method resolution failed> (0x000000008f1b9c40) thrown at [/scratch/opt/mach5/mesos/work_dir/slaves/5af44a71-976a-41b7-81de-5773b84ec572-S39643/frameworks/1735e8a2-a1db-478c-8104-60c8b0af87dd-
Event: 0.828 Thread 0x00007fbe34015800 Exception <a 'java/lang/NoSuchMethodError'{0x000000008f079770}: java.lang.invoke.DirectMethodHandle$Holder.invokeInterface(Ljava/lang/Object;Ljava/lang/Object;Ljava/lang/Object;)V> (0x000000008f079770) thrown at [/scratch/opt/mach5/mesos/work_dir/slaves/5
Event: 7.731 Thread 0x00007fbe34015800 Exception <a 'java/lang/ArrayIndexOutOfBoundsException'{0x000000008f0b35e8}> (0x000000008f0b35e8) thrown at [/scratch/opt/mach5/mesos/work_dir/slaves/5af44a71-976a-41b7-81de-5773b84ec572-S39643/frameworks/1735e8a2-a1db-478c-8104-60c8b0af87dd-0196/executor
Event: 7.732 Thread 0x00007fbe34015800 Exception <a 'java/lang/reflect/InvocationTargetException'{0x000000008f0b3ed0}> (0x000000008f0b3ed0) thrown at [/scratch/opt/mach5/mesos/work_dir/slaves/5af44a71-976a-41b7-81de-5773b84ec572-S39643/frameworks/1735e8a2-a1db-478c-8104-60c8b0af87dd-0196/execu
Event: 7.742 Thread 0x00007fbe34015800 Exception <a 'java/lang/NoSuchMethodError'{0x000000008f0c2b38}: java.lang.invoke.DirectMethodHandle$Holder.invokeStatic(Ljava/lang/Object;Ljava/lang/Object;Ljava/lang/Object;Ljava/lang/Object;Ljava/lang/Object;)V> (0x000000008f0c2b38) thrown at [/scratch/
Event: 7.776 Thread 0x00007fbe34015800 Exception <a 'java/lang/NoClassDefFoundError'{0x000000008f0f9940}> (0x000000008f0f9940) thrown at [/scratch/opt/mach5/mesos/work_dir/slaves/5af44a71-976a-41b7-81de-5773b84ec572-S39643/frameworks/1735e8a2-a1db-478c-8104-60c8b0af87dd-0196/executors/a3f74ad9

Events (10 events):
Event: 717.744 Executing VM operation: ChangeBreakpoints done
Event: 717.745 Executing VM operation: ChangeBreakpoints
Event: 717.746 Executing VM operation: ChangeBreakpoints done
Event: 717.747 Executing VM operation: ChangeBreakpoints
Event: 717.749 Executing VM operation: ChangeBreakpoints done
Event: 717.773 Executing VM operation: GetFrameCount
Event: 717.773 Executing VM operation: GetFrameCount done
Event: 717.773 Executing VM operation: GetFrameLocation
Event: 717.773 Executing VM operation: GetFrameLocation done
Event: 717.777 Executing VM operation: GetOrSetLocal


Dynamic libraries:
00400000-00401000 r-xp 00000000 08:05 9310391                            /usr/lib/jvm/java-9-oracle/bin/java
00600000-00601000 rw-p 00000000 08:05 9310391                            /usr/lib/jvm/java-9-oracle/bin/java
007cd000-007ee000 rw-p 00000000 00:00 0                                  [heap]
88600000-8fe00000 rw-p 00000000 00:00 0 
8fe00000-100000000 ---p 00000000 00:00 0 
100000000-100120000 rw-p 00000000 00:00 0 
100120000-140000000 ---p 00000000 00:00 0 
7fbda8000000-7fbda8021000 rw-p 00000000 00:00 0 
7fbda8021000-7fbdac000000 ---p 00000000 00:00 0 
7fbdb0000000-7fbdb0021000 rw-p 00000000 00:00 0 
7fbdb0021000-7fbdb4000000 ---p 00000000 00:00 0 
7fbdb4000000-7fbdb4021000 rw-p 00000000 00:00 0 
7fbdb4021000-7fbdb8000000 ---p 00000000 00:00 0 
7fbdb8000000-7fbdb8025000 rw-p 00000000 00:00 0 
7fbdb8025000-7fbdbc000000 ---p 00000000 00:00 0 
7fbdbc000000-7fbdbc024000 rw-p 00000000 00:00 0 
7fbdbc024000-7fbdc0000000 ---p 00000000 00:00 0 
7fbdc0000000-7fbdc0021000 rw-p 00000000 00:00 0 
7fbdc0021000-7fbdc4000000 ---p 00000000 00:00 0 
7fbdc4000000-7fbdc4021000 rw-p 00000000 00:00 0 
7fbdc4021000-7fbdc8000000 ---p 00000000 00:00 0 
7fbdc8000000-7fbdc825d000 rw-p 00000000 00:00 0 
7fbdc825d000-7fbdcc000000 ---p 00000000 00:00 0 
7fbdcc000000-7fbdcc230000 rw-p 00000000 00:00 0 
7fbdcc230000-7fbdd0000000 ---p 00000000 00:00 0 
7fbdd0000000-7fbdd0021000 rw-p 00000000 00:00 0 
7fbdd0021000-7fbdd4000000 ---p 00000000 00:00 0 
7fbdd4000000-7fbdd421c000 rw-p 00000000 00:00 0 
7fbdd421c000-7fbdd8000000 ---p 00000000 00:00 0 
7fbdd8000000-7fbdd8021000 rw-p 00000000 00:00 0 
7fbdd8021000-7fbddc000000 ---p 00000000 00:00 0 
7fbddc000000-7fbddc021000 rw-p 00000000 00:00 0 
7fbddc021000-7fbde0000000 ---p 00000000 00:00 0 
7fbde0000000-7fbde0067000 rw-p 00000000 00:00 0 
7fbde0067000-7fbde4000000 ---p 00000000 00:00 0 
7fbde4000000-7fbde4021000 rw-p 00000000 00:00 0 
7fbde4021000-7fbde8000000 ---p 00000000 00:00 0 
7fbde8b9d000-7fbde904b000 rw-p 00000000 00:00 0 
7fbde904b000-7fbde90cb000 ---p 00000000 00:00 0 
7fbde90cb000-7fbde90cc000 ---p 00000000 00:00 0 
7fbde90cc000-7fbde91cc000 rw-p 00000000 00:00 0 
7fbde91cc000-7fbde91d0000 ---p 00000000 00:00 0 
7fbde91d0000-7fbde92cd000 rw-p 00000000 00:00 0 
7fbde92cd000-7fbde92d1000 ---p 00000000 00:00 0 
7fbde92d1000-7fbde93ce000 rw-p 00000000 00:00 0 
7fbde93ce000-7fbde93d2000 ---p 00000000 00:00 0 
7fbde93d2000-7fbde94cf000 rw-p 00000000 00:00 0 
7fbde94cf000-7fbde94d3000 ---p 00000000 00:00 0 
7fbde94d3000-7fbde95d0000 rw-p 00000000 00:00 0 
7fbde95d0000-7fbde95d4000 r-xp 00000000 08:05 9309897                    /usr/lib/jvm/java-9-oracle/lib/libdt_socket.so
7fbde95d4000-7fbde97d3000 ---p 00004000 08:05 9309897                    /usr/lib/jvm/java-9-oracle/lib/libdt_socket.so
7fbde97d3000-7fbde97d4000 rw-p 00003000 08:05 9309897                    /usr/lib/jvm/java-9-oracle/lib/libdt_socket.so
7fbde97d4000-7fbde97d8000 ---p 00000000 00:00 0 
7fbde97d8000-7fbde98d5000 rw-p 00000000 00:00 0 
7fbde98d5000-7fbde98eb000 r-xp 00000000 08:05 9308406                    /usr/lib/jvm/java-9-oracle/lib/libnet.so
7fbde98eb000-7fbde9aeb000 ---p 00016000 08:05 9308406                    /usr/lib/jvm/java-9-oracle/lib/libnet.so
7fbde9aeb000-7fbde9aec000 rw-p 00016000 08:05 9308406                    /usr/lib/jvm/java-9-oracle/lib/libnet.so
7fbde9aec000-7fbde9afc000 r-xp 00000000 08:05 9308393                    /usr/lib/jvm/java-9-oracle/lib/libnio.so
7fbde9afc000-7fbde9cfc000 ---p 00010000 08:05 9308393                    /usr/lib/jvm/java-9-oracle/lib/libnio.so
7fbde9cfc000-7fbde9cfd000 rw-p 00010000 08:05 9308393                    /usr/lib/jvm/java-9-oracle/lib/libnio.so
7fbde9cfd000-7fbde9d01000 ---p 00000000 00:00 0 
7fbde9d01000-7fbde9dfe000 rw-p 00000000 00:00 0 
7fbde9dfe000-7fbde9e02000 ---p 00000000 00:00 0 
7fbde9e02000-7fbde9eff000 rw-p 00000000 00:00 0 
7fbde9eff000-7fbde9f03000 ---p 00000000 00:00 0 
7fbde9f03000-7fbdea000000 rw-p 00000000 00:00 0 
7fbdea000000-7fbdec000000 rwxp 00000000 00:00 0 
7fbdec000000-7fbdec021000 rw-p 00000000 00:00 0 
7fbdec021000-7fbdf0000000 ---p 00000000 00:00 0 
7fbdf002c000-7fbdf0030000 ---p 00000000 00:00 0 
7fbdf0030000-7fbdf012d000 rw-p 00000000 00:00 0 
7fbdf012d000-7fbdf0131000 ---p 00000000 00:00 0 
7fbdf0131000-7fbdf022e000 rw-p 00000000 00:00 0 
7fbdf022e000-7fbdf0232000 ---p 00000000 00:00 0 
7fbdf0232000-7fbdf032f000 rw-p 00000000 00:00 0 
7fbdf032f000-7fbdf0333000 ---p 00000000 00:00 0 
7fbdf0333000-7fbdf0610000 rw-p 00000000 00:00 0 
7fbdf0610000-7fbdf2218000 ---p 00000000 00:00 0 
7fbdf2218000-7fbdf23f8000 rw-p 00000000 00:00 0 
7fbdf23f8000-7fbdf4000000 ---p 00000000 00:00 0 
7fbdf4000000-7fbdf4021000 rw-p 00000000 00:00 0 
7fbdf4021000-7fbdf8000000 ---p 00000000 00:00 0 
7fbdf8000000-7fbdf8021000 rw-p 00000000 00:00 0 
7fbdf8021000-7fbdfc000000 ---p 00000000 00:00 0 
7fbdfc000000-7fbdfc021000 rw-p 00000000 00:00 0 
7fbdfc021000-7fbe00000000 ---p 00000000 00:00 0 
7fbe00000000-7fbe00021000 rw-p 00000000 00:00 0 
7fbe00021000-7fbe04000000 ---p 00000000 00:00 0 
7fbe04000000-7fbe04021000 rw-p 00000000 00:00 0 
7fbe04021000-7fbe08000000 ---p 00000000 00:00 0 
7fbe08000000-7fbe08021000 rw-p 00000000 00:00 0 
7fbe08021000-7fbe0c000000 ---p 00000000 00:00 0 
7fbe0c000000-7fbe0c021000 rw-p 00000000 00:00 0 
7fbe0c021000-7fbe10000000 ---p 00000000 00:00 0 
7fbe10000000-7fbe10021000 rw-p 00000000 00:00 0 
7fbe10021000-7fbe14000000 ---p 00000000 00:00 0 
7fbe14000000-7fbe14021000 rw-p 00000000 00:00 0 
7fbe14021000-7fbe18000000 ---p 00000000 00:00 0 
7fbe18034000-7fbe18035000 ---p 00000000 00:00 0 
7fbe18035000-7fbe18a06000 rw-p 00000000 00:00 0 
7fbe18a06000-7fbe18e0a000 rw-p 00000000 00:00 0 
7fbe18e0a000-7fbe18e0b000 ---p 00000000 00:00 0 
7fbe18e0b000-7fbe18f0b000 rw-p 00000000 00:00 0 
7fbe18f0b000-7fbe18f0c000 ---p 00000000 00:00 0 
7fbe18f0c000-7fbe19048000 rw-p 00000000 00:00 0 
7fbe19048000-7fbe193c9000 ---p 00000000 00:00 0 
7fbe193c9000-7fbe19405000 rw-p 00000000 00:00 0 
7fbe19405000-7fbe19b43000 ---p 00000000 00:00 0 
7fbe19b43000-7fbe19db3000 rwxp 00000000 00:00 0 
7fbe19db3000-7fbe1a0d3000 ---p 00000000 00:00 0 
7fbe1a0d3000-7fbe1a343000 rwxp 00000000 00:00 0 
7fbe1a343000-7fbe2160b000 ---p 00000000 00:00 0 
7fbe2160b000-7fbe2187b000 rwxp 00000000 00:00 0 
7fbe2187b000-7fbe28b43000 ---p 00000000 00:00 0 
7fbe28b43000-7fbe34000000 r--s 00000000 08:05 9308212                    /usr/lib/jvm/java-9-oracle/lib/modules
7fbe34000000-7fbe3449e000 rw-p 00000000 00:00 0 
7fbe3449e000-7fbe38000000 ---p 00000000 00:00 0 
7fbe3802f000-7fbe3806b000 rw-p 00000000 00:00 0 
7fbe3806b000-7fbe383ec000 ---p 00000000 00:00 0 
7fbe383ec000-7fbe383ed000 ---p 00000000 00:00 0 
7fbe383ed000-7fbe384ed000 rw-p 00000000 00:00 0 
7fbe384ed000-7fbe384ee000 ---p 00000000 00:00 0 
7fbe384ee000-7fbe385ee000 rw-p 00000000 00:00 0 
7fbe385ee000-7fbe385ef000 ---p 00000000 00:00 0 
7fbe385ef000-7fbe386ef000 rw-p 00000000 00:00 0 
7fbe386ef000-7fbe386f0000 ---p 00000000 00:00 0 
7fbe386f0000-7fbe387f0000 rw-p 00000000 00:00 0 
7fbe387f0000-7fbe387f1000 ---p 00000000 00:00 0 
7fbe387f1000-7fbe38cf5000 rw-p 00000000 00:00 0 
7fbe38cf5000-7fbe38cf6000 ---p 00000000 00:00 0 
7fbe38cf6000-7fbe38df6000 rw-p 00000000 00:00 0 
7fbe38df6000-7fbe38df7000 ---p 00000000 00:00 0 
7fbe38df7000-7fbe38ef7000 rw-p 00000000 00:00 0 
7fbe38ef7000-7fbe38ef8000 ---p 00000000 00:00 0 
7fbe38ef8000-7fbe38ff8000 rw-p 00000000 00:00 0 
7fbe38ff8000-7fbe38ff9000 ---p 00000000 00:00 0 
7fbe38ff9000-7fbe390fe000 rw-p 00000000 00:00 0 
7fbe390fe000-7fbe391e4000 ---p 00000000 00:00 0 
7fbe391e4000-7fbe391e9000 rw-p 00000000 00:00 0 
7fbe391e9000-7fbe392cf000 ---p 00000000 00:00 0 
7fbe392cf000-7fbe392e9000 r-xp 00000000 08:05 9308194                    /usr/lib/jvm/java-9-oracle/lib/libjimage.so
7fbe392e9000-7fbe394e8000 ---p 0001a000 08:05 9308194                    /usr/lib/jvm/java-9-oracle/lib/libjimage.so
7fbe394e8000-7fbe394ea000 rw-p 00019000 08:05 9308194                    /usr/lib/jvm/java-9-oracle/lib/libjimage.so
7fbe394ea000-7fbe394fc000 rw-p 00000000 00:00 0 
7fbe394fc000-7fbe39503000 r-xp 00000000 08:05 9308381                    /usr/lib/jvm/java-9-oracle/lib/libzip.so
7fbe39503000-7fbe39702000 ---p 00007000 08:05 9308381                    /usr/lib/jvm/java-9-oracle/lib/libzip.so
7fbe39702000-7fbe39703000 rw-p 00006000 08:05 9308381                    /usr/lib/jvm/java-9-oracle/lib/libzip.so
7fbe39703000-7fbe3970d000 r-xp 00000000 08:05 9044447                    /lib/x86_64-linux-gnu/libnss_files-2.19.so
7fbe3970d000-7fbe3990c000 ---p 0000a000 08:05 9044447                    /lib/x86_64-linux-gnu/libnss_files-2.19.so
7fbe3990c000-7fbe3990d000 r--p 00009000 08:05 9044447                    /lib/x86_64-linux-gnu/libnss_files-2.19.so
7fbe3990d000-7fbe3990e000 rw-p 0000a000 08:05 9044447                    /lib/x86_64-linux-gnu/libnss_files-2.19.so
7fbe3990e000-7fbe39919000 r-xp 00000000 08:05 9044459                    /lib/x86_64-linux-gnu/libnss_nis-2.19.so
7fbe39919000-7fbe39b18000 ---p 0000b000 08:05 9044459                    /lib/x86_64-linux-gnu/libnss_nis-2.19.so
7fbe39b18000-7fbe39b19000 r--p 0000a000 08:05 9044459                    /lib/x86_64-linux-gnu/libnss_nis-2.19.so
7fbe39b19000-7fbe39b1a000 rw-p 0000b000 08:05 9044459                    /lib/x86_64-linux-gnu/libnss_nis-2.19.so
7fbe39b1a000-7fbe39b31000 r-xp 00000000 08:05 9044474                    /lib/x86_64-linux-gnu/libnsl-2.19.so
7fbe39b31000-7fbe39d30000 ---p 00017000 08:05 9044474                    /lib/x86_64-linux-gnu/libnsl-2.19.so
7fbe39d30000-7fbe39d31000 r--p 00016000 08:05 9044474                    /lib/x86_64-linux-gnu/libnsl-2.19.so
7fbe39d31000-7fbe39d32000 rw-p 00017000 08:05 9044474                    /lib/x86_64-linux-gnu/libnsl-2.19.so
7fbe39d32000-7fbe39d34000 rw-p 00000000 00:00 0 
7fbe39d34000-7fbe39d3d000 r-xp 00000000 08:05 9044461                    /lib/x86_64-linux-gnu/libnss_compat-2.19.so
7fbe39d3d000-7fbe39f3c000 ---p 00009000 08:05 9044461                    /lib/x86_64-linux-gnu/libnss_compat-2.19.so
7fbe39f3c000-7fbe39f3d000 r--p 00008000 08:05 9044461                    /lib/x86_64-linux-gnu/libnss_compat-2.19.so
7fbe39f3d000-7fbe39f3e000 rw-p 00009000 08:05 9044461                    /lib/x86_64-linux-gnu/libnss_compat-2.19.so
7fbe39f3e000-7fbe3a620000 r--p 00000000 08:05 8264582                    /usr/lib/locale/locale-archive
7fbe3a620000-7fbe3a62a000 r-xp 00000000 08:05 9308195                    /usr/lib/jvm/java-9-oracle/lib/libinstrument.so
7fbe3a62a000-7fbe3a829000 ---p 0000a000 08:05 9308195                    /usr/lib/jvm/java-9-oracle/lib/libinstrument.so
7fbe3a829000-7fbe3a82a000 rw-p 00009000 08:05 9308195                    /usr/lib/jvm/java-9-oracle/lib/libinstrument.so
7fbe3a82a000-7fbe3a865000 r-xp 00000000 08:05 9310371                    /usr/lib/jvm/java-9-oracle/lib/libjdwp.so
7fbe3a865000-7fbe3aa64000 ---p 0003b000 08:05 9310371                    /usr/lib/jvm/java-9-oracle/lib/libjdwp.so
7fbe3aa64000-7fbe3aa65000 rw-p 0003a000 08:05 9310371                    /usr/lib/jvm/java-9-oracle/lib/libjdwp.so
7fbe3aa65000-7fbe3aa66000 rw-p 00000000 00:00 0 
7fbe3aa66000-7fbe3aa91000 r-xp 00000000 08:05 9308388                    /usr/lib/jvm/java-9-oracle/lib/libjava.so
7fbe3aa91000-7fbe3ac90000 ---p 0002b000 08:05 9308388                    /usr/lib/jvm/java-9-oracle/lib/libjava.so
7fbe3ac90000-7fbe3ac92000 rw-p 0002a000 08:05 9308388                    /usr/lib/jvm/java-9-oracle/lib/libjava.so
7fbe3ac92000-7fbe3ac9f000 r-xp 00000000 08:05 9308214                    /usr/lib/jvm/java-9-oracle/lib/libverify.so
7fbe3ac9f000-7fbe3ae9e000 ---p 0000d000 08:05 9308214                    /usr/lib/jvm/java-9-oracle/lib/libverify.so
7fbe3ae9e000-7fbe3aea0000 rw-p 0000c000 08:05 9308214                    /usr/lib/jvm/java-9-oracle/lib/libverify.so
7fbe3aea0000-7fbe3aea7000 r-xp 00000000 08:05 9044472                    /lib/x86_64-linux-gnu/librt-2.19.so
7fbe3aea7000-7fbe3b0a6000 ---p 00007000 08:05 9044472                    /lib/x86_64-linux-gnu/librt-2.19.so
7fbe3b0a6000-7fbe3b0a7000 r--p 00006000 08:05 9044472                    /lib/x86_64-linux-gnu/librt-2.19.so
7fbe3b0a7000-7fbe3b0a8000 rw-p 00007000 08:05 9044472                    /lib/x86_64-linux-gnu/librt-2.19.so
7fbe3b0a8000-7fbe3b1ad000 r-xp 00000000 08:05 9044463                    /lib/x86_64-linux-gnu/libm-2.19.so
7fbe3b1ad000-7fbe3b3ac000 ---p 00105000 08:05 9044463                    /lib/x86_64-linux-gnu/libm-2.19.so
7fbe3b3ac000-7fbe3b3ad000 r--p 00104000 08:05 9044463                    /lib/x86_64-linux-gnu/libm-2.19.so
7fbe3b3ad000-7fbe3b3ae000 rw-p 00105000 08:05 9044463                    /lib/x86_64-linux-gnu/libm-2.19.so
7fbe3b3ae000-7fbe3c3c3000 r-xp 00000000 08:05 11016043                   /usr/lib/jvm/java-9-oracle/lib/server/libjvm.so
7fbe3c3c3000-7fbe3c5c2000 ---p 01015000 08:05 11016043                   /usr/lib/jvm/java-9-oracle/lib/server/libjvm.so
7fbe3c5c2000-7fbe3c693000 r--p 01014000 08:05 11016043                   /usr/lib/jvm/java-9-oracle/lib/server/libjvm.so
7fbe3c693000-7fbe3c6ca000 rw-p 010e5000 08:05 11016043                   /usr/lib/jvm/java-9-oracle/lib/server/libjvm.so
7fbe3c6ca000-7fbe3c733000 rw-p 00000000 00:00 0 
7fbe3c733000-7fbe3c8f1000 r-xp 00000000 08:05 9044479                    /lib/x86_64-linux-gnu/libc-2.19.so
7fbe3c8f1000-7fbe3caf1000 ---p 001be000 08:05 9044479                    /lib/x86_64-linux-gnu/libc-2.19.so
7fbe3caf1000-7fbe3caf5000 r--p 001be000 08:05 9044479                    /lib/x86_64-linux-gnu/libc-2.19.so
7fbe3caf5000-7fbe3caf7000 rw-p 001c2000 08:05 9044479                    /lib/x86_64-linux-gnu/libc-2.19.so
7fbe3caf7000-7fbe3cafc000 rw-p 00000000 00:00 0 
7fbe3cafc000-7fbe3caff000 r-xp 00000000 08:05 9044475                    /lib/x86_64-linux-gnu/libdl-2.19.so
7fbe3caff000-7fbe3ccfe000 ---p 00003000 08:05 9044475                    /lib/x86_64-linux-gnu/libdl-2.19.so
7fbe3ccfe000-7fbe3ccff000 r--p 00002000 08:05 9044475                    /lib/x86_64-linux-gnu/libdl-2.19.so
7fbe3ccff000-7fbe3cd00000 rw-p 00003000 08:05 9044475                    /lib/x86_64-linux-gnu/libdl-2.19.so
7fbe3cd00000-7fbe3cd0e000 r-xp 00000000 08:05 11016047                   /usr/lib/jvm/java-9-oracle/lib/jli/libjli.so
7fbe3cd0e000-7fbe3cf0e000 ---p 0000e000 08:05 11016047                   /usr/lib/jvm/java-9-oracle/lib/jli/libjli.so
7fbe3cf0e000-7fbe3cf0f000 rw-p 0000e000 08:05 11016047                   /usr/lib/jvm/java-9-oracle/lib/jli/libjli.so
7fbe3cf0f000-7fbe3cf28000 r-xp 00000000 08:05 9044471                    /lib/x86_64-linux-gnu/libpthread-2.19.so
7fbe3cf28000-7fbe3d127000 ---p 00019000 08:05 9044471                    /lib/x86_64-linux-gnu/libpthread-2.19.so
7fbe3d127000-7fbe3d128000 r--p 00018000 08:05 9044471                    /lib/x86_64-linux-gnu/libpthread-2.19.so
7fbe3d128000-7fbe3d129000 rw-p 00019000 08:05 9044471                    /lib/x86_64-linux-gnu/libpthread-2.19.so
7fbe3d129000-7fbe3d12d000 rw-p 00000000 00:00 0 
7fbe3d12d000-7fbe3d145000 r-xp 00000000 08:05 9048643                    /lib/x86_64-linux-gnu/libz.so.1.2.8
7fbe3d145000-7fbe3d344000 ---p 00018000 08:05 9048643                    /lib/x86_64-linux-gnu/libz.so.1.2.8
7fbe3d344000-7fbe3d345000 r--p 00017000 08:05 9048643                    /lib/x86_64-linux-gnu/libz.so.1.2.8
7fbe3d345000-7fbe3d346000 rw-p 00018000 08:05 9048643                    /lib/x86_64-linux-gnu/libz.so.1.2.8
7fbe3d346000-7fbe3d369000 r-xp 00000000 08:05 9044466                    /lib/x86_64-linux-gnu/ld-2.19.so
7fbe3d386000-7fbe3d38d000 r--s 00000000 08:05 8660295                    /usr/lib/x86_64-linux-gnu/gconv/gconv-modules.cache
7fbe3d38d000-7fbe3d445000 rw-p 00000000 00:00 0 
7fbe3d445000-7fbe3d44a000 ---p 00000000 00:00 0 
7fbe3d44a000-7fbe3d54b000 rw-p 00000000 00:00 0 
7fbe3d54e000-7fbe3d555000 rw-p 00000000 00:00 0 
7fbe3d555000-7fbe3d55c000 ---p 00000000 00:00 0 
7fbe3d55c000-7fbe3d55e000 r--s 00001000 08:05 1840677                    /opt/intellij-idea-community/lib/rt/debugger-agent-storage.jar
7fbe3d55e000-7fbe3d566000 rw-s 00000000 08:05 1841810                    /tmp/hsperfdata_noah/6612
7fbe3d566000-7fbe3d567000 rw-p 00000000 00:00 0 
7fbe3d567000-7fbe3d568000 ---p 00000000 00:00 0 
7fbe3d568000-7fbe3d569000 r--p 00022000 08:05 9044466                    /lib/x86_64-linux-gnu/ld-2.19.so
7fbe3d569000-7fbe3d56a000 rw-p 00023000 08:05 9044466                    /lib/x86_64-linux-gnu/ld-2.19.so
7fbe3d56a000-7fbe3d56b000 rw-p 00000000 00:00 0 
7ffe3bafa000-7ffe3bb1c000 rw-p 00000000 00:00 0                          [stack]
7ffe3bb93000-7ffe3bb95000 r--p 00000000 00:00 0                          [vvar]
7ffe3bb95000-7ffe3bb97000 r-xp 00000000 00:00 0                          [vdso]
ffffffffff600000-ffffffffff601000 r-xp 00000000 00:00 0                  [vsyscall]

VM Arguments:
jvm_args: -agentlib:jdwp=transport=dt_socket,address=127.0.0.1:41618,suspend=y,server=n -ea -Didea.test.cyclic.buffer.size=1048576 -javaagent:/opt/intellij-idea-community/lib/rt/debugger-agent.jar=/tmp/capture.props -Dfile.encoding=UTF-8 
java_command: com.intellij.rt.execution.junit.JUnitStarter -ideVersion5 -junit5 SkylineTest
java_class_path (initial): /opt/intellij-idea-community/lib/idea_rt.jar:/opt/intellij-idea-community/plugins/junit/lib/junit-rt.jar:/opt/intellij-idea-community/plugins/junit/lib/junit5-rt.jar:/home/noah/.m2/repository/org/junit/platform/junit-platform-launcher/1.0.0/junit-platform-launcher-1.0.0.jar:/home/noah/.m2/repository/org/apiguardian/apiguardian-api/1.0.0/apiguardian-api-1.0.0.jar:/home/noah/.m2/repository/org/junit/platform/junit-platform-engine/1.0.0/junit-platform-engine-1.0.0.jar:/home/noah/.m2/repository/org/junit/platform/junit-platform-commons/1.0.0/junit-platform-commons-1.0.0.jar:/home/noah/.m2/repository/org/opentest4j/opentest4j/1.0.0/opentest4j-1.0.0.jar:/home/noah/.m2/repository/org/junit/jupiter/junit-jupiter-engine/5.0.0/junit-jupiter-engine-5.0.0.jar:/home/noah/.m2/repository/org/junit/jupiter/junit-jupiter-api/5.0.0/junit-jupiter-api-5.0.0.jar:/home/noah/DSA-18/sorting/day00/test/production/production/sorting:/opt/intellij-idea-community/lib/groovy-all-2.4.12.jar
Launcher Type: SUN_STANDARD

Logging:
Log output configuration:
#0: stdout all=warning uptime,level,tags
#1: stderr all=off uptime,level,tags

Environment Variables:
JAVA_HOME=/usr/lib/jvm/java-9-oracle
PATH=/usr/local/sbin:/usr/local/bin:/usr/sbin:/usr/bin:/sbin:/bin:/usr/games:/usr/local/games:/usr/lib/jvm/java-9-oracle/bin:/usr/lib/jvm/java-9-oracle/db/bin
SHELL=/bin/bash
DISPLAY=:0

Signal Handlers:
SIGSEGV: [libjvm.so+0xd4d370], sa_mask[0]=11111111011111111101111111111110, sa_flags=SA_RESTART|SA_SIGINFO
SIGBUS: [libjvm.so+0xd4d370], sa_mask[0]=11111111011111111101111111111110, sa_flags=SA_RESTART|SA_SIGINFO
SIGFPE: [libjvm.so+0xd4d370], sa_mask[0]=11111111011111111101111111111110, sa_flags=SA_RESTART|SA_SIGINFO
SIGPIPE: [libjvm.so+0xb64780], sa_mask[0]=11111111011111111101111111111110, sa_flags=SA_RESTART|SA_SIGINFO
SIGXFSZ: [libjvm.so+0xb64780], sa_mask[0]=11111111011111111101111111111110, sa_flags=SA_RESTART|SA_SIGINFO
SIGILL: [libjvm.so+0xd4d370], sa_mask[0]=11111111011111111101111111111110, sa_flags=SA_RESTART|SA_SIGINFO
SIGUSR2: [libjvm.so+0xb64640], sa_mask[0]=00100000000000000000000000000000, sa_flags=SA_RESTART|SA_SIGINFO
SIGHUP: [libjvm.so+0xb64850], sa_mask[0]=11111111011111111101111111111110, sa_flags=SA_RESTART|SA_SIGINFO
SIGINT: [libjvm.so+0xb64850], sa_mask[0]=11111111011111111101111111111110, sa_flags=SA_RESTART|SA_SIGINFO
SIGTERM: [libjvm.so+0xb64850], sa_mask[0]=11111111011111111101111111111110, sa_flags=SA_RESTART|SA_SIGINFO
SIGQUIT: [libjvm.so+0xb64850], sa_mask[0]=11111111011111111101111111111110, sa_flags=SA_RESTART|SA_SIGINFO


---------------  S Y S T E M  ---------------

OS:DISTRIB_ID=Ubuntu
DISTRIB_RELEASE=14.04
DISTRIB_CODENAME=trusty
DISTRIB_DESCRIPTION="Ubuntu 14.04.5 LTS"
uname:Linux 4.4.0-96-generic #119~14.04.1-Ubuntu SMP Wed Sep 13 08:40:48 UTC 2017 x86_64
libc:glibc 2.19 NPTL 2.19 
rlimit: STACK 8192k, CORE 0k, NPROC 30505, NOFILE 4096, AS infinity
load average:1.09 0.69 0.54

/proc/meminfo:
MemTotal:        7834656 kB
MemFree:         2113776 kB
MemAvailable:    3674848 kB
Buffers:          246744 kB
Cached:          1984540 kB
SwapCached:            0 kB
Active:          4119112 kB
Inactive:        1218884 kB
Active(anon):    3115780 kB
Inactive(anon):   525736 kB
Active(file):    1003332 kB
Inactive(file):   693148 kB
Unevictable:         288 kB
Mlocked:             288 kB
SwapTotal:       8042492 kB
SwapFree:        8042492 kB
Dirty:              7936 kB
Writeback:             0 kB
AnonPages:       3107072 kB
Mapped:           702324 kB
Shmem:            534808 kB
Slab:             214352 kB
SReclaimable:     172444 kB
SUnreclaim:        41908 kB
KernelStack:       14384 kB
PageTables:        55260 kB
NFS_Unstable:          0 kB
Bounce:                0 kB
WritebackTmp:          0 kB
CommitLimit:    11959820 kB
Committed_AS:   10386184 kB
VmallocTotal:   34359738367 kB
VmallocUsed:           0 kB
VmallocChunk:          0 kB
HardwareCorrupted:     0 kB
AnonHugePages:   1390592 kB
CmaTotal:              0 kB
CmaFree:               0 kB
HugePages_Total:       0
HugePages_Free:        0
HugePages_Rsvd:        0
HugePages_Surp:        0
Hugepagesize:       2048 kB
DirectMap4k:      183768 kB
DirectMap2M:     5763072 kB
DirectMap1G:     3145728 kB


CPU:total 4 (initial active 4) (2 cores per cpu, 2 threads per core) family 6 model 78 stepping 3, cmov, cx8, fxsr, mmx, sse, sse2, sse3, ssse3, sse4.1, sse4.2, popcnt, avx, avx2, aes, clmul, erms, rtm, 3dnowpref, lzcnt, ht, tsc, tscinvbit, bmi1, bmi2, adx, fma
CPU Model and flags from /proc/cpuinfo:
model name	: Intel(R) Core(TM) i7-6600U CPU @ 2.60GHz
flags		: fpu vme de pse tsc msr pae mce cx8 apic sep mtrr pge mca cmov pat pse36 clflush dts acpi mmx fxsr sse sse2 ss ht tm pbe syscall nx pdpe1gb rdtscp lm constant_tsc art arch_perfmon pebs bts rep_good nopl xtopology nonstop_tsc aperfmperf eagerfpu pni pclmulqdq dtes64 monitor ds_cpl vmx smx est tm2 ssse3 sdbg fma cx16 xtpr pdcm pcid sse4_1 sse4_2 x2apic movbe popcnt tsc_deadline_timer aes xsave avx f16c rdrand lahf_lm abm 3dnowprefetch epb intel_pt tpr_shadow vnmi flexpriority ept vpid fsgsbase tsc_adjust bmi1 hle avx2 smep bmi2 erms invpcid rtm mpx rdseed adx smap clflushopt xsaveopt xsavec xgetbv1 dtherm ida arat pln pts hwp hwp_notify hwp_act_window hwp_epp

Memory: 4k page, physical 7834656k(2113776k free), swap 8042492k(8042492k free)

vm_info: Java HotSpot(TM) 64-Bit Server VM (9.0.4+11) for linux-amd64 JRE (9.0.4+11), built on Dec 19 2017 18:12:19 by "mach5one" with gcc 4.9.2

END.
